Copyright 1986-2021 Xilinx, Inc. All Rights Reserved.
------------------------------------------------------------------------------------------------------------------------------------------
| Tool Version : Vivado v.2021.2 (win64) Build 3367213 Tue Oct 19 02:48:09 MDT 2021
| Date         : Wed Mar 16 14:00:21 2022
| Host         : DESKTOP-IFL7HB3 running 64-bit major release  (build 9200)
| Command      : report_drc -file design_1_wrapper_drc_routed.rpt -pb design_1_wrapper_drc_routed.pb -rpx design_1_wrapper_drc_routed.rpx
| Design       : design_1_wrapper
| Device       : xc7z020clg484-1
| Speed File   : -1
| Design State : Fully Routed
------------------------------------------------------------------------------------------------------------------------------------------

Report DRC

Table of Contents
-----------------
1. REPORT SUMMARY
2. REPORT DETAILS

1. REPORT SUMMARY
-----------------
            Netlist: netlist
          Floorplan: design_1
      Design limits: <entire design considered>
           Ruledeck: default
             Max violations: <unlimited>
             Violations found: 1
+--------+----------+------------------+------------+
| Rule   | Severity | Description      | Violations |
+--------+----------+------------------+------------+
| DPIP-1 | Warning  | Input pipelining | 1          |
+--------+----------+------------------+------------+

2. REPORT DETAILS
-----------------
DPIP-1#1 Warning
Input pipelining  
DSP design_1_i/nnlayer_0/inst/grp_nnlayer_Pipeline_VITIS_LOOP_37_2_VITIS_LOOP_39_3_fu_98/mac_muladd_16s_16s_24ns_24_4_1_U4/nnlayer_mac_muladd_16s_16s_24ns_24_4_1_DSP48_0_U/p_reg_reg input design_1_i/nnlayer_0/inst/grp_nnlayer_Pipeline_VITIS_LOOP_37_2_VITIS_LOOP_39_3_fu_98/mac_muladd_16s_16s_24ns_24_4_1_U4/nnlayer_mac_muladd_16s_16s_24ns_24_4_1_DSP48_0_U/p_reg_reg/C[47:0] is not pipelined. Pipelining DSP48 input will improve performance.
Related violations: <none>


