

================================================================
== Vitis HLS Report for 'nnlayer_Pipeline_VITIS_LOOP_116_1'
================================================================
* Date:           Tue Apr 12 22:38:32 2022

* Version:        2021.2 (Build 3367213 on Tue Oct 19 02:48:09 MDT 2021)
* Project:        Neuron_1
* Solution:       solution1 (Vivado IP Flow Target)
* Product family: zynq
* Target device:  xc7z020-clg484-1


================================================================
== Performance Estimates
================================================================
+ Timing: 
    * Summary: 
    +--------+----------+----------+------------+
    |  Clock |  Target  | Estimated| Uncertainty|
    +--------+----------+----------+------------+
    |ap_clk  |  10.00 ns|  6.508 ns|     1.25 ns|
    +--------+----------+----------+------------+

+ Latency: 
    * Summary: 
    +---------+---------+-----------+----------+-----+-----+---------+
    |  Latency (cycles) |  Latency (absolute)  |  Interval | Pipeline|
    |   min   |   max   |    min    |    max   | min | max |   Type  |
    +---------+---------+-----------+----------+-----+-----+---------+
    |        2|      257|  20.000 ns|  2.570 us|    2|  257|       no|
    +---------+---------+-----------+----------+-----+-----+---------+

    + Detail: 
        * Instance: 
        N/A

        * Loop: 
        +--------------------+---------+---------+----------+-----------+-----------+---------+----------+
        |                    |  Latency (cycles) | Iteration|  Initiation Interval  |   Trip  |          |
        |      Loop Name     |   min   |   max   |  Latency |  achieved |   target  |  Count  | Pipelined|
        +--------------------+---------+---------+----------+-----------+-----------+---------+----------+
        |- VITIS_LOOP_116_1  |        0|      255|         2|          1|          1|  0 ~ 255|       yes|
        +--------------------+---------+---------+----------+-----------+-----------+---------+----------+



================================================================
== Utilization Estimates
================================================================
* Summary: 
+-----------------+---------+-----+--------+-------+-----+
|       Name      | BRAM_18K| DSP |   FF   |  LUT  | URAM|
+-----------------+---------+-----+--------+-------+-----+
|DSP              |        -|    -|       -|      -|    -|
|Expression       |        -|    -|       0|     28|    -|
|FIFO             |        -|    -|       -|      -|    -|
|Instance         |        -|    -|       -|      -|    -|
|Memory           |        -|    -|       -|      -|    -|
|Multiplexer      |        -|    -|       -|     36|    -|
|Register         |        -|    -|      19|      -|    -|
+-----------------+---------+-----+--------+-------+-----+
|Total            |        0|    0|      19|     64|    0|
+-----------------+---------+-----+--------+-------+-----+
|Available        |      280|  220|  106400|  53200|    0|
+-----------------+---------+-----+--------+-------+-----+
|Utilization (%)  |        0|    0|      ~0|     ~0|    0|
+-----------------+---------+-----+--------+-------+-----+

+ Detail: 
    * Instance: 
    N/A

    * DSP: 
    N/A

    * Memory: 
    N/A

    * FIFO: 
    N/A

    * Expression: 
    +---------------------+----------+----+---+----+------------+------------+
    |    Variable Name    | Operation| DSP| FF| LUT| Bitwidth P0| Bitwidth P1|
    +---------------------+----------+----+---+----+------------+------------+
    |i_7_fu_97_p2         |         +|   0|  0|  15|           8|           1|
    |icmp_ln116_fu_91_p2  |      icmp|   0|  0|  11|           8|           8|
    |ap_enable_pp0        |       xor|   0|  0|   2|           1|           2|
    +---------------------+----------+----+---+----+------------+------------+
    |Total                |          |   0|  0|  28|          17|          11|
    +---------------------+----------+----+---+----+------------+------------+

    * Multiplexer: 
    +-------------------------+----+-----------+-----+-----------+
    |           Name          | LUT| Input Size| Bits| Total Bits|
    +-------------------------+----+-----------+-----+-----------+
    |ap_done_int              |   9|          2|    1|          2|
    |ap_enable_reg_pp0_iter1  |   9|          2|    1|          2|
    |ap_sig_allocacmp_i       |   9|          2|    8|         16|
    |i_1_fu_46                |   9|          2|    8|         16|
    +-------------------------+----+-----------+-----+-----------+
    |Total                    |  36|          8|   18|         36|
    +-------------------------+----+-----------+-----+-----------+

    * Register: 
    +-------------------------+---+----+-----+-----------+
    |           Name          | FF| LUT| Bits| Const Bits|
    +-------------------------+---+----+-----+-----------+
    |ap_CS_fsm                |  1|   0|    1|          0|
    |ap_done_reg              |  1|   0|    1|          0|
    |ap_enable_reg_pp0_iter1  |  1|   0|    1|          0|
    |i_1_fu_46                |  8|   0|    8|          0|
    |zext_ln118_reg_123       |  8|   0|   64|         56|
    +-------------------------+---+----+-----+-----------+
    |Total                    | 19|   0|   75|         56|
    +-------------------------+---+----+-----+-----------+



================================================================
== Interface
================================================================
* Summary: 
+--------------------+-----+-----+------------+-----------------------------------+--------------+
|      RTL Ports     | Dir | Bits|  Protocol  |           Source Object           |    C Type    |
+--------------------+-----+-----+------------+-----------------------------------+--------------+
|ap_clk              |   in|    1|  ap_ctrl_hs|  nnlayer_Pipeline_VITIS_LOOP_116_1|  return value|
|ap_rst              |   in|    1|  ap_ctrl_hs|  nnlayer_Pipeline_VITIS_LOOP_116_1|  return value|
|ap_start            |   in|    1|  ap_ctrl_hs|  nnlayer_Pipeline_VITIS_LOOP_116_1|  return value|
|ap_done             |  out|    1|  ap_ctrl_hs|  nnlayer_Pipeline_VITIS_LOOP_116_1|  return value|
|ap_idle             |  out|    1|  ap_ctrl_hs|  nnlayer_Pipeline_VITIS_LOOP_116_1|  return value|
|ap_ready            |  out|    1|  ap_ctrl_hs|  nnlayer_Pipeline_VITIS_LOOP_116_1|  return value|
|numOfOutputNeurons  |   in|    8|     ap_none|                 numOfOutputNeurons|        scalar|
|output_r_address0   |  out|    7|   ap_memory|                           output_r|         array|
|output_r_ce0        |  out|    1|   ap_memory|                           output_r|         array|
|output_r_we0        |  out|    1|   ap_memory|                           output_r|         array|
|output_r_d0         |  out|   16|   ap_memory|                           output_r|         array|
|output_V_address0   |  out|    7|   ap_memory|                           output_V|         array|
|output_V_ce0        |  out|    1|   ap_memory|                           output_V|         array|
|output_V_q0         |   in|   16|   ap_memory|                           output_V|         array|
+--------------------+-----+-----+------------+-----------------------------------+--------------+

