

================================================================
== Vitis HLS Report for 'nnlayer_Pipeline_VITIS_LOOP_30_1'
================================================================
* Date:           Tue May 10 10:12:17 2022

* Version:        2021.2 (Build 3367213 on Tue Oct 19 02:48:09 MDT 2021)
* Project:        HLS_Project
* Solution:       solution1 (Vivado IP Flow Target)
* Product family: zynq
* Target device:  xc7z020-clg484-1


================================================================
== Performance Estimates
================================================================
+ Timing: 
    * Summary: 
    +--------+----------+----------+------------+
    |  Clock |  Target  | Estimated| Uncertainty|
    +--------+----------+----------+------------+
    |ap_clk  |  10.00 ns|  7.408 ns|     1.25 ns|
    +--------+----------+----------+------------+

+ Latency: 
    * Summary: 
    +---------+---------+----------+----------+-----+-----+---------+
    |  Latency (cycles) |  Latency (absolute) |  Interval | Pipeline|
    |   min   |   max   |    min   |    max   | min | max |   Type  |
    +---------+---------+----------+----------+-----+-----+---------+
    |        ?|        ?|         ?|         ?|    ?|    ?|       no|
    +---------+---------+----------+----------+-----+-----+---------+

    + Detail: 
        * Instance: 
        N/A

        * Loop: 
        +-------------------+---------+---------+----------+-----------+-----------+------+----------+
        |                   |  Latency (cycles) | Iteration|  Initiation Interval  | Trip |          |
        |     Loop Name     |   min   |   max   |  Latency |  achieved |   target  | Count| Pipelined|
        +-------------------+---------+---------+----------+-----------+-----------+------+----------+
        |- VITIS_LOOP_30_1  |        ?|        ?|        31|          1|          1|     ?|       yes|
        +-------------------+---------+---------+----------+-----------+-----------+------+----------+

============================================================
+ Verbose Summary: Synthesis Manager
============================================================
InlineROM: 1
ExposeGlobal: 0
============================================================
+ Verbose Summary: CDFG Model
============================================================
IsTopModel: 0
ResetActiveHigh: 1
IsCombinational: 0
IsDatapathOnly: 0
HasWiredReturn: 1
HasMFsm: 2
HasVarLatency: 1
IsPipeline: 0
IsRtlPipelined: 0
IsInstanceOverlapped: 0
IsDontTouch: 0
HasImplIP: 0
IsGatedGlobalClock: 0

+ Individual pipeline summary: 
  * Pipeline-0: initiation interval (II) = 1, depth = 31


============================================================
+ Verbose Summary: Schedule
============================================================
* Number of FSM states : 31
* Pipeline : 1
  Pipeline-0 : II = 1, D = 31, States = { 1 2 3 4 5 6 7 8 9 10 11 12 13 14 15 16 17 18 19 20 21 22 23 24 25 26 27 28 29 30 31 }
* Dataflow Pipeline: 0

* FSM state transitions: 
1 --> 2 
2 --> 3 
3 --> 4 
4 --> 5 
5 --> 6 
6 --> 7 
7 --> 8 
8 --> 9 
9 --> 10 
10 --> 11 
11 --> 12 
12 --> 13 
13 --> 14 
14 --> 15 
15 --> 16 
16 --> 17 
17 --> 18 
18 --> 19 
19 --> 20 
20 --> 21 
21 --> 22 
22 --> 23 
23 --> 24 
24 --> 25 
25 --> 26 
26 --> 27 
27 --> 28 
28 --> 29 
29 --> 30 
30 --> 31 
31 --> 

* FSM state operations: 

State 1 <SV = 0> <Delay = 4.01>
ST_1 : Operation 34 [1/1] (0.00ns)   --->   "%i_4 = alloca i32 1"   --->   Operation 34 'alloca' 'i_4' <Predicate = true> <Delay = 0.00>
ST_1 : Operation 35 [1/1] (0.00ns)   --->   "%specmemcore_ln0 = specmemcore void @_ssdm_op_SpecMemCore, i16 %output_r, i64 666, i64 207, i64 1"   --->   Operation 35 'specmemcore' 'specmemcore_ln0' <Predicate = true> <Delay = 0.00>
ST_1 : Operation 36 [1/1] (0.00ns)   --->   "%specinterface_ln0 = specinterface void @_ssdm_op_SpecInterface, i16 %output_r, void @empty_3, i32 0, i32 0, void @empty_0, i32 1, i32 0, void @empty_0, void @empty_0, void @empty_0, i32 0, i32 0, i32 0, i32 0, void @empty_0, void @empty_0"   --->   Operation 36 'specinterface' 'specinterface_ln0' <Predicate = true> <Delay = 0.00>
ST_1 : Operation 37 [1/1] (0.00ns)   --->   "%numOfOutputNeurons_read = read i16 @_ssdm_op_Read.ap_auto.i16, i16 %numOfOutputNeurons"   --->   Operation 37 'read' 'numOfOutputNeurons_read' <Predicate = true> <Delay = 0.00>
ST_1 : Operation 38 [1/1] (1.58ns)   --->   "%store_ln0 = store i16 0, i16 %i_4"   --->   Operation 38 'store' 'store_ln0' <Predicate = true> <Delay = 1.58>
ST_1 : Operation 39 [1/1] (0.00ns)   --->   "%br_ln0 = br void %_ZN8ap_fixedILi16ELi8EL9ap_q_mode5EL9ap_o_mode3ELi0EEC2Ei.exit.i71.i"   --->   Operation 39 'br' 'br_ln0' <Predicate = true> <Delay = 0.00>
ST_1 : Operation 40 [1/1] (0.00ns)   --->   "%i = load i16 %i_4" [HLS_Project/neural_layer.cpp:30]   --->   Operation 40 'load' 'i' <Predicate = true> <Delay = 0.00>
ST_1 : Operation 41 [1/1] (0.00ns)   --->   "%specpipeline_ln0 = specpipeline void @_ssdm_op_SpecPipeline, i32 4294967295, i32 0, i32 1, i32 0, void @p_str"   --->   Operation 41 'specpipeline' 'specpipeline_ln0' <Predicate = true> <Delay = 0.00>
ST_1 : Operation 42 [1/1] (2.42ns)   --->   "%icmp_ln30 = icmp_eq  i16 %i, i16 %numOfOutputNeurons_read" [HLS_Project/neural_layer.cpp:30]   --->   Operation 42 'icmp' 'icmp_ln30' <Predicate = true> <Delay = 2.42> <CoreInst = "Cmp">   --->   Core 9 'Cmp' <Latency = 0> <II = 1> <Delay = 2.42> <FuncUnit> <Opcode : 'icmp'> <InPorts = 2> <OutPorts = 1>
ST_1 : Operation 43 [1/1] (2.07ns)   --->   "%i_7 = add i16 %i, i16 1" [HLS_Project/neural_layer.cpp:30]   --->   Operation 43 'add' 'i_7' <Predicate = true> <Delay = 2.07> <CoreInst = "Adder">   --->   Core 1 'Adder' <Latency = 0> <II = 1> <Delay = 2.31> <FuncUnit> <Opcode : 'add' 'sub'> <InPorts = 2> <OutPorts = 1>
ST_1 : Operation 44 [1/1] (0.00ns)   --->   "%br_ln30 = br i1 %icmp_ln30, void %_ZN8ap_fixedILi16ELi8EL9ap_q_mode5EL9ap_o_mode3ELi0EEC2Ei.exit.i71.i.split, void %_Z13sigmod_approxP8ap_fixedILi16ELi8EL9ap_q_mode5EL9ap_o_mode3ELi0EES3_t.exit.i.loopexit.loopexit.exitStub" [HLS_Project/neural_layer.cpp:30]   --->   Operation 44 'br' 'br_ln30' <Predicate = true> <Delay = 0.00>
ST_1 : Operation 45 [1/1] (0.00ns)   --->   "%zext_ln32 = zext i16 %i" [HLS_Project/neural_layer.cpp:32]   --->   Operation 45 'zext' 'zext_ln32' <Predicate = (!icmp_ln30)> <Delay = 0.00>
ST_1 : Operation 46 [1/1] (0.00ns)   --->   "%output_V_addr = getelementptr i16 %output_V, i64 0, i64 %zext_ln32" [HLS_Project/neural_layer.cpp:32]   --->   Operation 46 'getelementptr' 'output_V_addr' <Predicate = (!icmp_ln30)> <Delay = 0.00>
ST_1 : Operation 47 [2/2] (3.25ns)   --->   "%x_V = load i7 %output_V_addr" [HLS_Project/neural_layer.cpp:32]   --->   Operation 47 'load' 'x_V' <Predicate = (!icmp_ln30)> <Delay = 3.25> <CoreInst = "RAM">   --->   Core 82 'RAM' <Latency = 1> <II = 1> <Delay = 3.25> <Storage> <Opcode : 'load' 'store'> <Ports = 2> <Width = 16> <Depth = 128> <RAM>
ST_1 : Operation 48 [1/1] (1.58ns)   --->   "%store_ln30 = store i16 %i_7, i16 %i_4" [HLS_Project/neural_layer.cpp:30]   --->   Operation 48 'store' 'store_ln30' <Predicate = (!icmp_ln30)> <Delay = 1.58>

State 2 <SV = 1> <Delay = 7.40>
ST_2 : Operation 49 [1/2] (3.25ns)   --->   "%x_V = load i7 %output_V_addr" [HLS_Project/neural_layer.cpp:32]   --->   Operation 49 'load' 'x_V' <Predicate = true> <Delay = 3.25> <CoreInst = "RAM">   --->   Core 82 'RAM' <Latency = 1> <II = 1> <Delay = 3.25> <Storage> <Opcode : 'load' 'store'> <Ports = 2> <Width = 16> <Depth = 128> <RAM>
ST_2 : Operation 50 [1/1] (0.00ns) (grouped into LUT with out node ret_V)   --->   "%tmp = bitselect i1 @_ssdm_op_BitSelect.i1.i16.i32, i16 %x_V, i32 15"   --->   Operation 50 'bitselect' 'tmp' <Predicate = true> <Delay = 0.00>
ST_2 : Operation 51 [1/1] (2.07ns)   --->   "%sub_ln712 = sub i16 0, i16 %x_V"   --->   Operation 51 'sub' 'sub_ln712' <Predicate = true> <Delay = 2.07> <CoreInst = "Adder">   --->   Core 1 'Adder' <Latency = 0> <II = 1> <Delay = 2.31> <FuncUnit> <Opcode : 'add' 'sub'> <InPorts = 2> <OutPorts = 1>
ST_2 : Operation 52 [1/1] (0.00ns) (grouped into LUT with out node ret_V)   --->   "%x_V_2 = select i1 %tmp, i16 %sub_ln712, i16 %x_V" [HLS_Project/neural_layer.cpp:7]   --->   Operation 52 'select' 'x_V_2' <Predicate = true> <Delay = 0.00> <CoreInst = "Sel">   --->   Core 73 'Sel' <Latency = 0> <II = 1> <Delay = 0.80> <FuncUnit> <Opcode : 'select'> <InPorts = 3> <OutPorts = 1>
ST_2 : Operation 53 [1/1] (0.00ns) (grouped into LUT with out node ret_V)   --->   "%sext_ln712 = sext i16 %x_V_2"   --->   Operation 53 'sext' 'sext_ln712' <Predicate = true> <Delay = 0.00>
ST_2 : Operation 54 [1/1] (2.07ns) (out node of the LUT)   --->   "%ret_V = add i17 %sext_ln712, i17 256"   --->   Operation 54 'add' 'ret_V' <Predicate = true> <Delay = 2.07> <CoreInst = "Adder">   --->   Core 1 'Adder' <Latency = 0> <II = 1> <Delay = 2.31> <FuncUnit> <Opcode : 'add' 'sub'> <InPorts = 2> <OutPorts = 1>

State 3 <SV = 2> <Delay = 4.10>
ST_3 : Operation 55 [1/1] (0.00ns)   --->   "%t_1 = bitconcatenate i24 @_ssdm_op_BitConcatenate.i24.i16.i8, i16 %x_V, i8 0"   --->   Operation 55 'bitconcatenate' 't_1' <Predicate = true> <Delay = 0.00>
ST_3 : Operation 56 [1/1] (0.00ns)   --->   "%sext_ln1201 = sext i17 %ret_V"   --->   Operation 56 'sext' 'sext_ln1201' <Predicate = true> <Delay = 0.00>
ST_3 : Operation 57 [28/28] (4.10ns)   --->   "%r_V = sdiv i24 %t_1, i24 %sext_ln1201"   --->   Operation 57 'sdiv' 'r_V' <Predicate = true> <Delay = 4.10> <CoreInst = "Divider">   --->   Core 6 'Divider' <Latency = 27> <II = 1> <Delay = 4.10> <FuncUnit> <Opcode : 'sdiv' 'srem' 'udiv' 'urem'> <InPorts = 2> <OutPorts = 1>

State 4 <SV = 3> <Delay = 4.10>
ST_4 : Operation 58 [27/28] (4.10ns)   --->   "%r_V = sdiv i24 %t_1, i24 %sext_ln1201"   --->   Operation 58 'sdiv' 'r_V' <Predicate = true> <Delay = 4.10> <CoreInst = "Divider">   --->   Core 6 'Divider' <Latency = 27> <II = 1> <Delay = 4.10> <FuncUnit> <Opcode : 'sdiv' 'srem' 'udiv' 'urem'> <InPorts = 2> <OutPorts = 1>

State 5 <SV = 4> <Delay = 4.10>
ST_5 : Operation 59 [26/28] (4.10ns)   --->   "%r_V = sdiv i24 %t_1, i24 %sext_ln1201"   --->   Operation 59 'sdiv' 'r_V' <Predicate = true> <Delay = 4.10> <CoreInst = "Divider">   --->   Core 6 'Divider' <Latency = 27> <II = 1> <Delay = 4.10> <FuncUnit> <Opcode : 'sdiv' 'srem' 'udiv' 'urem'> <InPorts = 2> <OutPorts = 1>

State 6 <SV = 5> <Delay = 4.10>
ST_6 : Operation 60 [25/28] (4.10ns)   --->   "%r_V = sdiv i24 %t_1, i24 %sext_ln1201"   --->   Operation 60 'sdiv' 'r_V' <Predicate = true> <Delay = 4.10> <CoreInst = "Divider">   --->   Core 6 'Divider' <Latency = 27> <II = 1> <Delay = 4.10> <FuncUnit> <Opcode : 'sdiv' 'srem' 'udiv' 'urem'> <InPorts = 2> <OutPorts = 1>

State 7 <SV = 6> <Delay = 4.10>
ST_7 : Operation 61 [24/28] (4.10ns)   --->   "%r_V = sdiv i24 %t_1, i24 %sext_ln1201"   --->   Operation 61 'sdiv' 'r_V' <Predicate = true> <Delay = 4.10> <CoreInst = "Divider">   --->   Core 6 'Divider' <Latency = 27> <II = 1> <Delay = 4.10> <FuncUnit> <Opcode : 'sdiv' 'srem' 'udiv' 'urem'> <InPorts = 2> <OutPorts = 1>

State 8 <SV = 7> <Delay = 4.10>
ST_8 : Operation 62 [23/28] (4.10ns)   --->   "%r_V = sdiv i24 %t_1, i24 %sext_ln1201"   --->   Operation 62 'sdiv' 'r_V' <Predicate = true> <Delay = 4.10> <CoreInst = "Divider">   --->   Core 6 'Divider' <Latency = 27> <II = 1> <Delay = 4.10> <FuncUnit> <Opcode : 'sdiv' 'srem' 'udiv' 'urem'> <InPorts = 2> <OutPorts = 1>

State 9 <SV = 8> <Delay = 4.10>
ST_9 : Operation 63 [22/28] (4.10ns)   --->   "%r_V = sdiv i24 %t_1, i24 %sext_ln1201"   --->   Operation 63 'sdiv' 'r_V' <Predicate = true> <Delay = 4.10> <CoreInst = "Divider">   --->   Core 6 'Divider' <Latency = 27> <II = 1> <Delay = 4.10> <FuncUnit> <Opcode : 'sdiv' 'srem' 'udiv' 'urem'> <InPorts = 2> <OutPorts = 1>

State 10 <SV = 9> <Delay = 4.10>
ST_10 : Operation 64 [21/28] (4.10ns)   --->   "%r_V = sdiv i24 %t_1, i24 %sext_ln1201"   --->   Operation 64 'sdiv' 'r_V' <Predicate = true> <Delay = 4.10> <CoreInst = "Divider">   --->   Core 6 'Divider' <Latency = 27> <II = 1> <Delay = 4.10> <FuncUnit> <Opcode : 'sdiv' 'srem' 'udiv' 'urem'> <InPorts = 2> <OutPorts = 1>

State 11 <SV = 10> <Delay = 4.10>
ST_11 : Operation 65 [20/28] (4.10ns)   --->   "%r_V = sdiv i24 %t_1, i24 %sext_ln1201"   --->   Operation 65 'sdiv' 'r_V' <Predicate = true> <Delay = 4.10> <CoreInst = "Divider">   --->   Core 6 'Divider' <Latency = 27> <II = 1> <Delay = 4.10> <FuncUnit> <Opcode : 'sdiv' 'srem' 'udiv' 'urem'> <InPorts = 2> <OutPorts = 1>

State 12 <SV = 11> <Delay = 4.10>
ST_12 : Operation 66 [19/28] (4.10ns)   --->   "%r_V = sdiv i24 %t_1, i24 %sext_ln1201"   --->   Operation 66 'sdiv' 'r_V' <Predicate = true> <Delay = 4.10> <CoreInst = "Divider">   --->   Core 6 'Divider' <Latency = 27> <II = 1> <Delay = 4.10> <FuncUnit> <Opcode : 'sdiv' 'srem' 'udiv' 'urem'> <InPorts = 2> <OutPorts = 1>

State 13 <SV = 12> <Delay = 4.10>
ST_13 : Operation 67 [18/28] (4.10ns)   --->   "%r_V = sdiv i24 %t_1, i24 %sext_ln1201"   --->   Operation 67 'sdiv' 'r_V' <Predicate = true> <Delay = 4.10> <CoreInst = "Divider">   --->   Core 6 'Divider' <Latency = 27> <II = 1> <Delay = 4.10> <FuncUnit> <Opcode : 'sdiv' 'srem' 'udiv' 'urem'> <InPorts = 2> <OutPorts = 1>

State 14 <SV = 13> <Delay = 4.10>
ST_14 : Operation 68 [17/28] (4.10ns)   --->   "%r_V = sdiv i24 %t_1, i24 %sext_ln1201"   --->   Operation 68 'sdiv' 'r_V' <Predicate = true> <Delay = 4.10> <CoreInst = "Divider">   --->   Core 6 'Divider' <Latency = 27> <II = 1> <Delay = 4.10> <FuncUnit> <Opcode : 'sdiv' 'srem' 'udiv' 'urem'> <InPorts = 2> <OutPorts = 1>

State 15 <SV = 14> <Delay = 4.10>
ST_15 : Operation 69 [16/28] (4.10ns)   --->   "%r_V = sdiv i24 %t_1, i24 %sext_ln1201"   --->   Operation 69 'sdiv' 'r_V' <Predicate = true> <Delay = 4.10> <CoreInst = "Divider">   --->   Core 6 'Divider' <Latency = 27> <II = 1> <Delay = 4.10> <FuncUnit> <Opcode : 'sdiv' 'srem' 'udiv' 'urem'> <InPorts = 2> <OutPorts = 1>

State 16 <SV = 15> <Delay = 4.10>
ST_16 : Operation 70 [15/28] (4.10ns)   --->   "%r_V = sdiv i24 %t_1, i24 %sext_ln1201"   --->   Operation 70 'sdiv' 'r_V' <Predicate = true> <Delay = 4.10> <CoreInst = "Divider">   --->   Core 6 'Divider' <Latency = 27> <II = 1> <Delay = 4.10> <FuncUnit> <Opcode : 'sdiv' 'srem' 'udiv' 'urem'> <InPorts = 2> <OutPorts = 1>

State 17 <SV = 16> <Delay = 4.10>
ST_17 : Operation 71 [14/28] (4.10ns)   --->   "%r_V = sdiv i24 %t_1, i24 %sext_ln1201"   --->   Operation 71 'sdiv' 'r_V' <Predicate = true> <Delay = 4.10> <CoreInst = "Divider">   --->   Core 6 'Divider' <Latency = 27> <II = 1> <Delay = 4.10> <FuncUnit> <Opcode : 'sdiv' 'srem' 'udiv' 'urem'> <InPorts = 2> <OutPorts = 1>

State 18 <SV = 17> <Delay = 4.10>
ST_18 : Operation 72 [13/28] (4.10ns)   --->   "%r_V = sdiv i24 %t_1, i24 %sext_ln1201"   --->   Operation 72 'sdiv' 'r_V' <Predicate = true> <Delay = 4.10> <CoreInst = "Divider">   --->   Core 6 'Divider' <Latency = 27> <II = 1> <Delay = 4.10> <FuncUnit> <Opcode : 'sdiv' 'srem' 'udiv' 'urem'> <InPorts = 2> <OutPorts = 1>

State 19 <SV = 18> <Delay = 4.10>
ST_19 : Operation 73 [12/28] (4.10ns)   --->   "%r_V = sdiv i24 %t_1, i24 %sext_ln1201"   --->   Operation 73 'sdiv' 'r_V' <Predicate = true> <Delay = 4.10> <CoreInst = "Divider">   --->   Core 6 'Divider' <Latency = 27> <II = 1> <Delay = 4.10> <FuncUnit> <Opcode : 'sdiv' 'srem' 'udiv' 'urem'> <InPorts = 2> <OutPorts = 1>

State 20 <SV = 19> <Delay = 4.10>
ST_20 : Operation 74 [11/28] (4.10ns)   --->   "%r_V = sdiv i24 %t_1, i24 %sext_ln1201"   --->   Operation 74 'sdiv' 'r_V' <Predicate = true> <Delay = 4.10> <CoreInst = "Divider">   --->   Core 6 'Divider' <Latency = 27> <II = 1> <Delay = 4.10> <FuncUnit> <Opcode : 'sdiv' 'srem' 'udiv' 'urem'> <InPorts = 2> <OutPorts = 1>

State 21 <SV = 20> <Delay = 4.10>
ST_21 : Operation 75 [10/28] (4.10ns)   --->   "%r_V = sdiv i24 %t_1, i24 %sext_ln1201"   --->   Operation 75 'sdiv' 'r_V' <Predicate = true> <Delay = 4.10> <CoreInst = "Divider">   --->   Core 6 'Divider' <Latency = 27> <II = 1> <Delay = 4.10> <FuncUnit> <Opcode : 'sdiv' 'srem' 'udiv' 'urem'> <InPorts = 2> <OutPorts = 1>

State 22 <SV = 21> <Delay = 4.10>
ST_22 : Operation 76 [9/28] (4.10ns)   --->   "%r_V = sdiv i24 %t_1, i24 %sext_ln1201"   --->   Operation 76 'sdiv' 'r_V' <Predicate = true> <Delay = 4.10> <CoreInst = "Divider">   --->   Core 6 'Divider' <Latency = 27> <II = 1> <Delay = 4.10> <FuncUnit> <Opcode : 'sdiv' 'srem' 'udiv' 'urem'> <InPorts = 2> <OutPorts = 1>

State 23 <SV = 22> <Delay = 4.10>
ST_23 : Operation 77 [8/28] (4.10ns)   --->   "%r_V = sdiv i24 %t_1, i24 %sext_ln1201"   --->   Operation 77 'sdiv' 'r_V' <Predicate = true> <Delay = 4.10> <CoreInst = "Divider">   --->   Core 6 'Divider' <Latency = 27> <II = 1> <Delay = 4.10> <FuncUnit> <Opcode : 'sdiv' 'srem' 'udiv' 'urem'> <InPorts = 2> <OutPorts = 1>

State 24 <SV = 23> <Delay = 4.10>
ST_24 : Operation 78 [7/28] (4.10ns)   --->   "%r_V = sdiv i24 %t_1, i24 %sext_ln1201"   --->   Operation 78 'sdiv' 'r_V' <Predicate = true> <Delay = 4.10> <CoreInst = "Divider">   --->   Core 6 'Divider' <Latency = 27> <II = 1> <Delay = 4.10> <FuncUnit> <Opcode : 'sdiv' 'srem' 'udiv' 'urem'> <InPorts = 2> <OutPorts = 1>

State 25 <SV = 24> <Delay = 4.10>
ST_25 : Operation 79 [6/28] (4.10ns)   --->   "%r_V = sdiv i24 %t_1, i24 %sext_ln1201"   --->   Operation 79 'sdiv' 'r_V' <Predicate = true> <Delay = 4.10> <CoreInst = "Divider">   --->   Core 6 'Divider' <Latency = 27> <II = 1> <Delay = 4.10> <FuncUnit> <Opcode : 'sdiv' 'srem' 'udiv' 'urem'> <InPorts = 2> <OutPorts = 1>

State 26 <SV = 25> <Delay = 4.10>
ST_26 : Operation 80 [5/28] (4.10ns)   --->   "%r_V = sdiv i24 %t_1, i24 %sext_ln1201"   --->   Operation 80 'sdiv' 'r_V' <Predicate = true> <Delay = 4.10> <CoreInst = "Divider">   --->   Core 6 'Divider' <Latency = 27> <II = 1> <Delay = 4.10> <FuncUnit> <Opcode : 'sdiv' 'srem' 'udiv' 'urem'> <InPorts = 2> <OutPorts = 1>

State 27 <SV = 26> <Delay = 4.10>
ST_27 : Operation 81 [4/28] (4.10ns)   --->   "%r_V = sdiv i24 %t_1, i24 %sext_ln1201"   --->   Operation 81 'sdiv' 'r_V' <Predicate = true> <Delay = 4.10> <CoreInst = "Divider">   --->   Core 6 'Divider' <Latency = 27> <II = 1> <Delay = 4.10> <FuncUnit> <Opcode : 'sdiv' 'srem' 'udiv' 'urem'> <InPorts = 2> <OutPorts = 1>

State 28 <SV = 27> <Delay = 4.10>
ST_28 : Operation 82 [3/28] (4.10ns)   --->   "%r_V = sdiv i24 %t_1, i24 %sext_ln1201"   --->   Operation 82 'sdiv' 'r_V' <Predicate = true> <Delay = 4.10> <CoreInst = "Divider">   --->   Core 6 'Divider' <Latency = 27> <II = 1> <Delay = 4.10> <FuncUnit> <Opcode : 'sdiv' 'srem' 'udiv' 'urem'> <InPorts = 2> <OutPorts = 1>

State 29 <SV = 28> <Delay = 4.10>
ST_29 : Operation 83 [2/28] (4.10ns)   --->   "%r_V = sdiv i24 %t_1, i24 %sext_ln1201"   --->   Operation 83 'sdiv' 'r_V' <Predicate = true> <Delay = 4.10> <CoreInst = "Divider">   --->   Core 6 'Divider' <Latency = 27> <II = 1> <Delay = 4.10> <FuncUnit> <Opcode : 'sdiv' 'srem' 'udiv' 'urem'> <InPorts = 2> <OutPorts = 1>

State 30 <SV = 29> <Delay = 6.41>
ST_30 : Operation 84 [1/28] (4.10ns)   --->   "%r_V = sdiv i24 %t_1, i24 %sext_ln1201"   --->   Operation 84 'sdiv' 'r_V' <Predicate = true> <Delay = 4.10> <CoreInst = "Divider">   --->   Core 6 'Divider' <Latency = 27> <II = 1> <Delay = 4.10> <FuncUnit> <Opcode : 'sdiv' 'srem' 'udiv' 'urem'> <InPorts = 2> <OutPorts = 1>
ST_30 : Operation 85 [1/1] (0.00ns) (grouped into LUT with out node ret_V_4)   --->   "%r_V_2 = shl i24 %r_V, i24 7"   --->   Operation 85 'shl' 'r_V_2' <Predicate = true> <Delay = 0.00>
ST_30 : Operation 86 [1/1] (2.31ns) (out node of the LUT)   --->   "%ret_V_4 = add i24 %r_V_2, i24 32768"   --->   Operation 86 'add' 'ret_V_4' <Predicate = true> <Delay = 2.31> <CoreInst = "Adder">   --->   Core 1 'Adder' <Latency = 0> <II = 1> <Delay = 2.31> <FuncUnit> <Opcode : 'add' 'sub'> <InPorts = 2> <OutPorts = 1>
ST_30 : Operation 87 [1/1] (0.00ns)   --->   "%trunc_ln717_1 = partselect i16 @_ssdm_op_PartSelect.i16.i24.i32.i32, i24 %ret_V_4, i32 8, i32 23"   --->   Operation 87 'partselect' 'trunc_ln717_1' <Predicate = true> <Delay = 0.00>
ST_30 : Operation 92 [1/1] (0.00ns)   --->   "%ret_ln0 = ret"   --->   Operation 92 'ret' 'ret_ln0' <Predicate = (icmp_ln30)> <Delay = 0.00>

State 31 <SV = 30> <Delay = 3.25>
ST_31 : Operation 88 [1/1] (0.00ns)   --->   "%specloopname_ln30 = specloopname void @_ssdm_op_SpecLoopName, void @empty_14" [HLS_Project/neural_layer.cpp:30]   --->   Operation 88 'specloopname' 'specloopname_ln30' <Predicate = true> <Delay = 0.00>
ST_31 : Operation 89 [1/1] (0.00ns)   --->   "%output_r_addr = getelementptr i16 %output_r, i64 0, i64 %zext_ln32" [HLS_Project/neural_layer.cpp:32]   --->   Operation 89 'getelementptr' 'output_r_addr' <Predicate = true> <Delay = 0.00>
ST_31 : Operation 90 [1/1] (3.25ns)   --->   "%store_ln32 = store i16 %trunc_ln717_1, i7 %output_r_addr" [HLS_Project/neural_layer.cpp:32]   --->   Operation 90 'store' 'store_ln32' <Predicate = true> <Delay = 3.25> <CoreInst = "RAM_1P">   --->   Core 86 'RAM_1P' <Latency = 1> <II = 1> <Delay = 3.25> <Storage> <Opcode : 'load' 'store'> <Ports = 1> <Width = 16> <Depth = 128> <RAM>
ST_31 : Operation 91 [1/1] (0.00ns)   --->   "%br_ln0 = br void %_ZN8ap_fixedILi16ELi8EL9ap_q_mode5EL9ap_o_mode3ELi0EEC2Ei.exit.i71.i"   --->   Operation 91 'br' 'br_ln0' <Predicate = true> <Delay = 0.00>


============================================================
+ Verbose Summary: Binding
============================================================
STG Binding: 
---------------- STG Properties BEGIN ----------------
- Is combinational: 0
- Is one-state seq: 0
- Is datapath-only: 0
- Is pipelined: 0
- Is top level: 0
Port [ Return ] is wired: 1; IO mode=ap_ctrl_hs:ce=0
Port [ numOfOutputNeurons]:  wired=1; compound=0; hidden=0; nouse=0; global=0; static=0; extern=0; dir=0; type=0; pingpong=0; private_global=0; IO mode=ap_none:ce=0
Port [ output_r]:  wired=1; compound=1; hidden=0; nouse=0; global=0; static=0; extern=0; dir=1; type=1; pingpong=0; private_global=0; MemPort=[0]; IO mode=ap_memory:ce=0
Port [ output_V]:  wired=1; compound=1; hidden=0; nouse=0; global=1; static=1; extern=0; dir=0; type=1; pingpong=0; private_global=0; MemPort=[13]; IO mode=ap_memory:ce=0
---------------- STG Properties END ------------------

---------------- Datapath Model BEGIN ----------------

<LifeTime>
<method=bitvector/>
i_4                     (alloca        ) [ 01000000000000000000000000000000]
specmemcore_ln0         (specmemcore   ) [ 00000000000000000000000000000000]
specinterface_ln0       (specinterface ) [ 00000000000000000000000000000000]
numOfOutputNeurons_read (read          ) [ 00000000000000000000000000000000]
store_ln0               (store         ) [ 00000000000000000000000000000000]
br_ln0                  (br            ) [ 00000000000000000000000000000000]
i                       (load          ) [ 00000000000000000000000000000000]
specpipeline_ln0        (specpipeline  ) [ 00000000000000000000000000000000]
icmp_ln30               (icmp          ) [ 01111111111111111111111111111110]
i_7                     (add           ) [ 00000000000000000000000000000000]
br_ln30                 (br            ) [ 00000000000000000000000000000000]
zext_ln32               (zext          ) [ 01111111111111111111111111111111]
output_V_addr           (getelementptr ) [ 01100000000000000000000000000000]
store_ln30              (store         ) [ 00000000000000000000000000000000]
x_V                     (load          ) [ 01010000000000000000000000000000]
tmp                     (bitselect     ) [ 00000000000000000000000000000000]
sub_ln712               (sub           ) [ 00000000000000000000000000000000]
x_V_2                   (select        ) [ 00000000000000000000000000000000]
sext_ln712              (sext          ) [ 00000000000000000000000000000000]
ret_V                   (add           ) [ 01010000000000000000000000000000]
t_1                     (bitconcatenate) [ 01001111111111111111111111111110]
sext_ln1201             (sext          ) [ 01001111111111111111111111111110]
r_V                     (sdiv          ) [ 00000000000000000000000000000000]
r_V_2                   (shl           ) [ 00000000000000000000000000000000]
ret_V_4                 (add           ) [ 00000000000000000000000000000000]
trunc_ln717_1           (partselect    ) [ 01000000000000000000000000000001]
specloopname_ln30       (specloopname  ) [ 00000000000000000000000000000000]
output_r_addr           (getelementptr ) [ 00000000000000000000000000000000]
store_ln32              (store         ) [ 00000000000000000000000000000000]
br_ln0                  (br            ) [ 00000000000000000000000000000000]
ret_ln0                 (ret           ) [ 00000000000000000000000000000000]
</LifeTime>

<model>

<comp_list>
<comp id="0" class="1000" name="numOfOutputNeurons">
<pin_list>
<pin id="1" dir="1" index="0" bw="1" slack="0"/>
</pin_list>
<bind>
<StgValue><ssdm name="numOfOutputNeurons"/></StgValue>
</bind>
</comp>

<comp id="2" class="1000" name="output_r">
<pin_list>
<pin id="3" dir="1" index="0" bw="1" slack="0"/>
</pin_list>
<bind>
<StgValue><ssdm name="output_r"/><MemPortTyVec>0 </MemPortTyVec>
</StgValue>
</bind>
</comp>

<comp id="4" class="1000" name="output_V">
<pin_list>
<pin id="5" dir="1" index="0" bw="1" slack="0"/>
</pin_list>
<bind>
<StgValue><ssdm name="output_V"/><MemPortTyVec>1 3 </MemPortTyVec>
</StgValue>
</bind>
</comp>

<comp id="6" class="1001" name="const_6">
<pin_list>
<pin id="7" dir="1" index="0" bw="1" slack="0"/>
</pin_list>
<bind>
<StgValue><ssdm name=""/></StgValue>
</bind>
</comp>

<comp id="8" class="1001" name="const_8">
<pin_list>
<pin id="9" dir="1" index="0" bw="1" slack="2147483647"/>
</pin_list>
<bind>
<StgValue><ssdm name="_ssdm_op_SpecMemCore"/></StgValue>
</bind>
</comp>

<comp id="10" class="1001" name="const_10">
<pin_list>
<pin id="11" dir="1" index="0" bw="1" slack="2147483647"/>
</pin_list>
<bind>
<StgValue><ssdm name=""/></StgValue>
</bind>
</comp>

<comp id="12" class="1001" name="const_12">
<pin_list>
<pin id="13" dir="1" index="0" bw="1" slack="2147483647"/>
</pin_list>
<bind>
<StgValue><ssdm name=""/></StgValue>
</bind>
</comp>

<comp id="14" class="1001" name="const_14">
<pin_list>
<pin id="15" dir="1" index="0" bw="1" slack="2147483647"/>
</pin_list>
<bind>
<StgValue><ssdm name=""/></StgValue>
</bind>
</comp>

<comp id="16" class="1001" name="const_16">
<pin_list>
<pin id="17" dir="1" index="0" bw="1" slack="2147483647"/>
</pin_list>
<bind>
<StgValue><ssdm name="_ssdm_op_SpecInterface"/></StgValue>
</bind>
</comp>

<comp id="18" class="1001" name="const_18">
<pin_list>
<pin id="19" dir="1" index="0" bw="1" slack="2147483647"/>
</pin_list>
<bind>
<StgValue><ssdm name="empty_3"/></StgValue>
</bind>
</comp>

<comp id="20" class="1001" name="const_20">
<pin_list>
<pin id="21" dir="1" index="0" bw="1" slack="2147483647"/>
</pin_list>
<bind>
<StgValue><ssdm name=""/></StgValue>
</bind>
</comp>

<comp id="22" class="1001" name="const_22">
<pin_list>
<pin id="23" dir="1" index="0" bw="1" slack="2147483647"/>
</pin_list>
<bind>
<StgValue><ssdm name="empty_0"/></StgValue>
</bind>
</comp>

<comp id="24" class="1001" name="const_24">
<pin_list>
<pin id="25" dir="1" index="0" bw="1" slack="0"/>
</pin_list>
<bind>
<StgValue><ssdm name="_ssdm_op_Read.ap_auto.i16"/></StgValue>
</bind>
</comp>

<comp id="26" class="1001" name="const_26">
<pin_list>
<pin id="27" dir="1" index="0" bw="1" slack="0"/>
</pin_list>
<bind>
<StgValue><ssdm name=""/></StgValue>
</bind>
</comp>

<comp id="28" class="1001" name="const_28">
<pin_list>
<pin id="29" dir="1" index="0" bw="1" slack="2147483647"/>
</pin_list>
<bind>
<StgValue><ssdm name="_ssdm_op_SpecPipeline"/></StgValue>
</bind>
</comp>

<comp id="30" class="1001" name="const_30">
<pin_list>
<pin id="31" dir="1" index="0" bw="1" slack="2147483647"/>
</pin_list>
<bind>
<StgValue><ssdm name=""/></StgValue>
</bind>
</comp>

<comp id="32" class="1001" name="const_32">
<pin_list>
<pin id="33" dir="1" index="0" bw="1" slack="2147483647"/>
</pin_list>
<bind>
<StgValue><ssdm name="p_str"/></StgValue>
</bind>
</comp>

<comp id="34" class="1001" name="const_34">
<pin_list>
<pin id="35" dir="1" index="0" bw="1" slack="0"/>
</pin_list>
<bind>
<StgValue><ssdm name=""/></StgValue>
</bind>
</comp>

<comp id="36" class="1001" name="const_36">
<pin_list>
<pin id="37" dir="1" index="0" bw="1" slack="0"/>
</pin_list>
<bind>
<StgValue><ssdm name=""/></StgValue>
</bind>
</comp>

<comp id="38" class="1001" name="const_38">
<pin_list>
<pin id="39" dir="1" index="0" bw="1" slack="0"/>
</pin_list>
<bind>
<StgValue><ssdm name="_ssdm_op_BitSelect.i1.i16.i32"/></StgValue>
</bind>
</comp>

<comp id="40" class="1001" name="const_40">
<pin_list>
<pin id="41" dir="1" index="0" bw="1" slack="0"/>
</pin_list>
<bind>
<StgValue><ssdm name=""/></StgValue>
</bind>
</comp>

<comp id="42" class="1001" name="const_42">
<pin_list>
<pin id="43" dir="1" index="0" bw="1" slack="0"/>
</pin_list>
<bind>
<StgValue><ssdm name=""/></StgValue>
</bind>
</comp>

<comp id="44" class="1001" name="const_44">
<pin_list>
<pin id="45" dir="1" index="0" bw="1" slack="0"/>
</pin_list>
<bind>
<StgValue><ssdm name="_ssdm_op_BitConcatenate.i24.i16.i8"/></StgValue>
</bind>
</comp>

<comp id="46" class="1001" name="const_46">
<pin_list>
<pin id="47" dir="1" index="0" bw="1" slack="0"/>
</pin_list>
<bind>
<StgValue><ssdm name=""/></StgValue>
</bind>
</comp>

<comp id="48" class="1001" name="const_48">
<pin_list>
<pin id="49" dir="1" index="0" bw="1" slack="0"/>
</pin_list>
<bind>
<StgValue><ssdm name=""/></StgValue>
</bind>
</comp>

<comp id="50" class="1001" name="const_50">
<pin_list>
<pin id="51" dir="1" index="0" bw="1" slack="0"/>
</pin_list>
<bind>
<StgValue><ssdm name=""/></StgValue>
</bind>
</comp>

<comp id="52" class="1001" name="const_52">
<pin_list>
<pin id="53" dir="1" index="0" bw="1" slack="0"/>
</pin_list>
<bind>
<StgValue><ssdm name="_ssdm_op_PartSelect.i16.i24.i32.i32"/></StgValue>
</bind>
</comp>

<comp id="54" class="1001" name="const_54">
<pin_list>
<pin id="55" dir="1" index="0" bw="1" slack="0"/>
</pin_list>
<bind>
<StgValue><ssdm name=""/></StgValue>
</bind>
</comp>

<comp id="56" class="1001" name="const_56">
<pin_list>
<pin id="57" dir="1" index="0" bw="1" slack="0"/>
</pin_list>
<bind>
<StgValue><ssdm name=""/></StgValue>
</bind>
</comp>

<comp id="58" class="1001" name="const_58">
<pin_list>
<pin id="59" dir="1" index="0" bw="1" slack="2147483647"/>
</pin_list>
<bind>
<StgValue><ssdm name="_ssdm_op_SpecLoopName"/></StgValue>
</bind>
</comp>

<comp id="60" class="1001" name="const_60">
<pin_list>
<pin id="61" dir="1" index="0" bw="1" slack="2147483647"/>
</pin_list>
<bind>
<StgValue><ssdm name="empty_14"/></StgValue>
</bind>
</comp>

<comp id="62" class="1004" name="i_4_fu_62">
<pin_list>
<pin id="63" dir="0" index="0" bw="1" slack="0"/>
<pin id="64" dir="1" index="1" bw="16" slack="0"/>
</pin_list>
<bind>
<opcode="alloca(26) " fcode="alloca"/>
<opset="i_4/1 "/>
</bind>
</comp>

<comp id="66" class="1004" name="numOfOutputNeurons_read_read_fu_66">
<pin_list>
<pin id="67" dir="0" index="0" bw="16" slack="0"/>
<pin id="68" dir="0" index="1" bw="16" slack="0"/>
<pin id="69" dir="1" index="2" bw="16" slack="0"/>
</pin_list>
<bind>
<opcode="read(1150) " fcode="read"/>
<opset="numOfOutputNeurons_read/1 "/>
</bind>
</comp>

<comp id="72" class="1004" name="output_V_addr_gep_fu_72">
<pin_list>
<pin id="73" dir="0" index="0" bw="16" slack="0"/>
<pin id="74" dir="0" index="1" bw="1" slack="0"/>
<pin id="75" dir="0" index="2" bw="16" slack="0"/>
<pin id="76" dir="1" index="3" bw="7" slack="0"/>
</pin_list>
<bind>
<opcode="getelementptr(29) " fcode="getelementptr"/>
<opset="output_V_addr/1 "/>
</bind>
</comp>

<comp id="79" class="1004" name="grp_access_fu_79">
<pin_list>
<pin id="80" dir="0" index="0" bw="7" slack="0"/>
<pin id="81" dir="0" index="1" bw="16" slack="2147483647"/>
<pin id="82" dir="0" index="2" bw="0" slack="2147483647"/>
<pin id="83" dir="1" index="3" bw="16" slack="0"/>
</pin_list>
<bind>
<opcode="load(27) " fcode="load"/>
<opset="x_V/1 "/>
</bind>
</comp>

<comp id="85" class="1004" name="output_r_addr_gep_fu_85">
<pin_list>
<pin id="86" dir="0" index="0" bw="16" slack="0"/>
<pin id="87" dir="0" index="1" bw="1" slack="0"/>
<pin id="88" dir="0" index="2" bw="16" slack="30"/>
<pin id="89" dir="1" index="3" bw="7" slack="0"/>
</pin_list>
<bind>
<opcode="getelementptr(29) " fcode="getelementptr"/>
<opset="output_r_addr/31 "/>
</bind>
</comp>

<comp id="92" class="1004" name="store_ln32_access_fu_92">
<pin_list>
<pin id="93" dir="0" index="0" bw="7" slack="0"/>
<pin id="94" dir="0" index="1" bw="16" slack="1"/>
<pin id="95" dir="0" index="2" bw="0" slack="2147483647"/>
<pin id="96" dir="1" index="3" bw="16" slack="2147483647"/>
</pin_list>
<bind>
<opcode="store(28) " fcode="store"/>
<opset="store_ln32/31 "/>
</bind>
</comp>

<comp id="98" class="1004" name="store_ln0_store_fu_98">
<pin_list>
<pin id="99" dir="0" index="0" bw="1" slack="0"/>
<pin id="100" dir="0" index="1" bw="16" slack="0"/>
<pin id="101" dir="1" index="2" bw="0" slack="2147483647"/>
</pin_list>
<bind>
<opcode="store(28) " fcode="store"/>
<opset="store_ln0/1 "/>
</bind>
</comp>

<comp id="103" class="1004" name="i_load_fu_103">
<pin_list>
<pin id="104" dir="0" index="0" bw="16" slack="0"/>
<pin id="105" dir="1" index="1" bw="16" slack="0"/>
</pin_list>
<bind>
<opcode="load(27) " fcode="load"/>
<opset="i/1 "/>
</bind>
</comp>

<comp id="106" class="1004" name="icmp_ln30_fu_106">
<pin_list>
<pin id="107" dir="0" index="0" bw="16" slack="0"/>
<pin id="108" dir="0" index="1" bw="16" slack="0"/>
<pin id="109" dir="1" index="2" bw="1" slack="29"/>
</pin_list>
<bind>
<opcode="icmp(45) " fcode="icmp"/>
<opset="icmp_ln30/1 "/>
</bind>
</comp>

<comp id="112" class="1004" name="i_7_fu_112">
<pin_list>
<pin id="113" dir="0" index="0" bw="16" slack="0"/>
<pin id="114" dir="0" index="1" bw="1" slack="0"/>
<pin id="115" dir="1" index="2" bw="16" slack="0"/>
</pin_list>
<bind>
<opcode="add(8) " fcode="add"/>
<opset="i_7/1 "/>
</bind>
</comp>

<comp id="118" class="1004" name="zext_ln32_fu_118">
<pin_list>
<pin id="119" dir="0" index="0" bw="16" slack="0"/>
<pin id="120" dir="1" index="1" bw="64" slack="0"/>
</pin_list>
<bind>
<opcode="zext(34) " fcode="zext"/>
<opset="zext_ln32/1 "/>
</bind>
</comp>

<comp id="123" class="1004" name="store_ln30_store_fu_123">
<pin_list>
<pin id="124" dir="0" index="0" bw="16" slack="0"/>
<pin id="125" dir="0" index="1" bw="16" slack="0"/>
<pin id="126" dir="1" index="2" bw="0" slack="2147483647"/>
</pin_list>
<bind>
<opcode="store(28) " fcode="store"/>
<opset="store_ln30/1 "/>
</bind>
</comp>

<comp id="128" class="1004" name="tmp_fu_128">
<pin_list>
<pin id="129" dir="0" index="0" bw="1" slack="0"/>
<pin id="130" dir="0" index="1" bw="16" slack="0"/>
<pin id="131" dir="0" index="2" bw="5" slack="0"/>
<pin id="132" dir="1" index="3" bw="1" slack="0"/>
</pin_list>
<bind>
<opcode="bitselect(1000) " fcode="bitselect"/>
<opset="tmp/2 "/>
</bind>
</comp>

<comp id="136" class="1004" name="sub_ln712_fu_136">
<pin_list>
<pin id="137" dir="0" index="0" bw="1" slack="0"/>
<pin id="138" dir="0" index="1" bw="16" slack="0"/>
<pin id="139" dir="1" index="2" bw="16" slack="0"/>
</pin_list>
<bind>
<opcode="sub(10) " fcode="sub"/>
<opset="sub_ln712/2 "/>
</bind>
</comp>

<comp id="142" class="1004" name="x_V_2_fu_142">
<pin_list>
<pin id="143" dir="0" index="0" bw="1" slack="0"/>
<pin id="144" dir="0" index="1" bw="16" slack="0"/>
<pin id="145" dir="0" index="2" bw="16" slack="0"/>
<pin id="146" dir="1" index="3" bw="16" slack="0"/>
</pin_list>
<bind>
<opcode="select(49) " fcode="select"/>
<opset="x_V_2/2 "/>
</bind>
</comp>

<comp id="150" class="1004" name="sext_ln712_fu_150">
<pin_list>
<pin id="151" dir="0" index="0" bw="16" slack="0"/>
<pin id="152" dir="1" index="1" bw="17" slack="0"/>
</pin_list>
<bind>
<opcode="sext(35) " fcode="sext"/>
<opset="sext_ln712/2 "/>
</bind>
</comp>

<comp id="154" class="1004" name="ret_V_fu_154">
<pin_list>
<pin id="155" dir="0" index="0" bw="16" slack="0"/>
<pin id="156" dir="0" index="1" bw="10" slack="0"/>
<pin id="157" dir="1" index="2" bw="17" slack="1"/>
</pin_list>
<bind>
<opcode="add(8) " fcode="add"/>
<opset="ret_V/2 "/>
</bind>
</comp>

<comp id="160" class="1004" name="t_1_fu_160">
<pin_list>
<pin id="161" dir="0" index="0" bw="24" slack="0"/>
<pin id="162" dir="0" index="1" bw="16" slack="1"/>
<pin id="163" dir="0" index="2" bw="1" slack="0"/>
<pin id="164" dir="1" index="3" bw="24" slack="0"/>
</pin_list>
<bind>
<opcode="bitconcatenate(1004) " fcode="bitconcatenate"/>
<opset="t_1/3 "/>
</bind>
</comp>

<comp id="167" class="1004" name="sext_ln1201_fu_167">
<pin_list>
<pin id="168" dir="0" index="0" bw="17" slack="1"/>
<pin id="169" dir="1" index="1" bw="24" slack="0"/>
</pin_list>
<bind>
<opcode="sext(35) " fcode="sext"/>
<opset="sext_ln1201/3 "/>
</bind>
</comp>

<comp id="170" class="1004" name="grp_fu_170">
<pin_list>
<pin id="171" dir="0" index="0" bw="24" slack="0"/>
<pin id="172" dir="0" index="1" bw="17" slack="0"/>
<pin id="173" dir="1" index="2" bw="24" slack="0"/>
</pin_list>
<bind>
<opcode="sdiv(15) " fcode="sdiv"/>
<opset="r_V/3 "/>
</bind>
</comp>

<comp id="176" class="1004" name="r_V_2_fu_176">
<pin_list>
<pin id="177" dir="0" index="0" bw="24" slack="0"/>
<pin id="178" dir="0" index="1" bw="4" slack="0"/>
<pin id="179" dir="1" index="2" bw="24" slack="0"/>
</pin_list>
<bind>
<opcode="shl(20) " fcode="shl"/>
<opset="r_V_2/30 "/>
</bind>
</comp>

<comp id="182" class="1004" name="ret_V_4_fu_182">
<pin_list>
<pin id="183" dir="0" index="0" bw="24" slack="0"/>
<pin id="184" dir="0" index="1" bw="17" slack="0"/>
<pin id="185" dir="1" index="2" bw="24" slack="0"/>
</pin_list>
<bind>
<opcode="add(8) " fcode="add"/>
<opset="ret_V_4/30 "/>
</bind>
</comp>

<comp id="188" class="1004" name="trunc_ln717_1_fu_188">
<pin_list>
<pin id="189" dir="0" index="0" bw="16" slack="0"/>
<pin id="190" dir="0" index="1" bw="24" slack="0"/>
<pin id="191" dir="0" index="2" bw="5" slack="0"/>
<pin id="192" dir="0" index="3" bw="6" slack="0"/>
<pin id="193" dir="1" index="4" bw="16" slack="1"/>
</pin_list>
<bind>
<opcode="partselect(1002) " fcode="partselect"/>
<opset="trunc_ln717_1/30 "/>
</bind>
</comp>

<comp id="198" class="1005" name="i_4_reg_198">
<pin_list>
<pin id="199" dir="0" index="0" bw="16" slack="0"/>
<pin id="200" dir="1" index="1" bw="16" slack="0"/>
</pin_list>
<bind>
<opset="i_4 "/>
</bind>
</comp>

<comp id="205" class="1005" name="icmp_ln30_reg_205">
<pin_list>
<pin id="206" dir="0" index="0" bw="1" slack="29"/>
<pin id="207" dir="1" index="1" bw="1" slack="2147483647"/>
</pin_list>
<bind>
<opset="icmp_ln30 "/>
</bind>
</comp>

<comp id="209" class="1005" name="zext_ln32_reg_209">
<pin_list>
<pin id="210" dir="0" index="0" bw="64" slack="30"/>
<pin id="211" dir="1" index="1" bw="64" slack="30"/>
</pin_list>
<bind>
<opset="zext_ln32 "/>
</bind>
</comp>

<comp id="214" class="1005" name="output_V_addr_reg_214">
<pin_list>
<pin id="215" dir="0" index="0" bw="7" slack="1"/>
<pin id="216" dir="1" index="1" bw="7" slack="1"/>
</pin_list>
<bind>
<opset="output_V_addr "/>
</bind>
</comp>

<comp id="219" class="1005" name="x_V_reg_219">
<pin_list>
<pin id="220" dir="0" index="0" bw="16" slack="1"/>
<pin id="221" dir="1" index="1" bw="16" slack="1"/>
</pin_list>
<bind>
<opset="x_V "/>
</bind>
</comp>

<comp id="224" class="1005" name="ret_V_reg_224">
<pin_list>
<pin id="225" dir="0" index="0" bw="17" slack="1"/>
<pin id="226" dir="1" index="1" bw="17" slack="1"/>
</pin_list>
<bind>
<opset="ret_V "/>
</bind>
</comp>

<comp id="229" class="1005" name="t_1_reg_229">
<pin_list>
<pin id="230" dir="0" index="0" bw="24" slack="1"/>
<pin id="231" dir="1" index="1" bw="24" slack="1"/>
</pin_list>
<bind>
<opset="t_1 "/>
</bind>
</comp>

<comp id="234" class="1005" name="sext_ln1201_reg_234">
<pin_list>
<pin id="235" dir="0" index="0" bw="24" slack="1"/>
<pin id="236" dir="1" index="1" bw="24" slack="1"/>
</pin_list>
<bind>
<opset="sext_ln1201 "/>
</bind>
</comp>

<comp id="239" class="1005" name="trunc_ln717_1_reg_239">
<pin_list>
<pin id="240" dir="0" index="0" bw="16" slack="1"/>
<pin id="241" dir="1" index="1" bw="16" slack="1"/>
</pin_list>
<bind>
<opset="trunc_ln717_1 "/>
</bind>
</comp>

</comp_list>

<net_list>
<net id="65"><net_src comp="6" pin="0"/><net_sink comp="62" pin=0"/></net>

<net id="70"><net_src comp="24" pin="0"/><net_sink comp="66" pin=0"/></net>

<net id="71"><net_src comp="0" pin="0"/><net_sink comp="66" pin=1"/></net>

<net id="77"><net_src comp="4" pin="0"/><net_sink comp="72" pin=0"/></net>

<net id="78"><net_src comp="36" pin="0"/><net_sink comp="72" pin=1"/></net>

<net id="84"><net_src comp="72" pin="3"/><net_sink comp="79" pin=0"/></net>

<net id="90"><net_src comp="2" pin="0"/><net_sink comp="85" pin=0"/></net>

<net id="91"><net_src comp="36" pin="0"/><net_sink comp="85" pin=1"/></net>

<net id="97"><net_src comp="85" pin="3"/><net_sink comp="92" pin=0"/></net>

<net id="102"><net_src comp="26" pin="0"/><net_sink comp="98" pin=0"/></net>

<net id="110"><net_src comp="103" pin="1"/><net_sink comp="106" pin=0"/></net>

<net id="111"><net_src comp="66" pin="2"/><net_sink comp="106" pin=1"/></net>

<net id="116"><net_src comp="103" pin="1"/><net_sink comp="112" pin=0"/></net>

<net id="117"><net_src comp="34" pin="0"/><net_sink comp="112" pin=1"/></net>

<net id="121"><net_src comp="103" pin="1"/><net_sink comp="118" pin=0"/></net>

<net id="122"><net_src comp="118" pin="1"/><net_sink comp="72" pin=2"/></net>

<net id="127"><net_src comp="112" pin="2"/><net_sink comp="123" pin=0"/></net>

<net id="133"><net_src comp="38" pin="0"/><net_sink comp="128" pin=0"/></net>

<net id="134"><net_src comp="79" pin="3"/><net_sink comp="128" pin=1"/></net>

<net id="135"><net_src comp="40" pin="0"/><net_sink comp="128" pin=2"/></net>

<net id="140"><net_src comp="26" pin="0"/><net_sink comp="136" pin=0"/></net>

<net id="141"><net_src comp="79" pin="3"/><net_sink comp="136" pin=1"/></net>

<net id="147"><net_src comp="128" pin="3"/><net_sink comp="142" pin=0"/></net>

<net id="148"><net_src comp="136" pin="2"/><net_sink comp="142" pin=1"/></net>

<net id="149"><net_src comp="79" pin="3"/><net_sink comp="142" pin=2"/></net>

<net id="153"><net_src comp="142" pin="3"/><net_sink comp="150" pin=0"/></net>

<net id="158"><net_src comp="150" pin="1"/><net_sink comp="154" pin=0"/></net>

<net id="159"><net_src comp="42" pin="0"/><net_sink comp="154" pin=1"/></net>

<net id="165"><net_src comp="44" pin="0"/><net_sink comp="160" pin=0"/></net>

<net id="166"><net_src comp="46" pin="0"/><net_sink comp="160" pin=2"/></net>

<net id="174"><net_src comp="160" pin="3"/><net_sink comp="170" pin=0"/></net>

<net id="175"><net_src comp="167" pin="1"/><net_sink comp="170" pin=1"/></net>

<net id="180"><net_src comp="170" pin="2"/><net_sink comp="176" pin=0"/></net>

<net id="181"><net_src comp="48" pin="0"/><net_sink comp="176" pin=1"/></net>

<net id="186"><net_src comp="176" pin="2"/><net_sink comp="182" pin=0"/></net>

<net id="187"><net_src comp="50" pin="0"/><net_sink comp="182" pin=1"/></net>

<net id="194"><net_src comp="52" pin="0"/><net_sink comp="188" pin=0"/></net>

<net id="195"><net_src comp="182" pin="2"/><net_sink comp="188" pin=1"/></net>

<net id="196"><net_src comp="54" pin="0"/><net_sink comp="188" pin=2"/></net>

<net id="197"><net_src comp="56" pin="0"/><net_sink comp="188" pin=3"/></net>

<net id="201"><net_src comp="62" pin="1"/><net_sink comp="198" pin=0"/></net>

<net id="202"><net_src comp="198" pin="1"/><net_sink comp="98" pin=1"/></net>

<net id="203"><net_src comp="198" pin="1"/><net_sink comp="103" pin=0"/></net>

<net id="204"><net_src comp="198" pin="1"/><net_sink comp="123" pin=1"/></net>

<net id="208"><net_src comp="106" pin="2"/><net_sink comp="205" pin=0"/></net>

<net id="212"><net_src comp="118" pin="1"/><net_sink comp="209" pin=0"/></net>

<net id="213"><net_src comp="209" pin="1"/><net_sink comp="85" pin=2"/></net>

<net id="217"><net_src comp="72" pin="3"/><net_sink comp="214" pin=0"/></net>

<net id="218"><net_src comp="214" pin="1"/><net_sink comp="79" pin=0"/></net>

<net id="222"><net_src comp="79" pin="3"/><net_sink comp="219" pin=0"/></net>

<net id="223"><net_src comp="219" pin="1"/><net_sink comp="160" pin=1"/></net>

<net id="227"><net_src comp="154" pin="2"/><net_sink comp="224" pin=0"/></net>

<net id="228"><net_src comp="224" pin="1"/><net_sink comp="167" pin=0"/></net>

<net id="232"><net_src comp="160" pin="3"/><net_sink comp="229" pin=0"/></net>

<net id="233"><net_src comp="229" pin="1"/><net_sink comp="170" pin=0"/></net>

<net id="237"><net_src comp="167" pin="1"/><net_sink comp="234" pin=0"/></net>

<net id="238"><net_src comp="234" pin="1"/><net_sink comp="170" pin=1"/></net>

<net id="242"><net_src comp="188" pin="4"/><net_sink comp="239" pin=0"/></net>

<net id="243"><net_src comp="239" pin="1"/><net_sink comp="92" pin=1"/></net>

</net_list>

</model> 
---------------- Datapath Model END ------------------

* FSMD analyzer results:
  - Output states:
	Port: output_r | {31 }
 - Input state : 
	Port: nnlayer_Pipeline_VITIS_LOOP_30_1 : numOfOutputNeurons | {1 }
	Port: nnlayer_Pipeline_VITIS_LOOP_30_1 : output_V | {1 2 }
  - Chain level:
	State 1
		store_ln0 : 1
		i : 1
		icmp_ln30 : 2
		i_7 : 2
		br_ln30 : 3
		zext_ln32 : 2
		output_V_addr : 3
		x_V : 4
		store_ln30 : 3
	State 2
		tmp : 1
		sub_ln712 : 1
		x_V_2 : 2
		sext_ln712 : 3
		ret_V : 4
	State 3
		r_V : 1
	State 4
	State 5
	State 6
	State 7
	State 8
	State 9
	State 10
	State 11
	State 12
	State 13
	State 14
	State 15
	State 16
	State 17
	State 18
	State 19
	State 20
	State 21
	State 22
	State 23
	State 24
	State 25
	State 26
	State 27
	State 28
	State 29
	State 30
		r_V_2 : 1
		ret_V_4 : 1
		trunc_ln717_1 : 2
	State 31
		store_ln32 : 1


============================================================
+ Verbose Summary: Datapath Resource usage 
============================================================

* Functional unit list:
|----------|------------------------------------|---------|---------|
| Operation|           Functional Unit          |    FF   |   LUT   |
|----------|------------------------------------|---------|---------|
|   sdiv   |             grp_fu_170             |   1459  |   1112  |
|----------|------------------------------------|---------|---------|
|          |             i_7_fu_112             |    0    |    23   |
|    add   |            ret_V_fu_154            |    0    |    23   |
|          |           ret_V_4_fu_182           |    0    |    31   |
|----------|------------------------------------|---------|---------|
|    sub   |          sub_ln712_fu_136          |    0    |    23   |
|----------|------------------------------------|---------|---------|
|  select  |            x_V_2_fu_142            |    0    |    16   |
|----------|------------------------------------|---------|---------|
|   icmp   |          icmp_ln30_fu_106          |    0    |    13   |
|----------|------------------------------------|---------|---------|
|   read   | numOfOutputNeurons_read_read_fu_66 |    0    |    0    |
|----------|------------------------------------|---------|---------|
|   zext   |          zext_ln32_fu_118          |    0    |    0    |
|----------|------------------------------------|---------|---------|
| bitselect|             tmp_fu_128             |    0    |    0    |
|----------|------------------------------------|---------|---------|
|   sext   |          sext_ln712_fu_150         |    0    |    0    |
|          |         sext_ln1201_fu_167         |    0    |    0    |
|----------|------------------------------------|---------|---------|
|bitconcatenate|             t_1_fu_160             |    0    |    0    |
|----------|------------------------------------|---------|---------|
|    shl   |            r_V_2_fu_176            |    0    |    0    |
|----------|------------------------------------|---------|---------|
|partselect|        trunc_ln717_1_fu_188        |    0    |    0    |
|----------|------------------------------------|---------|---------|
|   Total  |                                    |   1459  |   1241  |
|----------|------------------------------------|---------|---------|

Memories:
N/A

* Register list:
+---------------------+--------+
|                     |   FF   |
+---------------------+--------+
|     i_4_reg_198     |   16   |
|  icmp_ln30_reg_205  |    1   |
|output_V_addr_reg_214|    7   |
|    ret_V_reg_224    |   17   |
| sext_ln1201_reg_234 |   24   |
|     t_1_reg_229     |   24   |
|trunc_ln717_1_reg_239|   16   |
|     x_V_reg_219     |   16   |
|  zext_ln32_reg_209  |   64   |
+---------------------+--------+
|        Total        |   185  |
+---------------------+--------+

* Multiplexer (MUX) list: 
|------------------|------|------|------|--------||---------||---------|
|       Comp       |  Pin | Size |  BW  | S x BW ||  Delay  ||   LUT   |
|------------------|------|------|------|--------||---------||---------|
| grp_access_fu_79 |  p0  |   2  |   7  |   14   ||    9    |
|    grp_fu_170    |  p0  |   2  |  24  |   48   ||    9    |
|    grp_fu_170    |  p1  |   2  |  17  |   34   ||    9    |
|------------------|------|------|------|--------||---------||---------|
|       Total      |      |      |      |   96   ||  4.764  ||    27   |
|------------------|------|------|------|--------||---------||---------|



* Summary:
+-----------+--------+--------+--------+
|           |  Delay |   FF   |   LUT  |
+-----------+--------+--------+--------+
|  Function |    -   |  1459  |  1241  |
|   Memory  |    -   |    -   |    -   |
|Multiplexer|    4   |    -   |   27   |
|  Register |    -   |   185  |    -   |
+-----------+--------+--------+--------+
|   Total   |    4   |  1644  |  1268  |
+-----------+--------+--------+--------+
