

================================================================
== Vitis HLS Report for 'nnlayer_Pipeline_VITIS_LOOP_16_1'
================================================================
* Date:           Tue May 10 10:12:20 2022

* Version:        2021.2 (Build 3367213 on Tue Oct 19 02:48:09 MDT 2021)
* Project:        HLS_Project
* Solution:       solution1 (Vivado IP Flow Target)
* Product family: zynq
* Target device:  xc7z020-clg484-1


================================================================
== Performance Estimates
================================================================
+ Timing: 
    * Summary: 
    +--------+----------+----------+------------+
    |  Clock |  Target  | Estimated| Uncertainty|
    +--------+----------+----------+------------+
    |ap_clk  |  10.00 ns|  7.261 ns|     1.25 ns|
    +--------+----------+----------+------------+

+ Latency: 
    * Summary: 
    +---------+---------+----------+----------+-----+-----+---------+
    |  Latency (cycles) |  Latency (absolute) |  Interval | Pipeline|
    |   min   |   max   |    min   |    max   | min | max |   Type  |
    +---------+---------+----------+----------+-----+-----+---------+
    |        ?|        ?|         ?|         ?|    ?|    ?|       no|
    +---------+---------+----------+----------+-----+-----+---------+

    + Detail: 
        * Instance: 
        N/A

        * Loop: 
        +-------------------+---------+---------+----------+-----------+-----------+------+----------+
        |                   |  Latency (cycles) | Iteration|  Initiation Interval  | Trip |          |
        |     Loop Name     |   min   |   max   |  Latency |  achieved |   target  | Count| Pipelined|
        +-------------------+---------+---------+----------+-----------+-----------+------+----------+
        |- VITIS_LOOP_16_1  |        ?|        ?|         2|          1|          1|     ?|       yes|
        +-------------------+---------+---------+----------+-----------+-----------+------+----------+



================================================================
== Utilization Estimates
================================================================
* Summary: 
+-----------------+---------+-----+--------+-------+-----+
|       Name      | BRAM_18K| DSP |   FF   |  LUT  | URAM|
+-----------------+---------+-----+--------+-------+-----+
|DSP              |        -|    -|       -|      -|    -|
|Expression       |        -|    -|       0|     53|    -|
|FIFO             |        -|    -|       -|      -|    -|
|Instance         |        -|    -|       -|      -|    -|
|Memory           |        -|    -|       -|      -|    -|
|Multiplexer      |        -|    -|       -|     36|    -|
|Register         |        -|    -|      35|      -|    -|
+-----------------+---------+-----+--------+-------+-----+
|Total            |        0|    0|      35|     89|    0|
+-----------------+---------+-----+--------+-------+-----+
|Available        |      280|  220|  106400|  53200|    0|
+-----------------+---------+-----+--------+-------+-----+
|Utilization (%)  |        0|    0|      ~0|     ~0|    0|
+-----------------+---------+-----+--------+-------+-----+

+ Detail: 
    * Instance: 
    N/A

    * DSP: 
    N/A

    * Memory: 
    N/A

    * FIFO: 
    N/A

    * Expression: 
    +-----------------------+----------+----+---+----+------------+------------+
    |     Variable Name     | Operation| DSP| FF| LUT| Bitwidth P0| Bitwidth P1|
    +-----------------------+----------+----+---+----+------------+------------+
    |i_8_fu_98_p2           |         +|   0|  0|  23|          16|           1|
    |icmp_ln16_fu_92_p2     |      icmp|   0|  0|  13|          16|          16|
    |select_ln18_fu_126_p3  |    select|   0|  0|  15|           1|           1|
    |ap_enable_pp0          |       xor|   0|  0|   2|           1|           2|
    +-----------------------+----------+----+---+----+------------+------------+
    |Total                  |          |   0|  0|  53|          34|          20|
    +-----------------------+----------+----+---+----+------------+------------+

    * Multiplexer: 
    +-------------------------+----+-----------+-----+-----------+
    |           Name          | LUT| Input Size| Bits| Total Bits|
    +-------------------------+----+-----------+-----+-----------+
    |ap_done_int              |   9|          2|    1|          2|
    |ap_enable_reg_pp0_iter1  |   9|          2|    1|          2|
    |ap_sig_allocacmp_i       |   9|          2|   16|         32|
    |i_2_fu_48                |   9|          2|   16|         32|
    +-------------------------+----+-----------+-----+-----------+
    |Total                    |  36|          8|   34|         68|
    +-------------------------+----+-----------+-----+-----------+

    * Register: 
    +-------------------------+----+----+-----+-----------+
    |           Name          | FF | LUT| Bits| Const Bits|
    +-------------------------+----+----+-----+-----------+
    |ap_CS_fsm                |   1|   0|    1|          0|
    |ap_done_reg              |   1|   0|    1|          0|
    |ap_enable_reg_pp0_iter1  |   1|   0|    1|          0|
    |i_2_fu_48                |  16|   0|   16|          0|
    |zext_ln18_reg_149        |  16|   0|   64|         48|
    +-------------------------+----+----+-----+-----------+
    |Total                    |  35|   0|   83|         48|
    +-------------------------+----+----+-----+-----------+



================================================================
== Interface
================================================================
* Summary: 
+--------------------+-----+-----+------------+----------------------------------+--------------+
|      RTL Ports     | Dir | Bits|  Protocol  |           Source Object          |    C Type    |
+--------------------+-----+-----+------------+----------------------------------+--------------+
|ap_clk              |   in|    1|  ap_ctrl_hs|  nnlayer_Pipeline_VITIS_LOOP_16_1|  return value|
|ap_rst              |   in|    1|  ap_ctrl_hs|  nnlayer_Pipeline_VITIS_LOOP_16_1|  return value|
|ap_start            |   in|    1|  ap_ctrl_hs|  nnlayer_Pipeline_VITIS_LOOP_16_1|  return value|
|ap_done             |  out|    1|  ap_ctrl_hs|  nnlayer_Pipeline_VITIS_LOOP_16_1|  return value|
|ap_idle             |  out|    1|  ap_ctrl_hs|  nnlayer_Pipeline_VITIS_LOOP_16_1|  return value|
|ap_ready            |  out|    1|  ap_ctrl_hs|  nnlayer_Pipeline_VITIS_LOOP_16_1|  return value|
|numOfOutputNeurons  |   in|   16|     ap_none|                numOfOutputNeurons|        scalar|
|output_r_address0   |  out|    7|   ap_memory|                          output_r|         array|
|output_r_ce0        |  out|    1|   ap_memory|                          output_r|         array|
|output_r_we0        |  out|    1|   ap_memory|                          output_r|         array|
|output_r_d0         |  out|   16|   ap_memory|                          output_r|         array|
|output_V_address0   |  out|    7|   ap_memory|                          output_V|         array|
|output_V_ce0        |  out|    1|   ap_memory|                          output_V|         array|
|output_V_q0         |   in|   16|   ap_memory|                          output_V|         array|
+--------------------+-----+-----+------------+----------------------------------+--------------+

============================================================
+ Verbose Summary: Synthesis Manager
============================================================
InlineROM: 1
ExposeGlobal: 0
============================================================
+ Verbose Summary: CDFG Model
============================================================
IsTopModel: 0
ResetActiveHigh: 1
IsCombinational: 2
IsDatapathOnly: 2
HasWiredReturn: 1
HasMFsm: 2
HasVarLatency: 1
IsPipeline: 0
IsRtlPipelined: 0
IsInstanceOverlapped: 0
IsDontTouch: 0
HasImplIP: 0
IsGatedGlobalClock: 0

+ Individual pipeline summary: 
  * Pipeline-0: initiation interval (II) = 1, depth = 2


============================================================
+ Verbose Summary: Schedule
============================================================
* Number of FSM states : 2
* Pipeline : 1
  Pipeline-0 : II = 1, D = 2, States = { 1 2 }
* Dataflow Pipeline: 0

* FSM state transitions: 
1 --> 2 
2 --> 

* FSM state operations: 

State 1 <SV = 0> <Delay = 4.01>
ST_1 : Operation 5 [1/1] (0.00ns)   --->   "%i_2 = alloca i32 1"   --->   Operation 5 'alloca' 'i_2' <Predicate = true> <Delay = 0.00>
ST_1 : Operation 6 [1/1] (0.00ns)   --->   "%specmemcore_ln0 = specmemcore void @_ssdm_op_SpecMemCore, i16 %output_r, i64 666, i64 207, i64 1"   --->   Operation 6 'specmemcore' 'specmemcore_ln0' <Predicate = true> <Delay = 0.00>
ST_1 : Operation 7 [1/1] (0.00ns)   --->   "%specinterface_ln0 = specinterface void @_ssdm_op_SpecInterface, i16 %output_r, void @empty_3, i32 0, i32 0, void @empty_0, i32 1, i32 0, void @empty_0, void @empty_0, void @empty_0, i32 0, i32 0, i32 0, i32 0, void @empty_0, void @empty_0"   --->   Operation 7 'specinterface' 'specinterface_ln0' <Predicate = true> <Delay = 0.00>
ST_1 : Operation 8 [1/1] (0.00ns)   --->   "%numOfOutputNeurons_read = read i16 @_ssdm_op_Read.ap_auto.i16, i16 %numOfOutputNeurons"   --->   Operation 8 'read' 'numOfOutputNeurons_read' <Predicate = true> <Delay = 0.00>
ST_1 : Operation 9 [1/1] (1.58ns)   --->   "%store_ln0 = store i16 0, i16 %i_2"   --->   Operation 9 'store' 'store_ln0' <Predicate = true> <Delay = 1.58>
ST_1 : Operation 10 [1/1] (0.00ns)   --->   "%br_ln0 = br void %_ZltILi16ELi8ELb1EL9ap_q_mode5EL9ap_o_mode3ELi0EEbRK13ap_fixed_baseIXT_EXT0_EXT1_EXT2_EXT3_EXT4_EEi.exit.i.i"   --->   Operation 10 'br' 'br_ln0' <Predicate = true> <Delay = 0.00>
ST_1 : Operation 11 [1/1] (0.00ns)   --->   "%i = load i16 %i_2" [HLS_Project/neural_layer.cpp:16]   --->   Operation 11 'load' 'i' <Predicate = true> <Delay = 0.00>
ST_1 : Operation 12 [1/1] (0.00ns)   --->   "%specpipeline_ln0 = specpipeline void @_ssdm_op_SpecPipeline, i32 4294967295, i32 0, i32 1, i32 0, void @p_str"   --->   Operation 12 'specpipeline' 'specpipeline_ln0' <Predicate = true> <Delay = 0.00>
ST_1 : Operation 13 [1/1] (2.42ns)   --->   "%icmp_ln16 = icmp_eq  i16 %i, i16 %numOfOutputNeurons_read" [HLS_Project/neural_layer.cpp:16]   --->   Operation 13 'icmp' 'icmp_ln16' <Predicate = true> <Delay = 2.42> <CoreInst = "Cmp">   --->   Core 9 'Cmp' <Latency = 0> <II = 1> <Delay = 2.42> <FuncUnit> <Opcode : 'icmp'> <InPorts = 2> <OutPorts = 1>
ST_1 : Operation 14 [1/1] (2.07ns)   --->   "%i_8 = add i16 %i, i16 1" [HLS_Project/neural_layer.cpp:16]   --->   Operation 14 'add' 'i_8' <Predicate = true> <Delay = 2.07> <CoreInst = "Adder">   --->   Core 1 'Adder' <Latency = 0> <II = 1> <Delay = 2.07> <FuncUnit> <Opcode : 'add' 'sub'> <InPorts = 2> <OutPorts = 1>
ST_1 : Operation 15 [1/1] (0.00ns)   --->   "%br_ln16 = br i1 %icmp_ln16, void %_ZltILi16ELi8ELb1EL9ap_q_mode5EL9ap_o_mode3ELi0EEbRK13ap_fixed_baseIXT_EXT0_EXT1_EXT2_EXT3_EXT4_EEi.exit.i.i.split, void %_Z13runActivationP8ap_fixedILi16ELi8EL9ap_q_mode5EL9ap_o_mode3ELi0EES3_th.exit.loopexit.exitStub" [HLS_Project/neural_layer.cpp:16]   --->   Operation 15 'br' 'br_ln16' <Predicate = true> <Delay = 0.00>
ST_1 : Operation 16 [1/1] (0.00ns)   --->   "%zext_ln18 = zext i16 %i" [HLS_Project/neural_layer.cpp:18]   --->   Operation 16 'zext' 'zext_ln18' <Predicate = (!icmp_ln16)> <Delay = 0.00>
ST_1 : Operation 17 [1/1] (0.00ns)   --->   "%output_V_addr = getelementptr i16 %output_V, i64 0, i64 %zext_ln18"   --->   Operation 17 'getelementptr' 'output_V_addr' <Predicate = (!icmp_ln16)> <Delay = 0.00>
ST_1 : Operation 18 [2/2] (3.25ns)   --->   "%output_V_load = load i7 %output_V_addr"   --->   Operation 18 'load' 'output_V_load' <Predicate = (!icmp_ln16)> <Delay = 3.25> <CoreInst = "RAM">   --->   Core 82 'RAM' <Latency = 1> <II = 1> <Delay = 3.25> <Storage> <Opcode : 'load' 'store'> <Ports = 2> <Width = 16> <Depth = 128> <RAM>
ST_1 : Operation 19 [1/1] (1.58ns)   --->   "%store_ln16 = store i16 %i_8, i16 %i_2" [HLS_Project/neural_layer.cpp:16]   --->   Operation 19 'store' 'store_ln16' <Predicate = (!icmp_ln16)> <Delay = 1.58>
ST_1 : Operation 29 [1/1] (0.00ns)   --->   "%ret_ln0 = ret"   --->   Operation 29 'ret' 'ret_ln0' <Predicate = (icmp_ln16)> <Delay = 0.00>

State 2 <SV = 1> <Delay = 7.26>
ST_2 : Operation 20 [1/1] (0.00ns)   --->   "%specloopname_ln16 = specloopname void @_ssdm_op_SpecLoopName, void @empty_13" [HLS_Project/neural_layer.cpp:16]   --->   Operation 20 'specloopname' 'specloopname_ln16' <Predicate = true> <Delay = 0.00>
ST_2 : Operation 21 [1/2] (3.25ns)   --->   "%output_V_load = load i7 %output_V_addr"   --->   Operation 21 'load' 'output_V_load' <Predicate = true> <Delay = 3.25> <CoreInst = "RAM">   --->   Core 82 'RAM' <Latency = 1> <II = 1> <Delay = 3.25> <Storage> <Opcode : 'load' 'store'> <Ports = 2> <Width = 16> <Depth = 128> <RAM>
ST_2 : Operation 22 [1/1] (0.00ns)   --->   "%trunc_ln1548 = trunc i16 %output_V_load"   --->   Operation 22 'trunc' 'trunc_ln1548' <Predicate = true> <Delay = 0.00>
ST_2 : Operation 23 [1/1] (0.00ns)   --->   "%tmp = bitselect i1 @_ssdm_op_BitSelect.i1.i16.i32, i16 %output_V_load, i32 15"   --->   Operation 23 'bitselect' 'tmp' <Predicate = true> <Delay = 0.00>
ST_2 : Operation 24 [1/1] (0.00ns)   --->   "%output_r_addr = getelementptr i16 %output_r, i64 0, i64 %zext_ln18" [HLS_Project/neural_layer.cpp:23]   --->   Operation 24 'getelementptr' 'output_r_addr' <Predicate = true> <Delay = 0.00>
ST_2 : Operation 25 [1/1] (0.75ns)   --->   "%select_ln18 = select i1 %tmp, i15 0, i15 %trunc_ln1548" [HLS_Project/neural_layer.cpp:18]   --->   Operation 25 'select' 'select_ln18' <Predicate = true> <Delay = 0.75> <CoreInst = "Sel">   --->   Core 73 'Sel' <Latency = 0> <II = 1> <Delay = 0.75> <FuncUnit> <Opcode : 'select'> <InPorts = 3> <OutPorts = 1>
ST_2 : Operation 26 [1/1] (0.00ns)   --->   "%zext_ln20 = zext i15 %select_ln18" [HLS_Project/neural_layer.cpp:20]   --->   Operation 26 'zext' 'zext_ln20' <Predicate = true> <Delay = 0.00>
ST_2 : Operation 27 [1/1] (3.25ns)   --->   "%store_ln20 = store i16 %zext_ln20, i7 %output_r_addr" [HLS_Project/neural_layer.cpp:20]   --->   Operation 27 'store' 'store_ln20' <Predicate = true> <Delay = 3.25> <CoreInst = "RAM_1P">   --->   Core 86 'RAM_1P' <Latency = 1> <II = 1> <Delay = 3.25> <Storage> <Opcode : 'load' 'store'> <Ports = 1> <Width = 16> <Depth = 128> <RAM>
ST_2 : Operation 28 [1/1] (0.00ns)   --->   "%br_ln0 = br void %_ZltILi16ELi8ELb1EL9ap_q_mode5EL9ap_o_mode3ELi0EEbRK13ap_fixed_baseIXT_EXT0_EXT1_EXT2_EXT3_EXT4_EEi.exit.i.i"   --->   Operation 28 'br' 'br_ln0' <Predicate = true> <Delay = 0.00>


============================================================
+ Verbose Summary: Binding
============================================================
STG Binding: 
---------------- STG Properties BEGIN ----------------
- Is combinational: 0
- Is one-state seq: 0
- Is datapath-only: 0
- Is pipelined: 0
- Is top level: 0
Port [ Return ] is wired: 1; IO mode=ap_ctrl_hs:ce=0
Port [ numOfOutputNeurons]:  wired=1; compound=0; hidden=0; nouse=0; global=0; static=0; extern=0; dir=0; type=0; pingpong=0; private_global=0; IO mode=ap_none:ce=0
Port [ output_r]:  wired=1; compound=1; hidden=0; nouse=0; global=0; static=0; extern=0; dir=1; type=1; pingpong=0; private_global=0; MemPort=[0]; IO mode=ap_memory:ce=0
Port [ output_V]:  wired=1; compound=1; hidden=0; nouse=0; global=1; static=1; extern=0; dir=0; type=1; pingpong=0; private_global=0; MemPort=[13]; IO mode=ap_memory:ce=0
---------------- STG Properties END ------------------

---------------- Datapath Model BEGIN ----------------

<LifeTime>
<method=bitvector/>
i_2                     (alloca       ) [ 010]
specmemcore_ln0         (specmemcore  ) [ 000]
specinterface_ln0       (specinterface) [ 000]
numOfOutputNeurons_read (read         ) [ 000]
store_ln0               (store        ) [ 000]
br_ln0                  (br           ) [ 000]
i                       (load         ) [ 000]
specpipeline_ln0        (specpipeline ) [ 000]
icmp_ln16               (icmp         ) [ 010]
i_8                     (add          ) [ 000]
br_ln16                 (br           ) [ 000]
zext_ln18               (zext         ) [ 011]
output_V_addr           (getelementptr) [ 011]
store_ln16              (store        ) [ 000]
specloopname_ln16       (specloopname ) [ 000]
output_V_load           (load         ) [ 000]
trunc_ln1548            (trunc        ) [ 000]
tmp                     (bitselect    ) [ 000]
output_r_addr           (getelementptr) [ 000]
select_ln18             (select       ) [ 000]
zext_ln20               (zext         ) [ 000]
store_ln20              (store        ) [ 000]
br_ln0                  (br           ) [ 000]
ret_ln0                 (ret          ) [ 000]
</LifeTime>

<model>

<comp_list>
<comp id="0" class="1000" name="numOfOutputNeurons">
<pin_list>
<pin id="1" dir="1" index="0" bw="1" slack="0"/>
</pin_list>
<bind>
<StgValue><ssdm name="numOfOutputNeurons"/></StgValue>
</bind>
</comp>

<comp id="2" class="1000" name="output_r">
<pin_list>
<pin id="3" dir="1" index="0" bw="1" slack="0"/>
</pin_list>
<bind>
<StgValue><ssdm name="output_r"/><MemPortTyVec>0 </MemPortTyVec>
</StgValue>
</bind>
</comp>

<comp id="4" class="1000" name="output_V">
<pin_list>
<pin id="5" dir="1" index="0" bw="1" slack="0"/>
</pin_list>
<bind>
<StgValue><ssdm name="output_V"/><MemPortTyVec>1 3 </MemPortTyVec>
</StgValue>
</bind>
</comp>

<comp id="6" class="1001" name="const_6">
<pin_list>
<pin id="7" dir="1" index="0" bw="1" slack="0"/>
</pin_list>
<bind>
<StgValue><ssdm name=""/></StgValue>
</bind>
</comp>

<comp id="8" class="1001" name="const_8">
<pin_list>
<pin id="9" dir="1" index="0" bw="1" slack="2147483647"/>
</pin_list>
<bind>
<StgValue><ssdm name="_ssdm_op_SpecMemCore"/></StgValue>
</bind>
</comp>

<comp id="10" class="1001" name="const_10">
<pin_list>
<pin id="11" dir="1" index="0" bw="1" slack="2147483647"/>
</pin_list>
<bind>
<StgValue><ssdm name=""/></StgValue>
</bind>
</comp>

<comp id="12" class="1001" name="const_12">
<pin_list>
<pin id="13" dir="1" index="0" bw="1" slack="2147483647"/>
</pin_list>
<bind>
<StgValue><ssdm name=""/></StgValue>
</bind>
</comp>

<comp id="14" class="1001" name="const_14">
<pin_list>
<pin id="15" dir="1" index="0" bw="1" slack="2147483647"/>
</pin_list>
<bind>
<StgValue><ssdm name=""/></StgValue>
</bind>
</comp>

<comp id="16" class="1001" name="const_16">
<pin_list>
<pin id="17" dir="1" index="0" bw="1" slack="2147483647"/>
</pin_list>
<bind>
<StgValue><ssdm name="_ssdm_op_SpecInterface"/></StgValue>
</bind>
</comp>

<comp id="18" class="1001" name="const_18">
<pin_list>
<pin id="19" dir="1" index="0" bw="1" slack="2147483647"/>
</pin_list>
<bind>
<StgValue><ssdm name="empty_3"/></StgValue>
</bind>
</comp>

<comp id="20" class="1001" name="const_20">
<pin_list>
<pin id="21" dir="1" index="0" bw="1" slack="2147483647"/>
</pin_list>
<bind>
<StgValue><ssdm name=""/></StgValue>
</bind>
</comp>

<comp id="22" class="1001" name="const_22">
<pin_list>
<pin id="23" dir="1" index="0" bw="1" slack="2147483647"/>
</pin_list>
<bind>
<StgValue><ssdm name="empty_0"/></StgValue>
</bind>
</comp>

<comp id="24" class="1001" name="const_24">
<pin_list>
<pin id="25" dir="1" index="0" bw="1" slack="0"/>
</pin_list>
<bind>
<StgValue><ssdm name="_ssdm_op_Read.ap_auto.i16"/></StgValue>
</bind>
</comp>

<comp id="26" class="1001" name="const_26">
<pin_list>
<pin id="27" dir="1" index="0" bw="1" slack="0"/>
</pin_list>
<bind>
<StgValue><ssdm name=""/></StgValue>
</bind>
</comp>

<comp id="28" class="1001" name="const_28">
<pin_list>
<pin id="29" dir="1" index="0" bw="1" slack="2147483647"/>
</pin_list>
<bind>
<StgValue><ssdm name="_ssdm_op_SpecPipeline"/></StgValue>
</bind>
</comp>

<comp id="30" class="1001" name="const_30">
<pin_list>
<pin id="31" dir="1" index="0" bw="1" slack="2147483647"/>
</pin_list>
<bind>
<StgValue><ssdm name=""/></StgValue>
</bind>
</comp>

<comp id="32" class="1001" name="const_32">
<pin_list>
<pin id="33" dir="1" index="0" bw="1" slack="2147483647"/>
</pin_list>
<bind>
<StgValue><ssdm name="p_str"/></StgValue>
</bind>
</comp>

<comp id="34" class="1001" name="const_34">
<pin_list>
<pin id="35" dir="1" index="0" bw="1" slack="0"/>
</pin_list>
<bind>
<StgValue><ssdm name=""/></StgValue>
</bind>
</comp>

<comp id="36" class="1001" name="const_36">
<pin_list>
<pin id="37" dir="1" index="0" bw="1" slack="0"/>
</pin_list>
<bind>
<StgValue><ssdm name=""/></StgValue>
</bind>
</comp>

<comp id="38" class="1001" name="const_38">
<pin_list>
<pin id="39" dir="1" index="0" bw="1" slack="2147483647"/>
</pin_list>
<bind>
<StgValue><ssdm name="_ssdm_op_SpecLoopName"/></StgValue>
</bind>
</comp>

<comp id="40" class="1001" name="const_40">
<pin_list>
<pin id="41" dir="1" index="0" bw="1" slack="2147483647"/>
</pin_list>
<bind>
<StgValue><ssdm name="empty_13"/></StgValue>
</bind>
</comp>

<comp id="42" class="1001" name="const_42">
<pin_list>
<pin id="43" dir="1" index="0" bw="1" slack="0"/>
</pin_list>
<bind>
<StgValue><ssdm name="_ssdm_op_BitSelect.i1.i16.i32"/></StgValue>
</bind>
</comp>

<comp id="44" class="1001" name="const_44">
<pin_list>
<pin id="45" dir="1" index="0" bw="1" slack="0"/>
</pin_list>
<bind>
<StgValue><ssdm name=""/></StgValue>
</bind>
</comp>

<comp id="46" class="1001" name="const_46">
<pin_list>
<pin id="47" dir="1" index="0" bw="1" slack="0"/>
</pin_list>
<bind>
<StgValue><ssdm name=""/></StgValue>
</bind>
</comp>

<comp id="48" class="1004" name="i_2_fu_48">
<pin_list>
<pin id="49" dir="0" index="0" bw="1" slack="0"/>
<pin id="50" dir="1" index="1" bw="16" slack="0"/>
</pin_list>
<bind>
<opcode="alloca(26) " fcode="alloca"/>
<opset="i_2/1 "/>
</bind>
</comp>

<comp id="52" class="1004" name="numOfOutputNeurons_read_read_fu_52">
<pin_list>
<pin id="53" dir="0" index="0" bw="16" slack="0"/>
<pin id="54" dir="0" index="1" bw="16" slack="0"/>
<pin id="55" dir="1" index="2" bw="16" slack="0"/>
</pin_list>
<bind>
<opcode="read(1150) " fcode="read"/>
<opset="numOfOutputNeurons_read/1 "/>
</bind>
</comp>

<comp id="58" class="1004" name="output_V_addr_gep_fu_58">
<pin_list>
<pin id="59" dir="0" index="0" bw="16" slack="0"/>
<pin id="60" dir="0" index="1" bw="1" slack="0"/>
<pin id="61" dir="0" index="2" bw="16" slack="0"/>
<pin id="62" dir="1" index="3" bw="7" slack="0"/>
</pin_list>
<bind>
<opcode="getelementptr(29) " fcode="getelementptr"/>
<opset="output_V_addr/1 "/>
</bind>
</comp>

<comp id="65" class="1004" name="grp_access_fu_65">
<pin_list>
<pin id="66" dir="0" index="0" bw="7" slack="0"/>
<pin id="67" dir="0" index="1" bw="16" slack="2147483647"/>
<pin id="68" dir="0" index="2" bw="0" slack="2147483647"/>
<pin id="69" dir="1" index="3" bw="16" slack="0"/>
</pin_list>
<bind>
<opcode="load(27) " fcode="load"/>
<opset="output_V_load/1 "/>
</bind>
</comp>

<comp id="71" class="1004" name="output_r_addr_gep_fu_71">
<pin_list>
<pin id="72" dir="0" index="0" bw="16" slack="0"/>
<pin id="73" dir="0" index="1" bw="1" slack="0"/>
<pin id="74" dir="0" index="2" bw="16" slack="1"/>
<pin id="75" dir="1" index="3" bw="7" slack="0"/>
</pin_list>
<bind>
<opcode="getelementptr(29) " fcode="getelementptr"/>
<opset="output_r_addr/2 "/>
</bind>
</comp>

<comp id="78" class="1004" name="store_ln20_access_fu_78">
<pin_list>
<pin id="79" dir="0" index="0" bw="7" slack="0"/>
<pin id="80" dir="0" index="1" bw="16" slack="0"/>
<pin id="81" dir="0" index="2" bw="0" slack="2147483647"/>
<pin id="82" dir="1" index="3" bw="16" slack="2147483647"/>
</pin_list>
<bind>
<opcode="store(28) " fcode="store"/>
<opset="store_ln20/2 "/>
</bind>
</comp>

<comp id="84" class="1004" name="store_ln0_store_fu_84">
<pin_list>
<pin id="85" dir="0" index="0" bw="1" slack="0"/>
<pin id="86" dir="0" index="1" bw="16" slack="0"/>
<pin id="87" dir="1" index="2" bw="0" slack="2147483647"/>
</pin_list>
<bind>
<opcode="store(28) " fcode="store"/>
<opset="store_ln0/1 "/>
</bind>
</comp>

<comp id="89" class="1004" name="i_load_fu_89">
<pin_list>
<pin id="90" dir="0" index="0" bw="16" slack="0"/>
<pin id="91" dir="1" index="1" bw="16" slack="0"/>
</pin_list>
<bind>
<opcode="load(27) " fcode="load"/>
<opset="i/1 "/>
</bind>
</comp>

<comp id="92" class="1004" name="icmp_ln16_fu_92">
<pin_list>
<pin id="93" dir="0" index="0" bw="16" slack="0"/>
<pin id="94" dir="0" index="1" bw="16" slack="0"/>
<pin id="95" dir="1" index="2" bw="1" slack="2147483647"/>
</pin_list>
<bind>
<opcode="icmp(45) " fcode="icmp"/>
<opset="icmp_ln16/1 "/>
</bind>
</comp>

<comp id="98" class="1004" name="i_8_fu_98">
<pin_list>
<pin id="99" dir="0" index="0" bw="16" slack="0"/>
<pin id="100" dir="0" index="1" bw="1" slack="0"/>
<pin id="101" dir="1" index="2" bw="16" slack="0"/>
</pin_list>
<bind>
<opcode="add(8) " fcode="add"/>
<opset="i_8/1 "/>
</bind>
</comp>

<comp id="104" class="1004" name="zext_ln18_fu_104">
<pin_list>
<pin id="105" dir="0" index="0" bw="16" slack="0"/>
<pin id="106" dir="1" index="1" bw="64" slack="0"/>
</pin_list>
<bind>
<opcode="zext(34) " fcode="zext"/>
<opset="zext_ln18/1 "/>
</bind>
</comp>

<comp id="109" class="1004" name="store_ln16_store_fu_109">
<pin_list>
<pin id="110" dir="0" index="0" bw="16" slack="0"/>
<pin id="111" dir="0" index="1" bw="16" slack="0"/>
<pin id="112" dir="1" index="2" bw="0" slack="2147483647"/>
</pin_list>
<bind>
<opcode="store(28) " fcode="store"/>
<opset="store_ln16/1 "/>
</bind>
</comp>

<comp id="114" class="1004" name="trunc_ln1548_fu_114">
<pin_list>
<pin id="115" dir="0" index="0" bw="16" slack="0"/>
<pin id="116" dir="1" index="1" bw="15" slack="0"/>
</pin_list>
<bind>
<opcode="trunc(33) " fcode="trunc"/>
<opset="trunc_ln1548/2 "/>
</bind>
</comp>

<comp id="118" class="1004" name="tmp_fu_118">
<pin_list>
<pin id="119" dir="0" index="0" bw="1" slack="0"/>
<pin id="120" dir="0" index="1" bw="16" slack="0"/>
<pin id="121" dir="0" index="2" bw="5" slack="0"/>
<pin id="122" dir="1" index="3" bw="1" slack="0"/>
</pin_list>
<bind>
<opcode="bitselect(1000) " fcode="bitselect"/>
<opset="tmp/2 "/>
</bind>
</comp>

<comp id="126" class="1004" name="select_ln18_fu_126">
<pin_list>
<pin id="127" dir="0" index="0" bw="1" slack="0"/>
<pin id="128" dir="0" index="1" bw="15" slack="0"/>
<pin id="129" dir="0" index="2" bw="15" slack="0"/>
<pin id="130" dir="1" index="3" bw="15" slack="0"/>
</pin_list>
<bind>
<opcode="select(49) " fcode="select"/>
<opset="select_ln18/2 "/>
</bind>
</comp>

<comp id="134" class="1004" name="zext_ln20_fu_134">
<pin_list>
<pin id="135" dir="0" index="0" bw="15" slack="0"/>
<pin id="136" dir="1" index="1" bw="16" slack="0"/>
</pin_list>
<bind>
<opcode="zext(34) " fcode="zext"/>
<opset="zext_ln20/2 "/>
</bind>
</comp>

<comp id="139" class="1005" name="i_2_reg_139">
<pin_list>
<pin id="140" dir="0" index="0" bw="16" slack="0"/>
<pin id="141" dir="1" index="1" bw="16" slack="0"/>
</pin_list>
<bind>
<opset="i_2 "/>
</bind>
</comp>

<comp id="149" class="1005" name="zext_ln18_reg_149">
<pin_list>
<pin id="150" dir="0" index="0" bw="64" slack="1"/>
<pin id="151" dir="1" index="1" bw="64" slack="1"/>
</pin_list>
<bind>
<opset="zext_ln18 "/>
</bind>
</comp>

<comp id="154" class="1005" name="output_V_addr_reg_154">
<pin_list>
<pin id="155" dir="0" index="0" bw="7" slack="1"/>
<pin id="156" dir="1" index="1" bw="7" slack="1"/>
</pin_list>
<bind>
<opset="output_V_addr "/>
</bind>
</comp>

</comp_list>

<net_list>
<net id="51"><net_src comp="6" pin="0"/><net_sink comp="48" pin=0"/></net>

<net id="56"><net_src comp="24" pin="0"/><net_sink comp="52" pin=0"/></net>

<net id="57"><net_src comp="0" pin="0"/><net_sink comp="52" pin=1"/></net>

<net id="63"><net_src comp="4" pin="0"/><net_sink comp="58" pin=0"/></net>

<net id="64"><net_src comp="36" pin="0"/><net_sink comp="58" pin=1"/></net>

<net id="70"><net_src comp="58" pin="3"/><net_sink comp="65" pin=0"/></net>

<net id="76"><net_src comp="2" pin="0"/><net_sink comp="71" pin=0"/></net>

<net id="77"><net_src comp="36" pin="0"/><net_sink comp="71" pin=1"/></net>

<net id="83"><net_src comp="71" pin="3"/><net_sink comp="78" pin=0"/></net>

<net id="88"><net_src comp="26" pin="0"/><net_sink comp="84" pin=0"/></net>

<net id="96"><net_src comp="89" pin="1"/><net_sink comp="92" pin=0"/></net>

<net id="97"><net_src comp="52" pin="2"/><net_sink comp="92" pin=1"/></net>

<net id="102"><net_src comp="89" pin="1"/><net_sink comp="98" pin=0"/></net>

<net id="103"><net_src comp="34" pin="0"/><net_sink comp="98" pin=1"/></net>

<net id="107"><net_src comp="89" pin="1"/><net_sink comp="104" pin=0"/></net>

<net id="108"><net_src comp="104" pin="1"/><net_sink comp="58" pin=2"/></net>

<net id="113"><net_src comp="98" pin="2"/><net_sink comp="109" pin=0"/></net>

<net id="117"><net_src comp="65" pin="3"/><net_sink comp="114" pin=0"/></net>

<net id="123"><net_src comp="42" pin="0"/><net_sink comp="118" pin=0"/></net>

<net id="124"><net_src comp="65" pin="3"/><net_sink comp="118" pin=1"/></net>

<net id="125"><net_src comp="44" pin="0"/><net_sink comp="118" pin=2"/></net>

<net id="131"><net_src comp="118" pin="3"/><net_sink comp="126" pin=0"/></net>

<net id="132"><net_src comp="46" pin="0"/><net_sink comp="126" pin=1"/></net>

<net id="133"><net_src comp="114" pin="1"/><net_sink comp="126" pin=2"/></net>

<net id="137"><net_src comp="126" pin="3"/><net_sink comp="134" pin=0"/></net>

<net id="138"><net_src comp="134" pin="1"/><net_sink comp="78" pin=1"/></net>

<net id="142"><net_src comp="48" pin="1"/><net_sink comp="139" pin=0"/></net>

<net id="143"><net_src comp="139" pin="1"/><net_sink comp="84" pin=1"/></net>

<net id="144"><net_src comp="139" pin="1"/><net_sink comp="89" pin=0"/></net>

<net id="145"><net_src comp="139" pin="1"/><net_sink comp="109" pin=1"/></net>

<net id="152"><net_src comp="104" pin="1"/><net_sink comp="149" pin=0"/></net>

<net id="153"><net_src comp="149" pin="1"/><net_sink comp="71" pin=2"/></net>

<net id="157"><net_src comp="58" pin="3"/><net_sink comp="154" pin=0"/></net>

<net id="158"><net_src comp="154" pin="1"/><net_sink comp="65" pin=0"/></net>

</net_list>

</model> 
---------------- Datapath Model END ------------------

* FSMD analyzer results:
  - Output states:
	Port: output_r | {2 }
	Port: output_V | {}
 - Input state : 
	Port: nnlayer_Pipeline_VITIS_LOOP_16_1 : numOfOutputNeurons | {1 }
	Port: nnlayer_Pipeline_VITIS_LOOP_16_1 : output_r | {}
	Port: nnlayer_Pipeline_VITIS_LOOP_16_1 : output_V | {1 2 }
  - Chain level:
	State 1
		store_ln0 : 1
		i : 1
		icmp_ln16 : 2
		i_8 : 2
		br_ln16 : 3
		zext_ln18 : 2
		output_V_addr : 3
		output_V_load : 4
		store_ln16 : 3
	State 2
		trunc_ln1548 : 1
		tmp : 1
		select_ln18 : 2
		zext_ln20 : 3
		store_ln20 : 4


============================================================
+ Verbose Summary: Datapath Resource usage 
============================================================

* Functional unit list:
|----------|------------------------------------|---------|---------|
| Operation|           Functional Unit          |    FF   |   LUT   |
|----------|------------------------------------|---------|---------|
|    add   |              i_8_fu_98             |    0    |    23   |
|----------|------------------------------------|---------|---------|
|  select  |         select_ln18_fu_126         |    0    |    15   |
|----------|------------------------------------|---------|---------|
|   icmp   |           icmp_ln16_fu_92          |    0    |    13   |
|----------|------------------------------------|---------|---------|
|   read   | numOfOutputNeurons_read_read_fu_52 |    0    |    0    |
|----------|------------------------------------|---------|---------|
|   zext   |          zext_ln18_fu_104          |    0    |    0    |
|          |          zext_ln20_fu_134          |    0    |    0    |
|----------|------------------------------------|---------|---------|
|   trunc  |         trunc_ln1548_fu_114        |    0    |    0    |
|----------|------------------------------------|---------|---------|
| bitselect|             tmp_fu_118             |    0    |    0    |
|----------|------------------------------------|---------|---------|
|   Total  |                                    |    0    |    51   |
|----------|------------------------------------|---------|---------|

Memories:
N/A

* Register list:
+---------------------+--------+
|                     |   FF   |
+---------------------+--------+
|     i_2_reg_139     |   16   |
|output_V_addr_reg_154|    7   |
|  zext_ln18_reg_149  |   64   |
+---------------------+--------+
|        Total        |   87   |
+---------------------+--------+

* Multiplexer (MUX) list: 
|------------------|------|------|------|--------||---------||---------|
|       Comp       |  Pin | Size |  BW  | S x BW ||  Delay  ||   LUT   |
|------------------|------|------|------|--------||---------||---------|
| grp_access_fu_65 |  p0  |   2  |   7  |   14   ||    9    |
|------------------|------|------|------|--------||---------||---------|
|       Total      |      |      |      |   14   ||  1.588  ||    9    |
|------------------|------|------|------|--------||---------||---------|



* Summary:
+-----------+--------+--------+--------+
|           |  Delay |   FF   |   LUT  |
+-----------+--------+--------+--------+
|  Function |    -   |    0   |   51   |
|   Memory  |    -   |    -   |    -   |
|Multiplexer|    1   |    -   |    9   |
|  Register |    -   |   87   |    -   |
+-----------+--------+--------+--------+
|   Total   |    1   |   87   |   60   |
+-----------+--------+--------+--------+
