Copyright 1986-2021 Xilinx, Inc. All Rights Reserved.
---------------------------------------------------------------------------------------------
| Tool Version : Vivado v.2021.2 (win64) Build 3367213 Tue Oct 19 02:48:09 MDT 2021
| Date         : Mon May  9 13:13:56 2022
| Host         : DESKTOP-IFL7HB3 running 64-bit major release  (build 9200)
| Command      : report_control_sets -verbose -file design_1_wrapper_control_sets_placed.rpt
| Design       : design_1_wrapper
| Device       : xc7z020
---------------------------------------------------------------------------------------------

Control Set Information

Table of Contents
-----------------
1. Summary
2. Histogram
3. Flip-Flop Distribution
4. Detailed Control Set Information

1. Summary
----------

+----------------------------------------------------------+-------+
|                          Status                          | Count |
+----------------------------------------------------------+-------+
| Total control sets                                       |    76 |
|    Minimum number of control sets                        |    76 |
|    Addition due to synthesis replication                 |     0 |
|    Addition due to physical synthesis replication        |     0 |
| Unused register locations in slices containing registers |   144 |
+----------------------------------------------------------+-------+
* Control sets can be merged at opt_design using control_set_merge or merge_equivalent_drivers
** Run report_qor_suggestions for automated merging and remapping suggestions


2. Histogram
------------

+--------------------+-------+
|       Fanout       | Count |
+--------------------+-------+
| Total control sets |    76 |
| >= 0 to < 4        |     3 |
| >= 4 to < 6        |     6 |
| >= 6 to < 8        |    10 |
| >= 8 to < 10       |     6 |
| >= 10 to < 12      |     1 |
| >= 12 to < 14      |     5 |
| >= 14 to < 16      |     3 |
| >= 16              |    42 |
+--------------------+-------+
* Control sets can be remapped at either synth_design or opt_design


3. Flip-Flop Distribution
-------------------------

+--------------+-----------------------+------------------------+-----------------+--------------+
| Clock Enable | Synchronous Set/Reset | Asynchronous Set/Reset | Total Registers | Total Slices |
+--------------+-----------------------+------------------------+-----------------+--------------+
| No           | No                    | No                     |             421 |          117 |
| No           | No                    | Yes                    |               0 |            0 |
| No           | Yes                   | No                     |             255 |           85 |
| Yes          | No                    | No                     |             888 |          243 |
| Yes          | No                    | Yes                    |               0 |            0 |
| Yes          | Yes                   | No                     |             292 |           85 |
+--------------+-----------------------+------------------------+-----------------+--------------+


4. Detailed Control Set Information
-----------------------------------

+-------------------------------------------------+----------------------------------------------------------------------------------------------------------------------------------------------------------------+-------------------------------------------------------------------------------------------------------------------------------------------------------+------------------+----------------+--------------+
|                   Clock Signal                  |                                                                          Enable Signal                                                                         |                                                                    Set/Reset Signal                                                                   | Slice Load Count | Bel Load Count | Bels / Slice |
+-------------------------------------------------+----------------------------------------------------------------------------------------------------------------------------------------------------------------+-------------------------------------------------------------------------------------------------------------------------------------------------------+------------------+----------------+--------------+
|  design_1_i/processing_system7_0/inst/FCLK_CLK0 | design_1_i/nnlayer_0/inst/ap_CS_fsm_state6                                                                                                                     | design_1_i/nnlayer_0/inst/ap_rst_n_inv                                                                                                                |                1 |              1 |         1.00 |
|  design_1_i/processing_system7_0/inst/FCLK_CLK0 | design_1_i/ps7_0_axi_periph/s00_couplers/auto_pc/inst/gen_axilite.gen_b2s_conv.axilite_b2s/WR.aw_channel_0/aw_cmd_fsm_0/FSM_sequential_state_reg[0]_1          | design_1_i/ps7_0_axi_periph/s00_couplers/auto_pc/inst/gen_axilite.gen_b2s_conv.axilite_b2s/WR.aw_channel_0/aw_cmd_fsm_0/FSM_sequential_state_reg[0]_0 |                1 |              1 |         1.00 |
|  design_1_i/processing_system7_0/inst/FCLK_CLK0 | design_1_i/ps7_0_axi_periph/s00_couplers/auto_pc/inst/gen_axilite.gen_b2s_conv.axilite_b2s/WR.b_channel_0/bid_fifo_0/sel                                       |                                                                                                                                                       |                1 |              2 |         2.00 |
|  design_1_i/processing_system7_0/inst/FCLK_CLK0 |                                                                                                                                                                | design_1_i/ps7_0_axi_periph/s00_couplers/auto_pc/inst/gen_axilite.gen_b2s_conv.axilite_b2s/SI_REG/aw.aw_pipe/aresetn_d_reg[0]_0                       |                2 |              4 |         2.00 |
|  design_1_i/processing_system7_0/inst/FCLK_CLK0 |                                                                                                                                                                | design_1_i/ps7_0_axi_periph/s00_couplers/auto_pc/inst/gen_axilite.gen_b2s_conv.axilite_b2s/SI_REG/ar.ar_pipe/aresetn_d_reg[1]_inv_0                   |                2 |              4 |         2.00 |
|  design_1_i/processing_system7_0/inst/FCLK_CLK0 |                                                                                                                                                                | design_1_i/rst_ps7_0_50M/U0/EXT_LPF/lpf_int                                                                                                           |                2 |              4 |         2.00 |
|  design_1_i/processing_system7_0/inst/FCLK_CLK0 | design_1_i/ps7_0_axi_periph/s00_couplers/auto_pc/inst/gen_axilite.gen_b2s_conv.axilite_b2s/RD.ar_channel_0/ar_cmd_fsm_0/m_axi_arready_2                        | design_1_i/ps7_0_axi_periph/s00_couplers/auto_pc/inst/gen_axilite.gen_b2s_conv.axilite_b2s/RD.ar_channel_0/ar_cmd_fsm_0/FSM_sequential_state_reg[1]_0 |                1 |              4 |         4.00 |
|  design_1_i/processing_system7_0/inst/FCLK_CLK0 | design_1_i/ps7_0_axi_periph/s00_couplers/auto_pc/inst/gen_axilite.gen_b2s_conv.axilite_b2s/RD.r_channel_0/transaction_fifo_0/cnt_read[4]_i_1_n_0               | design_1_i/ps7_0_axi_periph/s00_couplers/auto_pc/inst/gen_axilite.gen_b2s_conv.axilite_b2s/areset_d1                                                  |                2 |              5 |         2.50 |
|  design_1_i/processing_system7_0/inst/FCLK_CLK0 | design_1_i/ps7_0_axi_periph/s00_couplers/auto_pc/inst/gen_axilite.gen_b2s_conv.axilite_b2s/RD.r_channel_0/rd_data_fifo_0/cnt_read[4]_i_1__0_n_0                | design_1_i/ps7_0_axi_periph/s00_couplers/auto_pc/inst/gen_axilite.gen_b2s_conv.axilite_b2s/areset_d1                                                  |                2 |              5 |         2.50 |
|  design_1_i/processing_system7_0/inst/FCLK_CLK0 | design_1_i/nnlayer_0/inst/storemerge8_reg_395[31]_i_2_n_23                                                                                                     | design_1_i/nnlayer_0/inst/storemerge8_reg_395[31]_i_1_n_23                                                                                            |                3 |              6 |         2.00 |
|  design_1_i/processing_system7_0/inst/FCLK_CLK0 | design_1_i/nnlayer_0/inst/control_s_axi_U/int_ier12_out                                                                                                        | design_1_i/nnlayer_0/inst/ap_rst_n_inv                                                                                                                |                2 |              6 |         3.00 |
|  design_1_i/processing_system7_0/inst/FCLK_CLK0 | design_1_i/rst_ps7_0_50M/U0/SEQ/seq_cnt_en                                                                                                                     | design_1_i/rst_ps7_0_50M/U0/SEQ/SEQ_COUNTER/clear                                                                                                     |                1 |              6 |         6.00 |
|  design_1_i/processing_system7_0/inst/FCLK_CLK0 | design_1_i/nnlayer_0/inst/ap_NS_fsm[148]                                                                                                                       |                                                                                                                                                       |                2 |              7 |         3.50 |
|  design_1_i/processing_system7_0/inst/FCLK_CLK0 | design_1_i/nnlayer_0/inst/ap_CS_fsm_state16                                                                                                                    |                                                                                                                                                       |                2 |              7 |         3.50 |
|  design_1_i/processing_system7_0/inst/FCLK_CLK0 | design_1_i/nnlayer_0/inst/ap_NS_fsm[146]                                                                                                                       |                                                                                                                                                       |                3 |              7 |         2.33 |
|  design_1_i/processing_system7_0/inst/FCLK_CLK0 | design_1_i/nnlayer_0/inst/i_4_fu_1740                                                                                                                          |                                                                                                                                                       |                3 |              7 |         2.33 |
|  design_1_i/processing_system7_0/inst/FCLK_CLK0 | design_1_i/nnlayer_0/inst/i_9_fu_19403_out                                                                                                                     |                                                                                                                                                       |                4 |              7 |         1.75 |
|  design_1_i/processing_system7_0/inst/FCLK_CLK0 | design_1_i/nnlayer_0/inst/ap_CS_fsm_state4                                                                                                                     |                                                                                                                                                       |                2 |              7 |         3.50 |
|  design_1_i/processing_system7_0/inst/FCLK_CLK0 | design_1_i/nnlayer_0/inst/output_V_addr_5_reg_13700                                                                                                            |                                                                                                                                                       |                3 |              7 |         2.33 |
|  design_1_i/processing_system7_0/inst/FCLK_CLK0 | design_1_i/nnlayer_0/inst/control_s_axi_U/int_activation[7]_i_1_n_23                                                                                           | design_1_i/nnlayer_0/inst/ap_rst_n_inv                                                                                                                |                3 |              8 |         2.67 |
|  design_1_i/processing_system7_0/inst/FCLK_CLK0 | design_1_i/nnlayer_0/inst/rhs_fu_166                                                                                                                           | design_1_i/nnlayer_0/inst/we01                                                                                                                        |                3 |              8 |         2.67 |
|  design_1_i/processing_system7_0/inst/FCLK_CLK0 | design_1_i/nnlayer_0/inst/p_10_in                                                                                                                              |                                                                                                                                                       |                2 |              8 |         4.00 |
|  design_1_i/processing_system7_0/inst/FCLK_CLK0 | design_1_i/nnlayer_0/inst/udiv_26ns_26s_26_30_seq_1_U2/start0                                                                                                  |                                                                                                                                                       |                3 |              8 |         2.67 |
|  design_1_i/processing_system7_0/inst/FCLK_CLK0 | design_1_i/ps7_0_axi_periph/s00_couplers/auto_pc/inst/gen_axilite.gen_b2s_conv.axilite_b2s/WR.b_channel_0/mhandshake_r                                         | design_1_i/ps7_0_axi_periph/s00_couplers/auto_pc/inst/gen_axilite.gen_b2s_conv.axilite_b2s/WR.b_channel_0/bid_fifo_0/SR[0]                            |                3 |              8 |         2.67 |
|  design_1_i/processing_system7_0/inst/FCLK_CLK0 | design_1_i/nnlayer_0/inst/ap_CS_fsm_state21                                                                                                                    |                                                                                                                                                       |                3 |              9 |         3.00 |
|  design_1_i/processing_system7_0/inst/FCLK_CLK0 |                                                                                                                                                                | design_1_i/ps7_0_axi_periph/s00_couplers/auto_pc/inst/gen_axilite.gen_b2s_conv.axilite_b2s/areset_d1                                                  |                3 |             10 |         3.33 |
|  design_1_i/processing_system7_0/inst/FCLK_CLK0 | design_1_i/ps7_0_axi_periph/s00_couplers/auto_pc/inst/gen_axilite.gen_b2s_conv.axilite_b2s/WR.aw_channel_0/cmd_translator_0/incr_cmd_0/axaddr_incr[11]_i_1_n_0 |                                                                                                                                                       |                3 |             12 |         4.00 |
|  design_1_i/processing_system7_0/inst/FCLK_CLK0 | design_1_i/ps7_0_axi_periph/s00_couplers/auto_pc/inst/gen_axilite.gen_b2s_conv.axilite_b2s/WR.aw_channel_0/aw_cmd_fsm_0/m_valid_i_reg[0]                       |                                                                                                                                                       |                4 |             12 |         3.00 |
|  design_1_i/processing_system7_0/inst/FCLK_CLK0 | design_1_i/ps7_0_axi_periph/s00_couplers/auto_pc/inst/gen_axilite.gen_b2s_conv.axilite_b2s/RD.ar_channel_0/ar_cmd_fsm_0/sel_first_reg[0]                       |                                                                                                                                                       |                3 |             12 |         4.00 |
|  design_1_i/processing_system7_0/inst/FCLK_CLK0 | design_1_i/ps7_0_axi_periph/s00_couplers/auto_pc/inst/gen_axilite.gen_b2s_conv.axilite_b2s/RD.ar_channel_0/ar_cmd_fsm_0/E[0]                                   |                                                                                                                                                       |                6 |             12 |         2.00 |
|  design_1_i/processing_system7_0/inst/FCLK_CLK0 | design_1_i/ps7_0_axi_periph/s00_couplers/auto_pc/inst/gen_axilite.gen_b2s_conv.axilite_b2s/RD.r_channel_0/r_push_r                                             |                                                                                                                                                       |                4 |             13 |         3.25 |
|  design_1_i/processing_system7_0/inst/FCLK_CLK0 | design_1_i/nnlayer_0/inst/ap_CS_fsm_state5                                                                                                                     |                                                                                                                                                       |                5 |             14 |         2.80 |
|  design_1_i/processing_system7_0/inst/FCLK_CLK0 | design_1_i/ps7_0_axi_periph/s00_couplers/auto_pc/inst/gen_axilite.gen_b2s_conv.axilite_b2s/SI_REG/b.b_pipe/s_ready_i_reg_0                                     |                                                                                                                                                       |                2 |             14 |         7.00 |
|  design_1_i/processing_system7_0/inst/FCLK_CLK0 | design_1_i/ps7_0_axi_periph/s00_couplers/auto_pc/inst/gen_axilite.gen_b2s_conv.axilite_b2s/SI_REG/b.b_pipe/p_1_in                                              |                                                                                                                                                       |                2 |             14 |         7.00 |
|  design_1_i/processing_system7_0/inst/FCLK_CLK0 | design_1_i/nnlayer_0/inst/control_s_axi_U/aw_hs                                                                                                                |                                                                                                                                                       |                6 |             16 |         2.67 |
|  design_1_i/processing_system7_0/inst/FCLK_CLK0 | design_1_i/nnlayer_0/inst/ap_CS_fsm_state52                                                                                                                    | design_1_i/nnlayer_0/inst/ap_NS_fsm111_out                                                                                                            |                5 |             16 |         3.20 |
|  design_1_i/processing_system7_0/inst/FCLK_CLK0 | design_1_i/nnlayer_0/inst/ap_CS_fsm_state19                                                                                                                    |                                                                                                                                                       |                5 |             16 |         3.20 |
|  design_1_i/processing_system7_0/inst/FCLK_CLK0 | design_1_i/nnlayer_0/inst/sdiv_24ns_17s_24_28_seq_1_U5/nnlayer_sdiv_24ns_17s_24_28_seq_1_divseq_u/E[0]                                                         |                                                                                                                                                       |                5 |             16 |         3.20 |
|  design_1_i/processing_system7_0/inst/FCLK_CLK0 | design_1_i/nnlayer_0/inst/control_s_axi_U/int_numOfOutputNeurons[15]_i_1_n_23                                                                                  | design_1_i/nnlayer_0/inst/ap_rst_n_inv                                                                                                                |                3 |             16 |         5.33 |
|  design_1_i/processing_system7_0/inst/FCLK_CLK0 | design_1_i/nnlayer_0/inst/control_s_axi_U/int_numOfInNeurons[15]_i_1_n_23                                                                                      | design_1_i/nnlayer_0/inst/ap_rst_n_inv                                                                                                                |                4 |             16 |         4.00 |
|  design_1_i/processing_system7_0/inst/FCLK_CLK0 | design_1_i/nnlayer_0/inst/ap_CS_fsm_state144                                                                                                                   |                                                                                                                                                       |                5 |             16 |         3.20 |
|  design_1_i/processing_system7_0/inst/FCLK_CLK0 | design_1_i/nnlayer_0/inst/mac_muladd_16s_16s_24ns_24_4_1_U7/nnlayer_mac_muladd_16s_16s_24ns_24_4_1_DSP48_1_U/E[0]                                              |                                                                                                                                                       |                7 |             16 |         2.29 |
|  design_1_i/processing_system7_0/inst/FCLK_CLK0 | design_1_i/nnlayer_0/inst/i_9_fu_19403_out                                                                                                                     | design_1_i/nnlayer_0/inst/i_9_fu_1940                                                                                                                 |                4 |             16 |         4.00 |
|  design_1_i/processing_system7_0/inst/FCLK_CLK0 | design_1_i/nnlayer_0/inst/reg_4150                                                                                                                             |                                                                                                                                                       |                5 |             16 |         3.20 |
|  design_1_i/processing_system7_0/inst/FCLK_CLK0 | design_1_i/nnlayer_0/inst/i_4_fu_1740                                                                                                                          | design_1_i/nnlayer_0/inst/ap_NS_fsm113_out                                                                                                            |                4 |             16 |         4.00 |
|  design_1_i/processing_system7_0/inst/FCLK_CLK0 | design_1_i/nnlayer_0/inst/ap_CS_fsm_state6                                                                                                                     |                                                                                                                                                       |                5 |             16 |         3.20 |
|  design_1_i/processing_system7_0/inst/FCLK_CLK0 | design_1_i/nnlayer_0/inst/ap_CS_fsm_state10                                                                                                                    | design_1_i/nnlayer_0/inst/inNeurons_reg_373                                                                                                           |                5 |             16 |         3.20 |
|  design_1_i/processing_system7_0/inst/FCLK_CLK0 | design_1_i/nnlayer_0/inst/we0118_out                                                                                                                           | design_1_i/nnlayer_0/inst/control_s_axi_U/SR[0]                                                                                                       |                3 |             16 |         5.33 |
|  design_1_i/processing_system7_0/inst/FCLK_CLK0 | design_1_i/ps7_0_axi_periph/s00_couplers/auto_pc/inst/gen_axilite.gen_b2s_conv.axilite_b2s/WR.aw_channel_0/aw_cmd_fsm_0/m_axi_awready_0                        |                                                                                                                                                       |                3 |             16 |         5.33 |
|  design_1_i/processing_system7_0/inst/FCLK_CLK0 | design_1_i/nnlayer_0/inst/ap_NS_fsm[11]                                                                                                                        | design_1_i/nnlayer_0/inst/we01                                                                                                                        |                4 |             16 |         4.00 |
|  design_1_i/processing_system7_0/inst/FCLK_CLK0 | design_1_i/nnlayer_0/inst/ap_NS_fsm[146]                                                                                                                       | design_1_i/nnlayer_0/inst/ap_NS_fsm114_out                                                                                                            |                4 |             16 |         4.00 |
|  design_1_i/processing_system7_0/inst/FCLK_CLK0 | design_1_i/nnlayer_0/inst/ap_NS_fsm[148]                                                                                                                       | design_1_i/nnlayer_0/inst/ap_NS_fsm116_out                                                                                                            |                4 |             16 |         4.00 |
|  design_1_i/processing_system7_0/inst/FCLK_CLK0 | design_1_i/nnlayer_0/inst/udiv_56ns_64ns_16_60_seq_1_U4/nnlayer_udiv_56ns_64ns_16_60_seq_1_divseq_u/E[0]                                                       |                                                                                                                                                       |                5 |             16 |         3.20 |
|  design_1_i/processing_system7_0/inst/FCLK_CLK0 | design_1_i/nnlayer_0/inst/ap_CS_fsm_state14                                                                                                                    |                                                                                                                                                       |                5 |             16 |         3.20 |
|  design_1_i/processing_system7_0/inst/FCLK_CLK0 | design_1_i/nnlayer_0/inst/ap_CS_fsm_state20                                                                                                                    |                                                                                                                                                       |                3 |             16 |         5.33 |
|  design_1_i/processing_system7_0/inst/FCLK_CLK0 | design_1_i/nnlayer_0/inst/ap_CS_fsm_state2                                                                                                                     |                                                                                                                                                       |                5 |             16 |         3.20 |
|  design_1_i/processing_system7_0/inst/FCLK_CLK0 | design_1_i/nnlayer_0/inst/ap_CS_fsm_state116                                                                                                                   |                                                                                                                                                       |                5 |             17 |         3.40 |
|  design_1_i/processing_system7_0/inst/FCLK_CLK0 | design_1_i/nnlayer_0/inst/ap_CS_fsm_state51                                                                                                                    |                                                                                                                                                       |                5 |             18 |         3.60 |
|  design_1_i/processing_system7_0/inst/FCLK_CLK0 | design_1_i/ps7_0_axi_periph/s00_couplers/auto_pc/inst/gen_axilite.gen_b2s_conv.axilite_b2s/RD.ar_channel_0/ar_cmd_fsm_0/m_axi_arready_2                        |                                                                                                                                                       |                8 |             21 |         2.62 |
|  design_1_i/processing_system7_0/inst/FCLK_CLK0 | design_1_i/ps7_0_axi_periph/s00_couplers/auto_pc/inst/gen_axilite.gen_b2s_conv.axilite_b2s/WR.aw_channel_0/aw_cmd_fsm_0/FSM_sequential_state_reg[0]_1          |                                                                                                                                                       |               10 |             24 |         2.40 |
|  design_1_i/processing_system7_0/inst/FCLK_CLK0 | design_1_i/nnlayer_0/inst/storemerge8_reg_395[31]_i_2_n_23                                                                                                     | design_1_i/nnlayer_0/inst/storemerge8_reg_395[25]_i_1_n_23                                                                                            |               10 |             26 |         2.60 |
|  design_1_i/processing_system7_0/inst/FCLK_CLK0 | design_1_i/nnlayer_0/inst/control_s_axi_U/rdata[31]_i_1_n_23                                                                                                   |                                                                                                                                                       |               16 |             32 |         2.00 |
|  design_1_i/processing_system7_0/inst/FCLK_CLK0 | design_1_i/ps7_0_axi_periph/s00_couplers/auto_pc/inst/gen_axilite.gen_b2s_conv.axilite_b2s/RD.r_channel_0/rd_data_fifo_0/wr_en0                                |                                                                                                                                                       |                8 |             32 |         4.00 |
|  design_1_i/processing_system7_0/inst/FCLK_CLK0 | design_1_i/nnlayer_0/inst/sdiv_24ns_17s_24_28_seq_1_U5/start0                                                                                                  |                                                                                                                                                       |                8 |             34 |         4.25 |
|  design_1_i/processing_system7_0/inst/FCLK_CLK0 | design_1_i/ps7_0_axi_periph/s00_couplers/auto_pc/inst/gen_axilite.gen_b2s_conv.axilite_b2s/RD.ar_channel_0/ar_cmd_fsm_0/m_valid_i_reg[0]                       |                                                                                                                                                       |                9 |             36 |         4.00 |
|  design_1_i/processing_system7_0/inst/FCLK_CLK0 | design_1_i/ps7_0_axi_periph/s00_couplers/auto_pc/inst/gen_axilite.gen_b2s_conv.axilite_b2s/SI_REG/ar.ar_pipe/s_ready_i_reg_0                                   |                                                                                                                                                       |                9 |             36 |         4.00 |
|  design_1_i/processing_system7_0/inst/FCLK_CLK0 | design_1_i/ps7_0_axi_periph/s00_couplers/auto_pc/inst/gen_axilite.gen_b2s_conv.axilite_b2s/SI_REG/aw.aw_pipe/s_ready_i_reg_0                                   |                                                                                                                                                       |                5 |             36 |         7.20 |
|  design_1_i/processing_system7_0/inst/FCLK_CLK0 | design_1_i/ps7_0_axi_periph/s00_couplers/auto_pc/inst/gen_axilite.gen_b2s_conv.axilite_b2s/WR.aw_channel_0/aw_cmd_fsm_0/E[0]                                   |                                                                                                                                                       |                5 |             36 |         7.20 |
|  design_1_i/processing_system7_0/inst/FCLK_CLK0 | design_1_i/nnlayer_0/inst/ap_CS_fsm_state1                                                                                                                     |                                                                                                                                                       |                9 |             40 |         4.44 |
|  design_1_i/processing_system7_0/inst/FCLK_CLK0 | design_1_i/ps7_0_axi_periph/s00_couplers/auto_pc/inst/gen_axilite.gen_b2s_conv.axilite_b2s/SI_REG/r.r_pipe/s_ready_i_reg_0                                     |                                                                                                                                                       |                9 |             45 |         5.00 |
|  design_1_i/processing_system7_0/inst/FCLK_CLK0 | design_1_i/ps7_0_axi_periph/s00_couplers/auto_pc/inst/gen_axilite.gen_b2s_conv.axilite_b2s/SI_REG/r.r_pipe/p_1_in                                              |                                                                                                                                                       |                6 |             45 |         7.50 |
|  design_1_i/processing_system7_0/inst/FCLK_CLK0 | design_1_i/nnlayer_0/inst/trunc_ln1201_reg_14060                                                                                                               |                                                                                                                                                       |               13 |             48 |         3.69 |
|  design_1_i/processing_system7_0/inst/FCLK_CLK0 | design_1_i/nnlayer_0/inst/ap_CS_fsm_state53                                                                                                                    | design_1_i/nnlayer_0/inst/ap_NS_fsm111_out                                                                                                            |               13 |             48 |         3.69 |
|  design_1_i/processing_system7_0/inst/FCLK_CLK0 | design_1_i/nnlayer_0/inst/udiv_56ns_64ns_16_60_seq_1_U4/start0                                                                                                 |                                                                                                                                                       |               18 |             80 |         4.44 |
|  design_1_i/processing_system7_0/inst/FCLK_CLK0 |                                                                                                                                                                | design_1_i/nnlayer_0/inst/ap_rst_n_inv                                                                                                                |               76 |            233 |         3.07 |
|  design_1_i/processing_system7_0/inst/FCLK_CLK0 |                                                                                                                                                                |                                                                                                                                                       |              118 |            426 |         3.61 |
+-------------------------------------------------+----------------------------------------------------------------------------------------------------------------------------------------------------------------+-------------------------------------------------------------------------------------------------------------------------------------------------------+------------------+----------------+--------------+


