

================================================================
== Vitis HLS Report for 'nnlayer_Pipeline_VITIS_LOOP_74_3'
================================================================
* Date:           Tue May 10 10:12:20 2022

* Version:        2021.2 (Build 3367213 on Tue Oct 19 02:48:09 MDT 2021)
* Project:        HLS_Project
* Solution:       solution1 (Vivado IP Flow Target)
* Product family: zynq
* Target device:  xc7z020-clg484-1


================================================================
== Performance Estimates
================================================================
+ Timing: 
    * Summary: 
    +--------+----------+----------+------------+
    |  Clock |  Target  | Estimated| Uncertainty|
    +--------+----------+----------+------------+
    |ap_clk  |  10.00 ns|  8.526 ns|     1.25 ns|
    +--------+----------+----------+------------+

+ Latency: 
    * Summary: 
    +---------+---------+----------+----------+-----+-----+---------+
    |  Latency (cycles) |  Latency (absolute) |  Interval | Pipeline|
    |   min   |   max   |    min   |    max   | min | max |   Type  |
    +---------+---------+----------+----------+-----+-----+---------+
    |        ?|        ?|         ?|         ?|    ?|    ?|       no|
    +---------+---------+----------+----------+-----+-----+---------+

    + Detail: 
        * Instance: 
        N/A

        * Loop: 
        +-------------------+---------+---------+----------+-----------+-----------+------+----------+
        |                   |  Latency (cycles) | Iteration|  Initiation Interval  | Trip |          |
        |     Loop Name     |   min   |   max   |  Latency |  achieved |   target  | Count| Pipelined|
        +-------------------+---------+---------+----------+-----------+-----------+------+----------+
        |- VITIS_LOOP_74_3  |        ?|        ?|        61|          1|          1|     ?|       yes|
        +-------------------+---------+---------+----------+-----------+-----------+------+----------+



================================================================
== Utilization Estimates
================================================================
* Summary: 
+-----------------+---------+-----+--------+-------+-----+
|       Name      | BRAM_18K| DSP |   FF   |  LUT  | URAM|
+-----------------+---------+-----+--------+-------+-----+
|DSP              |        -|    -|       -|      -|    -|
|Expression       |        -|    -|       0|     38|    -|
|FIFO             |        -|    -|       -|      -|    -|
|Instance         |        -|    -|    8651|   6607|    -|
|Memory           |        -|    -|       -|      -|    -|
|Multiplexer      |        -|    -|       -|     36|    -|
|Register         |        -|    -|     217|     32|    -|
+-----------------+---------+-----+--------+-------+-----+
|Total            |        0|    0|    8868|   6713|    0|
+-----------------+---------+-----+--------+-------+-----+
|Available        |      280|  220|  106400|  53200|    0|
+-----------------+---------+-----+--------+-------+-----+
|Utilization (%)  |        0|    0|       8|     12|    0|
+-----------------+---------+-----+--------+-------+-----+

+ Detail: 
    * Instance: 
    +----------------------------+------------------------+---------+----+------+------+-----+
    |          Instance          |         Module         | BRAM_18K| DSP|  FF  |  LUT | URAM|
    +----------------------------+------------------------+---------+----+------+------+-----+
    |udiv_56ns_64ns_16_60_1_U24  |udiv_56ns_64ns_16_60_1  |        0|   0|  8651|  6607|    0|
    +----------------------------+------------------------+---------+----+------+------+-----+
    |Total                       |                        |        0|   0|  8651|  6607|    0|
    +----------------------------+------------------------+---------+----+------+------+-----+

    * DSP: 
    N/A

    * Memory: 
    N/A

    * FIFO: 
    N/A

    * Expression: 
    +---------------------+----------+----+---+----+------------+------------+
    |    Variable Name    | Operation| DSP| FF| LUT| Bitwidth P0| Bitwidth P1|
    +---------------------+----------+----+---+----+------------+------------+
    |i_2_fu_106_p2        |         +|   0|  0|  23|          16|           1|
    |icmp_ln74_fu_100_p2  |      icmp|   0|  0|  13|          16|          16|
    |ap_enable_pp0        |       xor|   0|  0|   2|           1|           2|
    +---------------------+----------+----+---+----+------------+------------+
    |Total                |          |   0|  0|  38|          33|          19|
    +---------------------+----------+----+---+----+------------+------------+

    * Multiplexer: 
    +-------------------------+----+-----------+-----+-----------+
    |           Name          | LUT| Input Size| Bits| Total Bits|
    +-------------------------+----+-----------+-----+-----------+
    |ap_done_int              |   9|          2|    1|          2|
    |ap_enable_reg_pp0_iter1  |   9|          2|    1|          2|
    |ap_sig_allocacmp_i_1     |   9|          2|   16|         32|
    |i_fu_50                  |   9|          2|   16|         32|
    +-------------------------+----+-----------+-----+-----------+
    |Total                    |  36|          8|   34|         68|
    +-------------------------+----+-----------+-----+-----------+

    * Register: 
    +-----------------------------------+----+----+-----+-----------+
    |                Name               | FF | LUT| Bits| Const Bits|
    +-----------------------------------+----+----+-----+-----------+
    |ap_CS_fsm                          |   1|   0|    1|          0|
    |ap_done_reg                        |   1|   0|    1|          0|
    |ap_enable_reg_pp0_iter1            |   1|   0|    1|          0|
    |ap_enable_reg_pp0_iter10           |   1|   0|    1|          0|
    |ap_enable_reg_pp0_iter11           |   1|   0|    1|          0|
    |ap_enable_reg_pp0_iter12           |   1|   0|    1|          0|
    |ap_enable_reg_pp0_iter13           |   1|   0|    1|          0|
    |ap_enable_reg_pp0_iter14           |   1|   0|    1|          0|
    |ap_enable_reg_pp0_iter15           |   1|   0|    1|          0|
    |ap_enable_reg_pp0_iter16           |   1|   0|    1|          0|
    |ap_enable_reg_pp0_iter17           |   1|   0|    1|          0|
    |ap_enable_reg_pp0_iter18           |   1|   0|    1|          0|
    |ap_enable_reg_pp0_iter19           |   1|   0|    1|          0|
    |ap_enable_reg_pp0_iter2            |   1|   0|    1|          0|
    |ap_enable_reg_pp0_iter20           |   1|   0|    1|          0|
    |ap_enable_reg_pp0_iter21           |   1|   0|    1|          0|
    |ap_enable_reg_pp0_iter22           |   1|   0|    1|          0|
    |ap_enable_reg_pp0_iter23           |   1|   0|    1|          0|
    |ap_enable_reg_pp0_iter24           |   1|   0|    1|          0|
    |ap_enable_reg_pp0_iter25           |   1|   0|    1|          0|
    |ap_enable_reg_pp0_iter26           |   1|   0|    1|          0|
    |ap_enable_reg_pp0_iter27           |   1|   0|    1|          0|
    |ap_enable_reg_pp0_iter28           |   1|   0|    1|          0|
    |ap_enable_reg_pp0_iter29           |   1|   0|    1|          0|
    |ap_enable_reg_pp0_iter3            |   1|   0|    1|          0|
    |ap_enable_reg_pp0_iter30           |   1|   0|    1|          0|
    |ap_enable_reg_pp0_iter31           |   1|   0|    1|          0|
    |ap_enable_reg_pp0_iter32           |   1|   0|    1|          0|
    |ap_enable_reg_pp0_iter33           |   1|   0|    1|          0|
    |ap_enable_reg_pp0_iter34           |   1|   0|    1|          0|
    |ap_enable_reg_pp0_iter35           |   1|   0|    1|          0|
    |ap_enable_reg_pp0_iter36           |   1|   0|    1|          0|
    |ap_enable_reg_pp0_iter37           |   1|   0|    1|          0|
    |ap_enable_reg_pp0_iter38           |   1|   0|    1|          0|
    |ap_enable_reg_pp0_iter39           |   1|   0|    1|          0|
    |ap_enable_reg_pp0_iter4            |   1|   0|    1|          0|
    |ap_enable_reg_pp0_iter40           |   1|   0|    1|          0|
    |ap_enable_reg_pp0_iter41           |   1|   0|    1|          0|
    |ap_enable_reg_pp0_iter42           |   1|   0|    1|          0|
    |ap_enable_reg_pp0_iter43           |   1|   0|    1|          0|
    |ap_enable_reg_pp0_iter44           |   1|   0|    1|          0|
    |ap_enable_reg_pp0_iter45           |   1|   0|    1|          0|
    |ap_enable_reg_pp0_iter46           |   1|   0|    1|          0|
    |ap_enable_reg_pp0_iter47           |   1|   0|    1|          0|
    |ap_enable_reg_pp0_iter48           |   1|   0|    1|          0|
    |ap_enable_reg_pp0_iter49           |   1|   0|    1|          0|
    |ap_enable_reg_pp0_iter5            |   1|   0|    1|          0|
    |ap_enable_reg_pp0_iter50           |   1|   0|    1|          0|
    |ap_enable_reg_pp0_iter51           |   1|   0|    1|          0|
    |ap_enable_reg_pp0_iter52           |   1|   0|    1|          0|
    |ap_enable_reg_pp0_iter53           |   1|   0|    1|          0|
    |ap_enable_reg_pp0_iter54           |   1|   0|    1|          0|
    |ap_enable_reg_pp0_iter55           |   1|   0|    1|          0|
    |ap_enable_reg_pp0_iter56           |   1|   0|    1|          0|
    |ap_enable_reg_pp0_iter57           |   1|   0|    1|          0|
    |ap_enable_reg_pp0_iter58           |   1|   0|    1|          0|
    |ap_enable_reg_pp0_iter59           |   1|   0|    1|          0|
    |ap_enable_reg_pp0_iter6            |   1|   0|    1|          0|
    |ap_enable_reg_pp0_iter60           |   1|   0|    1|          0|
    |ap_enable_reg_pp0_iter7            |   1|   0|    1|          0|
    |ap_enable_reg_pp0_iter8            |   1|   0|    1|          0|
    |ap_enable_reg_pp0_iter9            |   1|   0|    1|          0|
    |ap_loop_exit_ready_pp0_iter10_reg  |   1|   0|    1|          0|
    |ap_loop_exit_ready_pp0_iter11_reg  |   1|   0|    1|          0|
    |ap_loop_exit_ready_pp0_iter12_reg  |   1|   0|    1|          0|
    |ap_loop_exit_ready_pp0_iter13_reg  |   1|   0|    1|          0|
    |ap_loop_exit_ready_pp0_iter14_reg  |   1|   0|    1|          0|
    |ap_loop_exit_ready_pp0_iter15_reg  |   1|   0|    1|          0|
    |ap_loop_exit_ready_pp0_iter16_reg  |   1|   0|    1|          0|
    |ap_loop_exit_ready_pp0_iter17_reg  |   1|   0|    1|          0|
    |ap_loop_exit_ready_pp0_iter18_reg  |   1|   0|    1|          0|
    |ap_loop_exit_ready_pp0_iter19_reg  |   1|   0|    1|          0|
    |ap_loop_exit_ready_pp0_iter1_reg   |   1|   0|    1|          0|
    |ap_loop_exit_ready_pp0_iter20_reg  |   1|   0|    1|          0|
    |ap_loop_exit_ready_pp0_iter21_reg  |   1|   0|    1|          0|
    |ap_loop_exit_ready_pp0_iter22_reg  |   1|   0|    1|          0|
    |ap_loop_exit_ready_pp0_iter23_reg  |   1|   0|    1|          0|
    |ap_loop_exit_ready_pp0_iter24_reg  |   1|   0|    1|          0|
    |ap_loop_exit_ready_pp0_iter25_reg  |   1|   0|    1|          0|
    |ap_loop_exit_ready_pp0_iter26_reg  |   1|   0|    1|          0|
    |ap_loop_exit_ready_pp0_iter27_reg  |   1|   0|    1|          0|
    |ap_loop_exit_ready_pp0_iter28_reg  |   1|   0|    1|          0|
    |ap_loop_exit_ready_pp0_iter29_reg  |   1|   0|    1|          0|
    |ap_loop_exit_ready_pp0_iter2_reg   |   1|   0|    1|          0|
    |ap_loop_exit_ready_pp0_iter30_reg  |   1|   0|    1|          0|
    |ap_loop_exit_ready_pp0_iter31_reg  |   1|   0|    1|          0|
    |ap_loop_exit_ready_pp0_iter32_reg  |   1|   0|    1|          0|
    |ap_loop_exit_ready_pp0_iter33_reg  |   1|   0|    1|          0|
    |ap_loop_exit_ready_pp0_iter34_reg  |   1|   0|    1|          0|
    |ap_loop_exit_ready_pp0_iter35_reg  |   1|   0|    1|          0|
    |ap_loop_exit_ready_pp0_iter36_reg  |   1|   0|    1|          0|
    |ap_loop_exit_ready_pp0_iter37_reg  |   1|   0|    1|          0|
    |ap_loop_exit_ready_pp0_iter38_reg  |   1|   0|    1|          0|
    |ap_loop_exit_ready_pp0_iter39_reg  |   1|   0|    1|          0|
    |ap_loop_exit_ready_pp0_iter3_reg   |   1|   0|    1|          0|
    |ap_loop_exit_ready_pp0_iter40_reg  |   1|   0|    1|          0|
    |ap_loop_exit_ready_pp0_iter41_reg  |   1|   0|    1|          0|
    |ap_loop_exit_ready_pp0_iter42_reg  |   1|   0|    1|          0|
    |ap_loop_exit_ready_pp0_iter43_reg  |   1|   0|    1|          0|
    |ap_loop_exit_ready_pp0_iter44_reg  |   1|   0|    1|          0|
    |ap_loop_exit_ready_pp0_iter45_reg  |   1|   0|    1|          0|
    |ap_loop_exit_ready_pp0_iter46_reg  |   1|   0|    1|          0|
    |ap_loop_exit_ready_pp0_iter47_reg  |   1|   0|    1|          0|
    |ap_loop_exit_ready_pp0_iter48_reg  |   1|   0|    1|          0|
    |ap_loop_exit_ready_pp0_iter49_reg  |   1|   0|    1|          0|
    |ap_loop_exit_ready_pp0_iter4_reg   |   1|   0|    1|          0|
    |ap_loop_exit_ready_pp0_iter50_reg  |   1|   0|    1|          0|
    |ap_loop_exit_ready_pp0_iter51_reg  |   1|   0|    1|          0|
    |ap_loop_exit_ready_pp0_iter52_reg  |   1|   0|    1|          0|
    |ap_loop_exit_ready_pp0_iter53_reg  |   1|   0|    1|          0|
    |ap_loop_exit_ready_pp0_iter54_reg  |   1|   0|    1|          0|
    |ap_loop_exit_ready_pp0_iter55_reg  |   1|   0|    1|          0|
    |ap_loop_exit_ready_pp0_iter56_reg  |   1|   0|    1|          0|
    |ap_loop_exit_ready_pp0_iter57_reg  |   1|   0|    1|          0|
    |ap_loop_exit_ready_pp0_iter58_reg  |   1|   0|    1|          0|
    |ap_loop_exit_ready_pp0_iter59_reg  |   1|   0|    1|          0|
    |ap_loop_exit_ready_pp0_iter5_reg   |   1|   0|    1|          0|
    |ap_loop_exit_ready_pp0_iter6_reg   |   1|   0|    1|          0|
    |ap_loop_exit_ready_pp0_iter7_reg   |   1|   0|    1|          0|
    |ap_loop_exit_ready_pp0_iter8_reg   |   1|   0|    1|          0|
    |ap_loop_exit_ready_pp0_iter9_reg   |   1|   0|    1|          0|
    |i_fu_50                            |  16|   0|   16|          0|
    |zext_ln76_reg_160                  |  16|   0|   64|         48|
    |zext_ln76_reg_160                  |  64|  32|   64|         48|
    +-----------------------------------+----+----+-----+-----------+
    |Total                              | 217|  32|  265|         96|
    +-----------------------------------+----+----+-----+-----------+



================================================================
== Interface
================================================================
* Summary: 
+---------------------+-----+-----+------------+----------------------------------+--------------+
|      RTL Ports      | Dir | Bits|  Protocol  |           Source Object          |    C Type    |
+---------------------+-----+-----+------------+----------------------------------+--------------+
|ap_clk               |   in|    1|  ap_ctrl_hs|  nnlayer_Pipeline_VITIS_LOOP_74_3|  return value|
|ap_rst               |   in|    1|  ap_ctrl_hs|  nnlayer_Pipeline_VITIS_LOOP_74_3|  return value|
|ap_start             |   in|    1|  ap_ctrl_hs|  nnlayer_Pipeline_VITIS_LOOP_74_3|  return value|
|ap_done              |  out|    1|  ap_ctrl_hs|  nnlayer_Pipeline_VITIS_LOOP_74_3|  return value|
|ap_idle              |  out|    1|  ap_ctrl_hs|  nnlayer_Pipeline_VITIS_LOOP_74_3|  return value|
|ap_ready             |  out|    1|  ap_ctrl_hs|  nnlayer_Pipeline_VITIS_LOOP_74_3|  return value|
|numOfOutputNeurons   |   in|   16|     ap_none|                numOfOutputNeurons|        scalar|
|resArray_V_address0  |  out|    7|   ap_memory|                        resArray_V|         array|
|resArray_V_ce0       |  out|    1|   ap_memory|                        resArray_V|         array|
|resArray_V_q0        |   in|   32|   ap_memory|                        resArray_V|         array|
|sum_V_reload         |   in|   64|     ap_none|                      sum_V_reload|        scalar|
|output_r_address0    |  out|    7|   ap_memory|                          output_r|         array|
|output_r_ce0         |  out|    1|   ap_memory|                          output_r|         array|
|output_r_we0         |  out|    1|   ap_memory|                          output_r|         array|
|output_r_d0          |  out|   16|   ap_memory|                          output_r|         array|
+---------------------+-----+-----+------------+----------------------------------+--------------+

