

================================================================
== Vitis HLS Report for 'nnlayer_Pipeline_VITIS_LOOP_46_3'
================================================================
* Date:           Thu Mar 10 13:30:35 2022

* Version:        2021.2 (Build 3367213 on Tue Oct 19 02:48:09 MDT 2021)
* Project:        Neuron_1
* Solution:       solution1 (Vivado IP Flow Target)
* Product family: zynq
* Target device:  xc7z020-clg484-1


================================================================
== Performance Estimates
================================================================
+ Timing: 
    * Summary: 
    +--------+----------+----------+------------+
    |  Clock |  Target  | Estimated| Uncertainty|
    +--------+----------+----------+------------+
    |ap_clk  |  10.00 ns|  5.331 ns|     1.25 ns|
    +--------+----------+----------+------------+

+ Latency: 
    * Summary: 
    +---------+---------+-----------+----------+-----+-------+---------+
    |  Latency (cycles) |  Latency (absolute)  |   Interval  | Pipeline|
    |   min   |   max   |    min    |    max   | min |  max  |   Type  |
    +---------+---------+-----------+----------+-----+-------+---------+
    |        2|    65540|  20.000 ns|  0.655 ms|    2|  65540|       no|
    +---------+---------+-----------+----------+-----+-------+---------+

    + Detail: 
        * Instance: 
        N/A

        * Loop: 
        +-------------------+---------+---------+----------+-----------+-----------+-----------+----------+
        |                   |  Latency (cycles) | Iteration|  Initiation Interval  |    Trip   |          |
        |     Loop Name     |   min   |   max   |  Latency |  achieved |   target  |   Count   | Pipelined|
        +-------------------+---------+---------+----------+-----------+-----------+-----------+----------+
        |- VITIS_LOOP_46_3  |        0|    65538|         5|          1|          1|  0 ~ 65535|       yes|
        +-------------------+---------+---------+----------+-----------+-----------+-----------+----------+



================================================================
== Utilization Estimates
================================================================
* Summary: 
+-----------------+---------+-----+--------+-------+-----+
|       Name      | BRAM_18K| DSP |   FF   |  LUT  | URAM|
+-----------------+---------+-----+--------+-------+-----+
|DSP              |        -|    1|       -|      -|    -|
|Expression       |        -|    -|       0|     61|    -|
|FIFO             |        -|    -|       -|      -|    -|
|Instance         |        -|    -|       -|      -|    -|
|Memory           |        -|    -|       -|      -|    -|
|Multiplexer      |        -|    -|       -|     54|    -|
|Register         |        -|    -|     106|     32|    -|
+-----------------+---------+-----+--------+-------+-----+
|Total            |        0|    1|     106|    147|    0|
+-----------------+---------+-----+--------+-------+-----+
|Available        |      280|  220|  106400|  53200|    0|
+-----------------+---------+-----+--------+-------+-----+
|Utilization (%)  |        0|   ~0|      ~0|     ~0|    0|
+-----------------+---------+-----+--------+-------+-----+

+ Detail: 
    * Instance: 
    N/A

    * DSP: 
    +------------------------------------+--------------------------------+--------------+
    |              Instance              |             Module             |  Expression  |
    +------------------------------------+--------------------------------+--------------+
    |mac_muladd_16s_16s_16ns_16_4_1_U10  |mac_muladd_16s_16s_16ns_16_4_1  |  i0 * i1 + i2|
    +------------------------------------+--------------------------------+--------------+

    * Memory: 
    N/A

    * FIFO: 
    N/A

    * Expression: 
    +-----------------------+----------+----+---+----+------------+------------+
    |     Variable Name     | Operation| DSP| FF| LUT| Bitwidth P0| Bitwidth P1|
    +-----------------------+----------+----+---+----+------------+------------+
    |add_ln49_fu_132_p2     |         +|   0|  0|  23|          16|          16|
    |inNeurons_2_fu_126_p2  |         +|   0|  0|  23|          16|           1|
    |icmp_ln46_fu_120_p2    |      icmp|   0|  0|  13|          17|          17|
    |ap_enable_pp0          |       xor|   0|  0|   2|           1|           2|
    +-----------------------+----------+----+---+----+------------+------------+
    |Total                  |          |   0|  0|  61|          50|          36|
    +-----------------------+----------+----+---+----+------------+------------+

    * Multiplexer: 
    +--------------------------------+----+-----------+-----+-----------+
    |              Name              | LUT| Input Size| Bits| Total Bits|
    +--------------------------------+----+-----------+-----+-----------+
    |ap_done_int                     |   9|          2|    1|          2|
    |ap_enable_reg_pp0_iter1         |   9|          2|    1|          2|
    |ap_sig_allocacmp_conv2225_load  |   9|          2|   16|         32|
    |ap_sig_allocacmp_inNeurons_1    |   9|          2|   16|         32|
    |conv2225_fu_44                  |   9|          2|   16|         32|
    |inNeurons_fu_40                 |   9|          2|   16|         32|
    +--------------------------------+----+-----------+-----+-----------+
    |Total                           |  54|         12|   66|        132|
    +--------------------------------+----+-----------+-----+-----------+

    * Register: 
    +----------------------------------+----+----+-----+-----------+
    |               Name               | FF | LUT| Bits| Const Bits|
    +----------------------------------+----+----+-----+-----------+
    |ap_CS_fsm                         |   1|   0|    1|          0|
    |ap_done_reg                       |   1|   0|    1|          0|
    |ap_enable_reg_pp0_iter1           |   1|   0|    1|          0|
    |ap_enable_reg_pp0_iter2           |   1|   0|    1|          0|
    |ap_enable_reg_pp0_iter3           |   1|   0|    1|          0|
    |ap_enable_reg_pp0_iter4           |   1|   0|    1|          0|
    |ap_loop_exit_ready_pp0_iter1_reg  |   1|   0|    1|          0|
    |ap_loop_exit_ready_pp0_iter2_reg  |   1|   0|    1|          0|
    |ap_loop_exit_ready_pp0_iter3_reg  |   1|   0|    1|          0|
    |conv2225_fu_44                    |  16|   0|   16|          0|
    |icmp_ln46_reg_188                 |   1|   0|    1|          0|
    |inNeurons_fu_40                   |  16|   0|   16|          0|
    |icmp_ln46_reg_188                 |  64|  32|    1|          0|
    +----------------------------------+----+----+-----+-----------+
    |Total                             | 106|  32|   43|          0|
    +----------------------------------+----+----+-----+-----------+



================================================================
== Interface
================================================================
* Summary: 
+---------------------+-----+-----+------------+----------------------------------+--------------+
|      RTL Ports      | Dir | Bits|  Protocol  |           Source Object          |    C Type    |
+---------------------+-----+-----+------------+----------------------------------+--------------+
|ap_clk               |   in|    1|  ap_ctrl_hs|  nnlayer_Pipeline_VITIS_LOOP_46_3|  return value|
|ap_rst               |   in|    1|  ap_ctrl_hs|  nnlayer_Pipeline_VITIS_LOOP_46_3|  return value|
|ap_start             |   in|    1|  ap_ctrl_hs|  nnlayer_Pipeline_VITIS_LOOP_46_3|  return value|
|ap_done              |  out|    1|  ap_ctrl_hs|  nnlayer_Pipeline_VITIS_LOOP_46_3|  return value|
|ap_idle              |  out|    1|  ap_ctrl_hs|  nnlayer_Pipeline_VITIS_LOOP_46_3|  return value|
|ap_ready             |  out|    1|  ap_ctrl_hs|  nnlayer_Pipeline_VITIS_LOOP_46_3|  return value|
|output_r_load        |   in|   16|     ap_none|                     output_r_load|        scalar|
|numOfInNeurons_cast  |   in|   16|     ap_none|               numOfInNeurons_cast|        scalar|
|conv2726             |   in|   16|     ap_none|                          conv2726|        scalar|
|conv2225_out         |  out|   16|      ap_vld|                      conv2225_out|       pointer|
|conv2225_out_ap_vld  |  out|    1|      ap_vld|                      conv2225_out|       pointer|
|weights_address0     |  out|   16|   ap_memory|                           weights|         array|
|weights_ce0          |  out|    1|   ap_memory|                           weights|         array|
|weights_q0           |   in|   16|   ap_memory|                           weights|         array|
|input_r_address0     |  out|    8|   ap_memory|                           input_r|         array|
|input_r_ce0          |  out|    1|   ap_memory|                           input_r|         array|
|input_r_q0           |   in|   16|   ap_memory|                           input_r|         array|
+---------------------+-----+-----+------------+----------------------------------+--------------+

