

================================================================
== Vitis HLS Report for 'nnlayer_Pipeline_VITIS_LOOP_32_1'
================================================================
* Date:           Tue Mar 15 15:52:58 2022

* Version:        2021.2 (Build 3367213 on Tue Oct 19 02:48:09 MDT 2021)
* Project:        Neuron_1
* Solution:       solution1 (Vivado IP Flow Target)
* Product family: zynq
* Target device:  xc7z020-clg484-1


================================================================
== Performance Estimates
================================================================
+ Timing: 
    * Summary: 
    +--------+----------+----------+------------+
    |  Clock |  Target  | Estimated| Uncertainty|
    +--------+----------+----------+------------+
    |ap_clk  |  10.00 ns|  6.508 ns|     1.25 ns|
    +--------+----------+----------+------------+

+ Latency: 
    * Summary: 
    +---------+---------+----------+----------+-----+-----+---------+
    |  Latency (cycles) |  Latency (absolute) |  Interval | Pipeline|
    |   min   |   max   |    min   |    max   | min | max |   Type  |
    +---------+---------+----------+----------+-----+-----+---------+
    |        ?|        ?|         ?|         ?|    ?|    ?|       no|
    +---------+---------+----------+----------+-----+-----+---------+

    + Detail: 
        * Instance: 
        N/A

        * Loop: 
        +-------------------+---------+---------+----------+-----------+-----------+------+----------+
        |                   |  Latency (cycles) | Iteration|  Initiation Interval  | Trip |          |
        |     Loop Name     |   min   |   max   |  Latency |  achieved |   target  | Count| Pipelined|
        +-------------------+---------+---------+----------+-----------+-----------+------+----------+
        |- VITIS_LOOP_32_1  |        ?|        ?|         2|          1|          1|     ?|       yes|
        +-------------------+---------+---------+----------+-----------+-----------+------+----------+

============================================================
+ Verbose Summary: Synthesis Manager
============================================================
InlineROM: 1
ExposeGlobal: 0
============================================================
+ Verbose Summary: CDFG Model
============================================================
IsTopModel: 0
ResetActiveHigh: 1
IsCombinational: 0
IsDatapathOnly: 0
HasWiredReturn: 1
HasMFsm: 2
HasVarLatency: 1
IsPipeline: 0
IsRtlPipelined: 0
IsInstanceOverlapped: 0
IsDontTouch: 0
HasImplIP: 0
IsGatedGlobalClock: 0

+ Individual pipeline summary: 
  * Pipeline-0: initiation interval (II) = 1, depth = 2


============================================================
+ Verbose Summary: Schedule
============================================================
* Number of FSM states : 2
* Pipeline : 1
  Pipeline-0 : II = 1, D = 2, States = { 1 2 }
* Dataflow Pipeline: 0

* FSM state transitions: 
1 --> 2 
2 --> 

* FSM state operations: 

State 1 <SV = 0> <Delay = 4.01>
ST_1 : Operation 5 [1/1] (0.00ns)   --->   "%outNeurons = alloca i32 1"   --->   Operation 5 'alloca' 'outNeurons' <Predicate = true> <Delay = 0.00>
ST_1 : Operation 6 [1/1] (0.00ns)   --->   "%specmemcore_ln0 = specmemcore void @_ssdm_op_SpecMemCore, i16 %bias, i64 666, i64 207, i64 1"   --->   Operation 6 'specmemcore' 'specmemcore_ln0' <Predicate = true> <Delay = 0.00>
ST_1 : Operation 7 [1/1] (0.00ns)   --->   "%specmemcore_ln0 = specmemcore void @_ssdm_op_SpecMemCore, i16 %output_r, i64 666, i64 207, i64 1"   --->   Operation 7 'specmemcore' 'specmemcore_ln0' <Predicate = true> <Delay = 0.00>
ST_1 : Operation 8 [1/1] (0.00ns)   --->   "%specinterface_ln0 = specinterface void @_ssdm_op_SpecInterface, i16 %bias, void @empty_3, i32 0, i32 0, void @empty_0, i32 1, i32 0, void @empty_0, void @empty_0, void @empty_0, i32 0, i32 0, i32 0, i32 0, void @empty_0, void @empty_0"   --->   Operation 8 'specinterface' 'specinterface_ln0' <Predicate = true> <Delay = 0.00>
ST_1 : Operation 9 [1/1] (0.00ns)   --->   "%specinterface_ln0 = specinterface void @_ssdm_op_SpecInterface, i16 %output_r, void @empty_3, i32 0, i32 0, void @empty_0, i32 1, i32 0, void @empty_0, void @empty_0, void @empty_0, i32 0, i32 0, i32 0, i32 0, void @empty_0, void @empty_0"   --->   Operation 9 'specinterface' 'specinterface_ln0' <Predicate = true> <Delay = 0.00>
ST_1 : Operation 10 [1/1] (0.00ns)   --->   "%numOfOutNeurons_read = read i16 @_ssdm_op_Read.ap_auto.i16, i16 %numOfOutNeurons"   --->   Operation 10 'read' 'numOfOutNeurons_read' <Predicate = true> <Delay = 0.00>
ST_1 : Operation 11 [1/1] (1.58ns)   --->   "%store_ln0 = store i16 0, i16 %outNeurons"   --->   Operation 11 'store' 'store_ln0' <Predicate = true> <Delay = 1.58>
ST_1 : Operation 12 [1/1] (0.00ns)   --->   "%br_ln0 = br void %.lr.ph93"   --->   Operation 12 'br' 'br_ln0' <Predicate = true> <Delay = 0.00>
ST_1 : Operation 13 [1/1] (0.00ns)   --->   "%outNeurons_1 = load i16 %outNeurons" [Neuron_1/neural_layer.cpp:32]   --->   Operation 13 'load' 'outNeurons_1' <Predicate = true> <Delay = 0.00>
ST_1 : Operation 14 [1/1] (0.00ns)   --->   "%specpipeline_ln0 = specpipeline void @_ssdm_op_SpecPipeline, i32 4294967295, i32 0, i32 1, i32 0, void @p_str"   --->   Operation 14 'specpipeline' 'specpipeline_ln0' <Predicate = true> <Delay = 0.00>
ST_1 : Operation 15 [1/1] (2.42ns)   --->   "%icmp_ln32 = icmp_eq  i16 %outNeurons_1, i16 %numOfOutNeurons_read" [Neuron_1/neural_layer.cpp:32]   --->   Operation 15 'icmp' 'icmp_ln32' <Predicate = true> <Delay = 2.42> <CoreInst = "Cmp">   --->   Core 9 'Cmp' <Latency = 0> <II = 1> <Delay = 2.42> <FuncUnit> <Opcode : 'icmp'> <InPorts = 2> <OutPorts = 1>
ST_1 : Operation 16 [1/1] (2.07ns)   --->   "%outNeurons_2 = add i16 %outNeurons_1, i16 1" [Neuron_1/neural_layer.cpp:32]   --->   Operation 16 'add' 'outNeurons_2' <Predicate = true> <Delay = 2.07> <CoreInst = "Adder">   --->   Core 1 'Adder' <Latency = 0> <II = 1> <Delay = 2.07> <FuncUnit> <Opcode : 'add' 'sub'> <InPorts = 2> <OutPorts = 1>
ST_1 : Operation 17 [1/1] (0.00ns)   --->   "%br_ln32 = br i1 %icmp_ln32, void %.split7, void %._crit_edge94.exitStub" [Neuron_1/neural_layer.cpp:32]   --->   Operation 17 'br' 'br_ln32' <Predicate = true> <Delay = 0.00>
ST_1 : Operation 18 [1/1] (0.00ns)   --->   "%zext_ln33 = zext i16 %outNeurons_1" [Neuron_1/neural_layer.cpp:33]   --->   Operation 18 'zext' 'zext_ln33' <Predicate = (!icmp_ln32)> <Delay = 0.00>
ST_1 : Operation 19 [1/1] (0.00ns)   --->   "%bias_addr = getelementptr i16 %bias, i64 0, i64 %zext_ln33" [Neuron_1/neural_layer.cpp:33]   --->   Operation 19 'getelementptr' 'bias_addr' <Predicate = (!icmp_ln32)> <Delay = 0.00>
ST_1 : Operation 20 [2/2] (3.25ns)   --->   "%bias_load = load i8 %bias_addr" [Neuron_1/neural_layer.cpp:33]   --->   Operation 20 'load' 'bias_load' <Predicate = (!icmp_ln32)> <Delay = 3.25> <CoreInst = "RAM_1P">   --->   Core 86 'RAM_1P' <Latency = 1> <II = 1> <Delay = 3.25> <Storage> <Opcode : 'load' 'store'> <Ports = 1> <Width = 16> <Depth = 256> <RAM>
ST_1 : Operation 21 [1/1] (1.58ns)   --->   "%store_ln32 = store i16 %outNeurons_2, i16 %outNeurons" [Neuron_1/neural_layer.cpp:32]   --->   Operation 21 'store' 'store_ln32' <Predicate = (!icmp_ln32)> <Delay = 1.58>
ST_1 : Operation 27 [1/1] (0.00ns)   --->   "%ret_ln0 = ret"   --->   Operation 27 'ret' 'ret_ln0' <Predicate = (icmp_ln32)> <Delay = 0.00>

State 2 <SV = 1> <Delay = 6.50>
ST_2 : Operation 22 [1/1] (0.00ns)   --->   "%specloopname_ln29 = specloopname void @_ssdm_op_SpecLoopName, void @empty_15" [Neuron_1/neural_layer.cpp:29]   --->   Operation 22 'specloopname' 'specloopname_ln29' <Predicate = true> <Delay = 0.00>
ST_2 : Operation 23 [1/2] (3.25ns)   --->   "%bias_load = load i8 %bias_addr" [Neuron_1/neural_layer.cpp:33]   --->   Operation 23 'load' 'bias_load' <Predicate = true> <Delay = 3.25> <CoreInst = "RAM_1P">   --->   Core 86 'RAM_1P' <Latency = 1> <II = 1> <Delay = 3.25> <Storage> <Opcode : 'load' 'store'> <Ports = 1> <Width = 16> <Depth = 256> <RAM>
ST_2 : Operation 24 [1/1] (0.00ns)   --->   "%output_r_addr = getelementptr i16 %output_r, i64 0, i64 %zext_ln33" [Neuron_1/neural_layer.cpp:33]   --->   Operation 24 'getelementptr' 'output_r_addr' <Predicate = true> <Delay = 0.00>
ST_2 : Operation 25 [1/1] (3.25ns)   --->   "%store_ln33 = store i16 %bias_load, i8 %output_r_addr" [Neuron_1/neural_layer.cpp:33]   --->   Operation 25 'store' 'store_ln33' <Predicate = true> <Delay = 3.25> <CoreInst = "RAM_1P">   --->   Core 86 'RAM_1P' <Latency = 1> <II = 1> <Delay = 3.25> <Storage> <Opcode : 'load' 'store'> <Ports = 1> <Width = 16> <Depth = 256> <RAM>
ST_2 : Operation 26 [1/1] (0.00ns)   --->   "%br_ln0 = br void %.lr.ph93"   --->   Operation 26 'br' 'br_ln0' <Predicate = true> <Delay = 0.00>


============================================================
+ Verbose Summary: Timing violations
============================================================
Target clock period: 10ns, clock uncertainty: 1.25ns.

 <State 1>: 4.02ns
The critical path consists of the following:
	'alloca' operation ('outNeurons') [4]  (0 ns)
	'load' operation ('outNeurons', Neuron_1/neural_layer.cpp:32) on local variable 'outNeurons' [13]  (0 ns)
	'add' operation ('outNeurons', Neuron_1/neural_layer.cpp:32) [16]  (2.08 ns)
	'store' operation ('store_ln32', Neuron_1/neural_layer.cpp:32) of variable 'outNeurons', Neuron_1/neural_layer.cpp:32 on local variable 'outNeurons' [25]  (1.59 ns)
	blocking operation 0.352 ns on control path)

 <State 2>: 6.51ns
The critical path consists of the following:
	'load' operation ('bias_load', Neuron_1/neural_layer.cpp:33) on array 'bias' [22]  (3.25 ns)
	'store' operation ('store_ln33', Neuron_1/neural_layer.cpp:33) of variable 'bias_load', Neuron_1/neural_layer.cpp:33 on array 'output_r' [24]  (3.25 ns)


============================================================
+ Verbose Summary: Binding
============================================================
N/A
* FSMD analyzer results:
  - Output states:
 - Input state : 
  - Chain level:
	State 1
	State 2


============================================================
+ Verbose Summary: Datapath Resource usage 
============================================================
N/A
