

================================================================
== Vitis HLS Report for 'nnlayer_Pipeline_VITIS_LOOP_46_3'
================================================================
* Date:           Thu Mar 10 13:30:34 2022

* Version:        2021.2 (Build 3367213 on Tue Oct 19 02:48:09 MDT 2021)
* Project:        Neuron_1
* Solution:       solution1 (Vivado IP Flow Target)
* Product family: zynq
* Target device:  xc7z020-clg484-1


================================================================
== Performance Estimates
================================================================
+ Timing: 
    * Summary: 
    +--------+----------+----------+------------+
    |  Clock |  Target  | Estimated| Uncertainty|
    +--------+----------+----------+------------+
    |ap_clk  |  10.00 ns|  5.331 ns|     1.25 ns|
    +--------+----------+----------+------------+

+ Latency: 
    * Summary: 
    +---------+---------+-----------+----------+-----+-------+---------+
    |  Latency (cycles) |  Latency (absolute)  |   Interval  | Pipeline|
    |   min   |   max   |    min    |    max   | min |  max  |   Type  |
    +---------+---------+-----------+----------+-----+-------+---------+
    |        2|    65540|  20.000 ns|  0.655 ms|    2|  65540|       no|
    +---------+---------+-----------+----------+-----+-------+---------+

    + Detail: 
        * Instance: 
        N/A

        * Loop: 
        +-------------------+---------+---------+----------+-----------+-----------+-----------+----------+
        |                   |  Latency (cycles) | Iteration|  Initiation Interval  |    Trip   |          |
        |     Loop Name     |   min   |   max   |  Latency |  achieved |   target  |   Count   | Pipelined|
        +-------------------+---------+---------+----------+-----------+-----------+-----------+----------+
        |- VITIS_LOOP_46_3  |        0|    65538|         5|          1|          1|  0 ~ 65535|       yes|
        +-------------------+---------+---------+----------+-----------+-----------+-----------+----------+

============================================================
+ Verbose Summary: Synthesis Manager
============================================================
InlineROM: 1
ExposeGlobal: 0
============================================================
+ Verbose Summary: CDFG Model
============================================================
IsTopModel: 0
ResetActiveHigh: 1
IsCombinational: 0
IsDatapathOnly: 0
HasWiredReturn: 1
HasMFsm: 2
HasVarLatency: 1
IsPipeline: 0
IsRtlPipelined: 0
IsInstanceOverlapped: 0
IsDontTouch: 0
HasImplIP: 0
IsGatedGlobalClock: 0

+ Individual pipeline summary: 
  * Pipeline-0: initiation interval (II) = 1, depth = 5


============================================================
+ Verbose Summary: Schedule
============================================================
* Number of FSM states : 5
* Pipeline : 1
  Pipeline-0 : II = 1, D = 5, States = { 1 2 3 4 5 }
* Dataflow Pipeline: 0

* FSM state transitions: 
1 --> 2 
2 --> 3 
3 --> 4 
4 --> 5 
5 --> 

* FSM state operations: 

State 1 <SV = 0> <Delay = 5.33>
ST_1 : Operation 8 [1/1] (0.00ns)   --->   "%inNeurons = alloca i32 1"   --->   Operation 8 'alloca' 'inNeurons' <Predicate = true> <Delay = 0.00>
ST_1 : Operation 9 [1/1] (0.00ns)   --->   "%conv2225 = alloca i32 1"   --->   Operation 9 'alloca' 'conv2225' <Predicate = true> <Delay = 0.00>
ST_1 : Operation 10 [1/1] (0.00ns)   --->   "%conv2726_read = read i16 @_ssdm_op_Read.ap_auto.i16, i16 %conv2726"   --->   Operation 10 'read' 'conv2726_read' <Predicate = true> <Delay = 0.00>
ST_1 : Operation 11 [1/1] (0.00ns)   --->   "%numOfInNeurons_cast_read = read i16 @_ssdm_op_Read.ap_auto.i16, i16 %numOfInNeurons_cast"   --->   Operation 11 'read' 'numOfInNeurons_cast_read' <Predicate = true> <Delay = 0.00>
ST_1 : Operation 12 [1/1] (0.00ns)   --->   "%output_r_load_read = read i16 @_ssdm_op_Read.ap_auto.i16, i16 %output_r_load"   --->   Operation 12 'read' 'output_r_load_read' <Predicate = true> <Delay = 0.00>
ST_1 : Operation 13 [1/1] (0.00ns)   --->   "%numOfInNeurons_cast_cast = zext i16 %numOfInNeurons_cast_read"   --->   Operation 13 'zext' 'numOfInNeurons_cast_cast' <Predicate = true> <Delay = 0.00>
ST_1 : Operation 14 [1/1] (1.58ns)   --->   "%store_ln0 = store i16 %output_r_load_read, i16 %conv2225"   --->   Operation 14 'store' 'store_ln0' <Predicate = true> <Delay = 1.58>
ST_1 : Operation 15 [1/1] (1.58ns)   --->   "%store_ln0 = store i16 0, i16 %inNeurons"   --->   Operation 15 'store' 'store_ln0' <Predicate = true> <Delay = 1.58>
ST_1 : Operation 16 [1/1] (0.00ns)   --->   "%br_ln0 = br void"   --->   Operation 16 'br' 'br_ln0' <Predicate = true> <Delay = 0.00>
ST_1 : Operation 17 [1/1] (0.00ns)   --->   "%inNeurons_1 = load i16 %inNeurons" [Neuron_1/neural_layer.cpp:49]   --->   Operation 17 'load' 'inNeurons_1' <Predicate = true> <Delay = 0.00>
ST_1 : Operation 18 [1/1] (0.00ns)   --->   "%sext_ln46 = sext i16 %inNeurons_1" [Neuron_1/neural_layer.cpp:46]   --->   Operation 18 'sext' 'sext_ln46' <Predicate = true> <Delay = 0.00>
ST_1 : Operation 19 [1/1] (2.42ns)   --->   "%icmp_ln46 = icmp_slt  i17 %sext_ln46, i17 %numOfInNeurons_cast_cast" [Neuron_1/neural_layer.cpp:46]   --->   Operation 19 'icmp' 'icmp_ln46' <Predicate = true> <Delay = 2.42> <CoreInst = "Cmp">   --->   Core 9 'Cmp' <Latency = 0> <II = 1> <Delay = 2.42> <FuncUnit> <Opcode : 'icmp'> <InPorts = 2> <OutPorts = 1>
ST_1 : Operation 20 [1/1] (0.00ns)   --->   "%empty = speclooptripcount i32 @_ssdm_op_SpecLoopTripCount, i64 0, i64 65535, i64 0"   --->   Operation 20 'speclooptripcount' 'empty' <Predicate = true> <Delay = 0.00>
ST_1 : Operation 21 [1/1] (2.07ns)   --->   "%inNeurons_2 = add i16 %inNeurons_1, i16 1" [Neuron_1/neural_layer.cpp:46]   --->   Operation 21 'add' 'inNeurons_2' <Predicate = true> <Delay = 2.07> <CoreInst = "Adder">   --->   Core 1 'Adder' <Latency = 0> <II = 1> <Delay = 2.07> <FuncUnit> <Opcode : 'add' 'sub'> <InPorts = 2> <OutPorts = 1>
ST_1 : Operation 22 [1/1] (0.00ns)   --->   "%br_ln46 = br i1 %icmp_ln46, void %._crit_edge.loopexit.exitStub, void %.split" [Neuron_1/neural_layer.cpp:46]   --->   Operation 22 'br' 'br_ln46' <Predicate = true> <Delay = 0.00>
ST_1 : Operation 23 [1/1] (2.07ns)   --->   "%add_ln49 = add i16 %inNeurons_1, i16 %conv2726_read" [Neuron_1/neural_layer.cpp:49]   --->   Operation 23 'add' 'add_ln49' <Predicate = (icmp_ln46)> <Delay = 2.07> <CoreInst = "Adder">   --->   Core 1 'Adder' <Latency = 0> <II = 1> <Delay = 2.07> <FuncUnit> <Opcode : 'add' 'sub'> <InPorts = 2> <OutPorts = 1>
ST_1 : Operation 24 [1/1] (0.00ns)   --->   "%zext_ln49 = zext i16 %add_ln49" [Neuron_1/neural_layer.cpp:49]   --->   Operation 24 'zext' 'zext_ln49' <Predicate = (icmp_ln46)> <Delay = 0.00>
ST_1 : Operation 25 [1/1] (0.00ns)   --->   "%weights_addr = getelementptr i16 %weights, i64 0, i64 %zext_ln49" [Neuron_1/neural_layer.cpp:49]   --->   Operation 25 'getelementptr' 'weights_addr' <Predicate = (icmp_ln46)> <Delay = 0.00>
ST_1 : Operation 26 [2/2] (3.25ns)   --->   "%weights_load = load i16 %weights_addr" [Neuron_1/neural_layer.cpp:49]   --->   Operation 26 'load' 'weights_load' <Predicate = (icmp_ln46)> <Delay = 3.25> <CoreInst = "RAM">   --->   Core 82 'RAM' <Latency = 1> <II = 1> <Delay = 3.25> <Storage> <Opcode : 'load' 'store'> <Ports = 2> <Width = 16> <Depth = 65536> <RAM>
ST_1 : Operation 27 [1/1] (0.00ns)   --->   "%zext_ln49_1 = zext i16 %inNeurons_1" [Neuron_1/neural_layer.cpp:49]   --->   Operation 27 'zext' 'zext_ln49_1' <Predicate = (icmp_ln46)> <Delay = 0.00>
ST_1 : Operation 28 [1/1] (0.00ns)   --->   "%input_addr = getelementptr i16 %input_r, i64 0, i64 %zext_ln49_1" [Neuron_1/neural_layer.cpp:49]   --->   Operation 28 'getelementptr' 'input_addr' <Predicate = (icmp_ln46)> <Delay = 0.00>
ST_1 : Operation 29 [2/2] (3.25ns)   --->   "%input_load = load i8 %input_addr" [Neuron_1/neural_layer.cpp:49]   --->   Operation 29 'load' 'input_load' <Predicate = (icmp_ln46)> <Delay = 3.25> <CoreInst = "RAM">   --->   Core 82 'RAM' <Latency = 1> <II = 1> <Delay = 3.25> <Storage> <Opcode : 'load' 'store'> <Ports = 2> <Width = 16> <Depth = 256> <RAM>
ST_1 : Operation 30 [1/1] (1.58ns)   --->   "%store_ln46 = store i16 %inNeurons_2, i16 %inNeurons" [Neuron_1/neural_layer.cpp:46]   --->   Operation 30 'store' 'store_ln46' <Predicate = (icmp_ln46)> <Delay = 1.58>

State 2 <SV = 1> <Delay = 4.30>
ST_2 : Operation 31 [1/2] (3.25ns)   --->   "%weights_load = load i16 %weights_addr" [Neuron_1/neural_layer.cpp:49]   --->   Operation 31 'load' 'weights_load' <Predicate = true> <Delay = 3.25> <CoreInst = "RAM">   --->   Core 82 'RAM' <Latency = 1> <II = 1> <Delay = 3.25> <Storage> <Opcode : 'load' 'store'> <Ports = 2> <Width = 16> <Depth = 65536> <RAM>
ST_2 : Operation 32 [1/2] (3.25ns)   --->   "%input_load = load i8 %input_addr" [Neuron_1/neural_layer.cpp:49]   --->   Operation 32 'load' 'input_load' <Predicate = true> <Delay = 3.25> <CoreInst = "RAM">   --->   Core 82 'RAM' <Latency = 1> <II = 1> <Delay = 3.25> <Storage> <Opcode : 'load' 'store'> <Ports = 2> <Width = 16> <Depth = 256> <RAM>
ST_2 : Operation 33 [3/3] (1.05ns) (grouped into DSP with root node add_ln49_1)   --->   "%mul_ln49 = mul i16 %input_load, i16 %weights_load" [Neuron_1/neural_layer.cpp:49]   --->   Operation 33 'mul' 'mul_ln49' <Predicate = true> <Delay = 1.05> <CoreInst = "DSP48">   --->   Core 119 'DSP48' <Latency = 3> <II = 1> <Delay = 2.15> <IPBlock> <Opcode : 'mul' 'add' 'sub' 'select'> <InPorts = 0> <OutPorts = 1> <Sync> <CReg>

State 3 <SV = 2> <Delay = 1.05>
ST_3 : Operation 34 [2/3] (1.05ns) (grouped into DSP with root node add_ln49_1)   --->   "%mul_ln49 = mul i16 %input_load, i16 %weights_load" [Neuron_1/neural_layer.cpp:49]   --->   Operation 34 'mul' 'mul_ln49' <Predicate = true> <Delay = 1.05> <CoreInst = "DSP48">   --->   Core 119 'DSP48' <Latency = 3> <II = 1> <Delay = 2.15> <IPBlock> <Opcode : 'mul' 'add' 'sub' 'select'> <InPorts = 0> <OutPorts = 1> <Sync> <CReg>

State 4 <SV = 3> <Delay = 2.10>
ST_4 : Operation 35 [1/1] (0.00ns)   --->   "%conv2225_load = load i16 %conv2225" [Neuron_1/neural_layer.cpp:49]   --->   Operation 35 'load' 'conv2225_load' <Predicate = true> <Delay = 0.00>
ST_4 : Operation 36 [1/3] (0.00ns) (grouped into DSP with root node add_ln49_1)   --->   "%mul_ln49 = mul i16 %input_load, i16 %weights_load" [Neuron_1/neural_layer.cpp:49]   --->   Operation 36 'mul' 'mul_ln49' <Predicate = true> <Delay = 0.00> <CoreInst = "DSP48">   --->   Core 119 'DSP48' <Latency = 3> <II = 1> <Delay = 2.15> <IPBlock> <Opcode : 'mul' 'add' 'sub' 'select'> <InPorts = 0> <OutPorts = 1> <Sync> <CReg>
ST_4 : Operation 37 [2/2] (2.10ns) (root node of the DSP)   --->   "%add_ln49_1 = add i16 %mul_ln49, i16 %conv2225_load" [Neuron_1/neural_layer.cpp:49]   --->   Operation 37 'add' 'add_ln49_1' <Predicate = true> <Delay = 2.10> <CoreInst = "DSP48">   --->   Core 119 'DSP48' <Latency = 3> <II = 1> <Delay = 2.15> <IPBlock> <Opcode : 'mul' 'add' 'sub' 'select'> <InPorts = 0> <OutPorts = 1> <Sync> <CReg>
ST_4 : Operation 43 [1/1] (0.00ns)   --->   "%conv2225_load_1 = load i16 %conv2225"   --->   Operation 43 'load' 'conv2225_load_1' <Predicate = (!icmp_ln46)> <Delay = 0.00>
ST_4 : Operation 44 [1/1] (0.00ns)   --->   "%write_ln0 = write void @_ssdm_op_Write.ap_auto.i16P0A, i16 %conv2225_out, i16 %conv2225_load_1"   --->   Operation 44 'write' 'write_ln0' <Predicate = (!icmp_ln46)> <Delay = 0.00>
ST_4 : Operation 45 [1/1] (0.00ns)   --->   "%ret_ln0 = ret"   --->   Operation 45 'ret' 'ret_ln0' <Predicate = (!icmp_ln46)> <Delay = 0.00>

State 5 <SV = 4> <Delay = 3.68>
ST_5 : Operation 38 [1/1] (0.00ns)   --->   "%specpipeline_ln46 = specpipeline void @_ssdm_op_SpecPipeline, i32 4294967295, i32 0, i32 0, i32 0, void @empty_0" [Neuron_1/neural_layer.cpp:46]   --->   Operation 38 'specpipeline' 'specpipeline_ln46' <Predicate = true> <Delay = 0.00>
ST_5 : Operation 39 [1/1] (0.00ns)   --->   "%specloopname_ln46 = specloopname void @_ssdm_op_SpecLoopName, void @empty_12" [Neuron_1/neural_layer.cpp:46]   --->   Operation 39 'specloopname' 'specloopname_ln46' <Predicate = true> <Delay = 0.00>
ST_5 : Operation 40 [1/2] (2.10ns) (root node of the DSP)   --->   "%add_ln49_1 = add i16 %mul_ln49, i16 %conv2225_load" [Neuron_1/neural_layer.cpp:49]   --->   Operation 40 'add' 'add_ln49_1' <Predicate = true> <Delay = 2.10> <CoreInst = "DSP48">   --->   Core 119 'DSP48' <Latency = 3> <II = 1> <Delay = 2.15> <IPBlock> <Opcode : 'mul' 'add' 'sub' 'select'> <InPorts = 0> <OutPorts = 1> <Sync> <CReg>
ST_5 : Operation 41 [1/1] (1.58ns)   --->   "%store_ln49 = store i16 %add_ln49_1, i16 %conv2225" [Neuron_1/neural_layer.cpp:49]   --->   Operation 41 'store' 'store_ln49' <Predicate = true> <Delay = 1.58>
ST_5 : Operation 42 [1/1] (0.00ns)   --->   "%br_ln0 = br void"   --->   Operation 42 'br' 'br_ln0' <Predicate = true> <Delay = 0.00>


============================================================
+ Verbose Summary: Timing violations
============================================================
Target clock period: 10ns, clock uncertainty: 1.25ns.

 <State 1>: 5.33ns
The critical path consists of the following:
	'alloca' operation ('inNeurons') [7]  (0 ns)
	'load' operation ('inNeurons', Neuron_1/neural_layer.cpp:49) on local variable 'inNeurons' [17]  (0 ns)
	'add' operation ('add_ln49', Neuron_1/neural_layer.cpp:49) [27]  (2.08 ns)
	'getelementptr' operation ('weights_addr', Neuron_1/neural_layer.cpp:49) [29]  (0 ns)
	'load' operation ('weights_load', Neuron_1/neural_layer.cpp:49) on array 'weights' [30]  (3.25 ns)

 <State 2>: 4.3ns
The critical path consists of the following:
	'load' operation ('weights_load', Neuron_1/neural_layer.cpp:49) on array 'weights' [30]  (3.25 ns)
	'mul' operation of DSP[35] ('mul_ln49', Neuron_1/neural_layer.cpp:49) [34]  (1.05 ns)

 <State 3>: 1.05ns
The critical path consists of the following:
	'mul' operation of DSP[35] ('mul_ln49', Neuron_1/neural_layer.cpp:49) [34]  (1.05 ns)

 <State 4>: 2.1ns
The critical path consists of the following:
	'load' operation ('conv2225_load', Neuron_1/neural_layer.cpp:49) on local variable 'conv2225' [24]  (0 ns)
	'add' operation of DSP[35] ('add_ln49_1', Neuron_1/neural_layer.cpp:49) [35]  (2.1 ns)

 <State 5>: 3.69ns
The critical path consists of the following:
	'add' operation of DSP[35] ('add_ln49_1', Neuron_1/neural_layer.cpp:49) [35]  (2.1 ns)
	'store' operation ('store_ln49', Neuron_1/neural_layer.cpp:49) of variable 'add_ln49_1', Neuron_1/neural_layer.cpp:49 on local variable 'conv2225' [36]  (1.59 ns)


============================================================
+ Verbose Summary: Binding
============================================================
N/A
* FSMD analyzer results:
  - Output states:
 - Input state : 
  - Chain level:
	State 1
	State 2
	State 3
	State 4
	State 5


============================================================
+ Verbose Summary: Datapath Resource usage 
============================================================
N/A
