

================================================================
== Vitis HLS Report for 'runLayer_Pipeline_VITIS_LOOP_29_2'
================================================================
* Date:           Thu Mar  3 10:55:22 2022

* Version:        2021.2 (Build 3367213 on Tue Oct 19 02:48:09 MDT 2021)
* Project:        Neuron_1
* Solution:       solution1 (Vivado IP Flow Target)
* Product family: zynq
* Target device:  xc7z020-clg484-1


================================================================
== Performance Estimates
================================================================
+ Timing: 
    * Summary: 
    +--------+----------+----------+------------+
    |  Clock |  Target  | Estimated| Uncertainty|
    +--------+----------+----------+------------+
    |ap_clk  |  10.00 ns|  4.304 ns|     1.25 ns|
    +--------+----------+----------+------------+

+ Latency: 
    * Summary: 
    +---------+---------+-----------+----------+-----+-------+---------+
    |  Latency (cycles) |  Latency (absolute)  |   Interval  | Pipeline|
    |   min   |   max   |    min    |    max   | min |  max  |   Type  |
    +---------+---------+-----------+----------+-----+-------+---------+
    |        2|    65540|  20.000 ns|  0.655 ms|    2|  65540|       no|
    +---------+---------+-----------+----------+-----+-------+---------+

    + Detail: 
        * Instance: 
        N/A

        * Loop: 
        +-------------------+---------+---------+----------+-----------+-----------+-----------+----------+
        |                   |  Latency (cycles) | Iteration|  Initiation Interval  |    Trip   |          |
        |     Loop Name     |   min   |   max   |  Latency |  achieved |   target  |   Count   | Pipelined|
        +-------------------+---------+---------+----------+-----------+-----------+-----------+----------+
        |- VITIS_LOOP_29_2  |        0|    65538|         5|          1|          1|  0 ~ 65535|       yes|
        +-------------------+---------+---------+----------+-----------+-----------+-----------+----------+

============================================================
+ Verbose Summary: Synthesis Manager
============================================================
InlineROM: 1
ExposeGlobal: 0
============================================================
+ Verbose Summary: CDFG Model
============================================================
IsTopModel: 0
ResetActiveHigh: 1
IsCombinational: 0
IsDatapathOnly: 0
HasWiredReturn: 1
HasMFsm: 2
HasVarLatency: 1
IsPipeline: 0
IsRtlPipelined: 0
IsInstanceOverlapped: 0
IsDontTouch: 0
HasImplIP: 0
IsGatedGlobalClock: 0

+ Individual pipeline summary: 
  * Pipeline-0: initiation interval (II) = 1, depth = 5


============================================================
+ Verbose Summary: Schedule
============================================================
* Number of FSM states : 5
* Pipeline : 1
  Pipeline-0 : II = 1, D = 5, States = { 1 2 3 4 5 }
* Dataflow Pipeline: 0

* FSM state transitions: 
1 --> 2 
2 --> 3 
3 --> 4 
4 --> 5 
5 --> 

* FSM state operations: 

State 1 <SV = 0> <Delay = 4.01>
ST_1 : Operation 8 [1/1] (0.00ns)   --->   "%inNeurons = alloca i32 1"   --->   Operation 8 'alloca' 'inNeurons' <Predicate = true> <Delay = 0.00>
ST_1 : Operation 9 [1/1] (0.00ns)   --->   "%conv205 = alloca i32 1"   --->   Operation 9 'alloca' 'conv205' <Predicate = true> <Delay = 0.00>
ST_1 : Operation 10 [1/1] (0.00ns)   --->   "%numOfInNeurons_cast1_read = read i16 @_ssdm_op_Read.ap_auto.i16, i16 %numOfInNeurons_cast1"   --->   Operation 10 'read' 'numOfInNeurons_cast1_read' <Predicate = true> <Delay = 0.00>
ST_1 : Operation 11 [1/1] (0.00ns)   --->   "%output_r_load_read = read i16 @_ssdm_op_Read.ap_auto.i16, i16 %output_r_load"   --->   Operation 11 'read' 'output_r_load_read' <Predicate = true> <Delay = 0.00>
ST_1 : Operation 12 [1/1] (0.00ns)   --->   "%numOfInNeurons_cast1_cast = zext i16 %numOfInNeurons_cast1_read"   --->   Operation 12 'zext' 'numOfInNeurons_cast1_cast' <Predicate = true> <Delay = 0.00>
ST_1 : Operation 13 [1/1] (0.00ns)   --->   "%specmemcore_ln0 = specmemcore void @_ssdm_op_SpecMemCore, i16 %input_r, i64 666, i64 207, i64 1"   --->   Operation 13 'specmemcore' 'specmemcore_ln0' <Predicate = true> <Delay = 0.00>
ST_1 : Operation 14 [1/1] (0.00ns)   --->   "%specinterface_ln0 = specinterface void @_ssdm_op_SpecInterface, i16 %input_r, void @empty_3, i32 0, i32 0, void @empty_0, i32 1, i32 0, void @empty_0, void @empty_0, void @empty_0, i32 0, i32 0, i32 0, i32 0, void @empty_0, void @empty_0"   --->   Operation 14 'specinterface' 'specinterface_ln0' <Predicate = true> <Delay = 0.00>
ST_1 : Operation 15 [1/1] (1.58ns)   --->   "%store_ln0 = store i16 %output_r_load_read, i16 %conv205"   --->   Operation 15 'store' 'store_ln0' <Predicate = true> <Delay = 1.58>
ST_1 : Operation 16 [1/1] (1.58ns)   --->   "%store_ln0 = store i16 0, i16 %inNeurons"   --->   Operation 16 'store' 'store_ln0' <Predicate = true> <Delay = 1.58>
ST_1 : Operation 17 [1/1] (0.00ns)   --->   "%br_ln0 = br void"   --->   Operation 17 'br' 'br_ln0' <Predicate = true> <Delay = 0.00>
ST_1 : Operation 18 [1/1] (0.00ns)   --->   "%inNeurons_1 = load i16 %inNeurons" [Neuron_1/neural_layer.cpp:29]   --->   Operation 18 'load' 'inNeurons_1' <Predicate = true> <Delay = 0.00>
ST_1 : Operation 19 [1/1] (0.00ns)   --->   "%specpipeline_ln0 = specpipeline void @_ssdm_op_SpecPipeline, i32 4294967295, i32 0, i32 1, i32 0, void @p_str"   --->   Operation 19 'specpipeline' 'specpipeline_ln0' <Predicate = true> <Delay = 0.00>
ST_1 : Operation 20 [1/1] (0.00ns)   --->   "%sext_ln29 = sext i16 %inNeurons_1" [Neuron_1/neural_layer.cpp:29]   --->   Operation 20 'sext' 'sext_ln29' <Predicate = true> <Delay = 0.00>
ST_1 : Operation 21 [1/1] (2.42ns)   --->   "%icmp_ln29 = icmp_slt  i17 %sext_ln29, i17 %numOfInNeurons_cast1_cast" [Neuron_1/neural_layer.cpp:29]   --->   Operation 21 'icmp' 'icmp_ln29' <Predicate = true> <Delay = 2.42> <CoreInst = "Cmp">   --->   Core 9 'Cmp' <Latency = 0> <II = 1> <Delay = 2.42> <FuncUnit> <Opcode : 'icmp'> <InPorts = 2> <OutPorts = 1>
ST_1 : Operation 22 [1/1] (0.00ns)   --->   "%empty = speclooptripcount i32 @_ssdm_op_SpecLoopTripCount, i64 0, i64 65535, i64 0"   --->   Operation 22 'speclooptripcount' 'empty' <Predicate = true> <Delay = 0.00>
ST_1 : Operation 23 [1/1] (2.07ns)   --->   "%inNeurons_2 = add i16 %inNeurons_1, i16 1" [Neuron_1/neural_layer.cpp:29]   --->   Operation 23 'add' 'inNeurons_2' <Predicate = true> <Delay = 2.07> <CoreInst = "Adder">   --->   Core 1 'Adder' <Latency = 0> <II = 1> <Delay = 2.07> <FuncUnit> <Opcode : 'add' 'sub'> <InPorts = 2> <OutPorts = 1>
ST_1 : Operation 24 [1/1] (0.00ns)   --->   "%br_ln29 = br i1 %icmp_ln29, void %._crit_edge.loopexit.exitStub, void %.split" [Neuron_1/neural_layer.cpp:29]   --->   Operation 24 'br' 'br_ln29' <Predicate = true> <Delay = 0.00>
ST_1 : Operation 25 [1/1] (0.00ns)   --->   "%zext_ln31 = zext i16 %inNeurons_1" [Neuron_1/neural_layer.cpp:31]   --->   Operation 25 'zext' 'zext_ln31' <Predicate = (icmp_ln29)> <Delay = 0.00>
ST_1 : Operation 26 [1/1] (0.00ns)   --->   "%tmp_weights_addr = getelementptr i16 %tmp_weights, i64 0, i64 %zext_ln31" [Neuron_1/neural_layer.cpp:31]   --->   Operation 26 'getelementptr' 'tmp_weights_addr' <Predicate = (icmp_ln29)> <Delay = 0.00>
ST_1 : Operation 27 [2/2] (3.25ns)   --->   "%tmp_weights_load = load i7 %tmp_weights_addr" [Neuron_1/neural_layer.cpp:31]   --->   Operation 27 'load' 'tmp_weights_load' <Predicate = (icmp_ln29)> <Delay = 3.25> <CoreInst = "RAM">   --->   Core 82 'RAM' <Latency = 1> <II = 1> <Delay = 3.25> <Storage> <Opcode : 'load' 'store'> <Ports = 2> <Width = 16> <Depth = 128> <RAM>
ST_1 : Operation 28 [1/1] (0.00ns)   --->   "%input_r_addr = getelementptr i16 %input_r, i64 0, i64 %zext_ln31" [Neuron_1/neural_layer.cpp:31]   --->   Operation 28 'getelementptr' 'input_r_addr' <Predicate = (icmp_ln29)> <Delay = 0.00>
ST_1 : Operation 29 [2/2] (3.25ns)   --->   "%input_r_load = load i7 %input_r_addr" [Neuron_1/neural_layer.cpp:31]   --->   Operation 29 'load' 'input_r_load' <Predicate = (icmp_ln29)> <Delay = 3.25> <CoreInst = "RAM_1P">   --->   Core 86 'RAM_1P' <Latency = 1> <II = 1> <Delay = 3.25> <Storage> <Opcode : 'load' 'store'> <Ports = 1> <Width = 16> <Depth = 128> <RAM>
ST_1 : Operation 30 [1/1] (1.58ns)   --->   "%store_ln29 = store i16 %inNeurons_2, i16 %inNeurons" [Neuron_1/neural_layer.cpp:29]   --->   Operation 30 'store' 'store_ln29' <Predicate = (icmp_ln29)> <Delay = 1.58>

State 2 <SV = 1> <Delay = 4.30>
ST_2 : Operation 31 [1/2] (3.25ns)   --->   "%tmp_weights_load = load i7 %tmp_weights_addr" [Neuron_1/neural_layer.cpp:31]   --->   Operation 31 'load' 'tmp_weights_load' <Predicate = true> <Delay = 3.25> <CoreInst = "RAM">   --->   Core 82 'RAM' <Latency = 1> <II = 1> <Delay = 3.25> <Storage> <Opcode : 'load' 'store'> <Ports = 2> <Width = 16> <Depth = 128> <RAM>
ST_2 : Operation 32 [1/2] (3.25ns)   --->   "%input_r_load = load i7 %input_r_addr" [Neuron_1/neural_layer.cpp:31]   --->   Operation 32 'load' 'input_r_load' <Predicate = true> <Delay = 3.25> <CoreInst = "RAM_1P">   --->   Core 86 'RAM_1P' <Latency = 1> <II = 1> <Delay = 3.25> <Storage> <Opcode : 'load' 'store'> <Ports = 1> <Width = 16> <Depth = 128> <RAM>
ST_2 : Operation 33 [3/3] (1.05ns) (grouped into DSP with root node add_ln31)   --->   "%mul_ln31 = mul i16 %input_r_load, i16 %tmp_weights_load" [Neuron_1/neural_layer.cpp:31]   --->   Operation 33 'mul' 'mul_ln31' <Predicate = true> <Delay = 1.05> <CoreInst = "DSP48">   --->   Core 119 'DSP48' <Latency = 3> <II = 1> <Delay = 2.15> <IPBlock> <Opcode : 'mul' 'add' 'sub' 'select'> <InPorts = 0> <OutPorts = 1> <Sync> <CReg>

State 3 <SV = 2> <Delay = 1.05>
ST_3 : Operation 34 [2/3] (1.05ns) (grouped into DSP with root node add_ln31)   --->   "%mul_ln31 = mul i16 %input_r_load, i16 %tmp_weights_load" [Neuron_1/neural_layer.cpp:31]   --->   Operation 34 'mul' 'mul_ln31' <Predicate = true> <Delay = 1.05> <CoreInst = "DSP48">   --->   Core 119 'DSP48' <Latency = 3> <II = 1> <Delay = 2.15> <IPBlock> <Opcode : 'mul' 'add' 'sub' 'select'> <InPorts = 0> <OutPorts = 1> <Sync> <CReg>

State 4 <SV = 3> <Delay = 2.10>
ST_4 : Operation 35 [1/1] (0.00ns)   --->   "%conv205_load = load i16 %conv205" [Neuron_1/neural_layer.cpp:31]   --->   Operation 35 'load' 'conv205_load' <Predicate = true> <Delay = 0.00>
ST_4 : Operation 36 [1/3] (0.00ns) (grouped into DSP with root node add_ln31)   --->   "%mul_ln31 = mul i16 %input_r_load, i16 %tmp_weights_load" [Neuron_1/neural_layer.cpp:31]   --->   Operation 36 'mul' 'mul_ln31' <Predicate = true> <Delay = 0.00> <CoreInst = "DSP48">   --->   Core 119 'DSP48' <Latency = 3> <II = 1> <Delay = 2.15> <IPBlock> <Opcode : 'mul' 'add' 'sub' 'select'> <InPorts = 0> <OutPorts = 1> <Sync> <CReg>
ST_4 : Operation 37 [2/2] (2.10ns) (root node of the DSP)   --->   "%add_ln31 = add i16 %mul_ln31, i16 %conv205_load" [Neuron_1/neural_layer.cpp:31]   --->   Operation 37 'add' 'add_ln31' <Predicate = true> <Delay = 2.10> <CoreInst = "DSP48">   --->   Core 119 'DSP48' <Latency = 3> <II = 1> <Delay = 2.15> <IPBlock> <Opcode : 'mul' 'add' 'sub' 'select'> <InPorts = 0> <OutPorts = 1> <Sync> <CReg>
ST_4 : Operation 42 [1/1] (0.00ns)   --->   "%conv205_load_1 = load i16 %conv205"   --->   Operation 42 'load' 'conv205_load_1' <Predicate = (!icmp_ln29)> <Delay = 0.00>
ST_4 : Operation 43 [1/1] (0.00ns)   --->   "%write_ln0 = write void @_ssdm_op_Write.ap_auto.i16P0A, i16 %conv205_out, i16 %conv205_load_1"   --->   Operation 43 'write' 'write_ln0' <Predicate = (!icmp_ln29)> <Delay = 0.00>
ST_4 : Operation 44 [1/1] (0.00ns)   --->   "%ret_ln0 = ret"   --->   Operation 44 'ret' 'ret_ln0' <Predicate = (!icmp_ln29)> <Delay = 0.00>

State 5 <SV = 4> <Delay = 3.68>
ST_5 : Operation 38 [1/1] (0.00ns)   --->   "%specloopname_ln29 = specloopname void @_ssdm_op_SpecLoopName, void @empty_10" [Neuron_1/neural_layer.cpp:29]   --->   Operation 38 'specloopname' 'specloopname_ln29' <Predicate = true> <Delay = 0.00>
ST_5 : Operation 39 [1/2] (2.10ns) (root node of the DSP)   --->   "%add_ln31 = add i16 %mul_ln31, i16 %conv205_load" [Neuron_1/neural_layer.cpp:31]   --->   Operation 39 'add' 'add_ln31' <Predicate = true> <Delay = 2.10> <CoreInst = "DSP48">   --->   Core 119 'DSP48' <Latency = 3> <II = 1> <Delay = 2.15> <IPBlock> <Opcode : 'mul' 'add' 'sub' 'select'> <InPorts = 0> <OutPorts = 1> <Sync> <CReg>
ST_5 : Operation 40 [1/1] (1.58ns)   --->   "%store_ln31 = store i16 %add_ln31, i16 %conv205" [Neuron_1/neural_layer.cpp:31]   --->   Operation 40 'store' 'store_ln31' <Predicate = true> <Delay = 1.58>
ST_5 : Operation 41 [1/1] (0.00ns)   --->   "%br_ln0 = br void"   --->   Operation 41 'br' 'br_ln0' <Predicate = true> <Delay = 0.00>


============================================================
+ Verbose Summary: Timing violations
============================================================
Target clock period: 10ns, clock uncertainty: 1.25ns.

 <State 1>: 4.02ns
The critical path consists of the following:
	'alloca' operation ('inNeurons') [6]  (0 ns)
	'load' operation ('inNeurons', Neuron_1/neural_layer.cpp:29) on local variable 'inNeurons' [17]  (0 ns)
	'add' operation ('inNeurons', Neuron_1/neural_layer.cpp:29) [22]  (2.08 ns)
	'store' operation ('store_ln29', Neuron_1/neural_layer.cpp:29) of variable 'inNeurons', Neuron_1/neural_layer.cpp:29 on local variable 'inNeurons' [35]  (1.59 ns)
	blocking operation 0.352 ns on control path)

 <State 2>: 4.3ns
The critical path consists of the following:
	'load' operation ('tmp_weights_load', Neuron_1/neural_layer.cpp:31) on array 'tmp_weights' [29]  (3.25 ns)
	'mul' operation of DSP[33] ('mul_ln31', Neuron_1/neural_layer.cpp:31) [32]  (1.05 ns)

 <State 3>: 1.05ns
The critical path consists of the following:
	'mul' operation of DSP[33] ('mul_ln31', Neuron_1/neural_layer.cpp:31) [32]  (1.05 ns)

 <State 4>: 2.1ns
The critical path consists of the following:
	'load' operation ('conv205_load', Neuron_1/neural_layer.cpp:31) on local variable 'conv205' [25]  (0 ns)
	'add' operation of DSP[33] ('add_ln31', Neuron_1/neural_layer.cpp:31) [33]  (2.1 ns)

 <State 5>: 3.69ns
The critical path consists of the following:
	'add' operation of DSP[33] ('add_ln31', Neuron_1/neural_layer.cpp:31) [33]  (2.1 ns)
	'store' operation ('store_ln31', Neuron_1/neural_layer.cpp:31) of variable 'add_ln31', Neuron_1/neural_layer.cpp:31 on local variable 'conv205' [34]  (1.59 ns)


============================================================
+ Verbose Summary: Binding
============================================================
N/A
* FSMD analyzer results:
  - Output states:
 - Input state : 
  - Chain level:
	State 1
	State 2
	State 3
	State 4
	State 5


============================================================
+ Verbose Summary: Datapath Resource usage 
============================================================
N/A
