Copyright 1986-2021 Xilinx, Inc. All Rights Reserved.
---------------------------------------------------------------------------------------------------------------------------------------
| Tool Version : Vivado v.2021.2 (win64) Build 3367213 Tue Oct 19 02:48:09 MDT 2021
| Date         : Sun Apr 10 02:16:58 2022
| Host         : DESKTOP-IFL7HB3 running 64-bit major release  (build 9200)
| Command      : report_drc -file design_1_wrapper_drc_opted.rpt -pb design_1_wrapper_drc_opted.pb -rpx design_1_wrapper_drc_opted.rpx
| Design       : design_1_wrapper
| Device       : xc7z020clg484-1
| Speed File   : -1
| Design State : Synthesized
---------------------------------------------------------------------------------------------------------------------------------------

Report DRC

Table of Contents
-----------------
1. REPORT SUMMARY
2. REPORT DETAILS

1. REPORT SUMMARY
-----------------
            Netlist: netlist
          Floorplan: design_1
      Design limits: <entire design considered>
           Ruledeck: default
             Max violations: <unlimited>
             Violations found: 138
+--------+----------+------------------------+------------+
| Rule   | Severity | Description            | Violations |
+--------+----------+------------------------+------------+
| DPIP-1 | Warning  | Input pipelining       | 128        |
| DPOP-1 | Warning  | PREG Output pipelining | 4          |
| DPOP-2 | Warning  | MREG Output pipelining | 6          |
+--------+----------+------------------------+------------+

2. REPORT DETAILS
-----------------
DPIP-1#1 Warning
Input pipelining  
DSP design_1_i/nnlayer_0/inst/mac_muladd_16s_16s_24ns_24_4_1_U142/nnlayer_mac_muladd_16s_16s_24ns_24_4_1_DSP48_0_U/p_reg_reg input design_1_i/nnlayer_0/inst/mac_muladd_16s_16s_24ns_24_4_1_U142/nnlayer_mac_muladd_16s_16s_24ns_24_4_1_DSP48_0_U/p_reg_reg/C[47:0] is not pipelined. Pipelining DSP48 input will improve performance.
Related violations: <none>

DPIP-1#2 Warning
Input pipelining  
DSP design_1_i/nnlayer_0/inst/mac_muladd_16s_16s_24ns_24_4_1_U143/nnlayer_mac_muladd_16s_16s_24ns_24_4_1_DSP48_0_U/p_reg_reg input design_1_i/nnlayer_0/inst/mac_muladd_16s_16s_24ns_24_4_1_U143/nnlayer_mac_muladd_16s_16s_24ns_24_4_1_DSP48_0_U/p_reg_reg/C[47:0] is not pipelined. Pipelining DSP48 input will improve performance.
Related violations: <none>

DPIP-1#3 Warning
Input pipelining  
DSP design_1_i/nnlayer_0/inst/mac_muladd_16s_16s_24ns_24_4_1_U144/nnlayer_mac_muladd_16s_16s_24ns_24_4_1_DSP48_0_U/p_reg_reg input design_1_i/nnlayer_0/inst/mac_muladd_16s_16s_24ns_24_4_1_U144/nnlayer_mac_muladd_16s_16s_24ns_24_4_1_DSP48_0_U/p_reg_reg/C[47:0] is not pipelined. Pipelining DSP48 input will improve performance.
Related violations: <none>

DPIP-1#4 Warning
Input pipelining  
DSP design_1_i/nnlayer_0/inst/mac_muladd_16s_16s_24ns_24_4_1_U145/nnlayer_mac_muladd_16s_16s_24ns_24_4_1_DSP48_0_U/p_reg_reg input design_1_i/nnlayer_0/inst/mac_muladd_16s_16s_24ns_24_4_1_U145/nnlayer_mac_muladd_16s_16s_24ns_24_4_1_DSP48_0_U/p_reg_reg/C[47:0] is not pipelined. Pipelining DSP48 input will improve performance.
Related violations: <none>

DPIP-1#5 Warning
Input pipelining  
DSP design_1_i/nnlayer_0/inst/mac_muladd_16s_16s_24ns_24_4_1_U146/nnlayer_mac_muladd_16s_16s_24ns_24_4_1_DSP48_0_U/p_reg_reg input design_1_i/nnlayer_0/inst/mac_muladd_16s_16s_24ns_24_4_1_U146/nnlayer_mac_muladd_16s_16s_24ns_24_4_1_DSP48_0_U/p_reg_reg/C[47:0] is not pipelined. Pipelining DSP48 input will improve performance.
Related violations: <none>

DPIP-1#6 Warning
Input pipelining  
DSP design_1_i/nnlayer_0/inst/mac_muladd_16s_16s_24ns_24_4_1_U147/nnlayer_mac_muladd_16s_16s_24ns_24_4_1_DSP48_0_U/p_reg_reg input design_1_i/nnlayer_0/inst/mac_muladd_16s_16s_24ns_24_4_1_U147/nnlayer_mac_muladd_16s_16s_24ns_24_4_1_DSP48_0_U/p_reg_reg/C[47:0] is not pipelined. Pipelining DSP48 input will improve performance.
Related violations: <none>

DPIP-1#7 Warning
Input pipelining  
DSP design_1_i/nnlayer_0/inst/mac_muladd_16s_16s_24ns_24_4_1_U148/nnlayer_mac_muladd_16s_16s_24ns_24_4_1_DSP48_0_U/p_reg_reg input design_1_i/nnlayer_0/inst/mac_muladd_16s_16s_24ns_24_4_1_U148/nnlayer_mac_muladd_16s_16s_24ns_24_4_1_DSP48_0_U/p_reg_reg/C[47:0] is not pipelined. Pipelining DSP48 input will improve performance.
Related violations: <none>

DPIP-1#8 Warning
Input pipelining  
DSP design_1_i/nnlayer_0/inst/mac_muladd_16s_16s_24ns_24_4_1_U149/nnlayer_mac_muladd_16s_16s_24ns_24_4_1_DSP48_0_U/p_reg_reg input design_1_i/nnlayer_0/inst/mac_muladd_16s_16s_24ns_24_4_1_U149/nnlayer_mac_muladd_16s_16s_24ns_24_4_1_DSP48_0_U/p_reg_reg/C[47:0] is not pipelined. Pipelining DSP48 input will improve performance.
Related violations: <none>

DPIP-1#9 Warning
Input pipelining  
DSP design_1_i/nnlayer_0/inst/mac_muladd_16s_16s_24ns_24_4_1_U150/nnlayer_mac_muladd_16s_16s_24ns_24_4_1_DSP48_0_U/p_reg_reg input design_1_i/nnlayer_0/inst/mac_muladd_16s_16s_24ns_24_4_1_U150/nnlayer_mac_muladd_16s_16s_24ns_24_4_1_DSP48_0_U/p_reg_reg/C[47:0] is not pipelined. Pipelining DSP48 input will improve performance.
Related violations: <none>

DPIP-1#10 Warning
Input pipelining  
DSP design_1_i/nnlayer_0/inst/mac_muladd_16s_16s_24ns_24_4_1_U151/nnlayer_mac_muladd_16s_16s_24ns_24_4_1_DSP48_0_U/p_reg_reg input design_1_i/nnlayer_0/inst/mac_muladd_16s_16s_24ns_24_4_1_U151/nnlayer_mac_muladd_16s_16s_24ns_24_4_1_DSP48_0_U/p_reg_reg/C[47:0] is not pipelined. Pipelining DSP48 input will improve performance.
Related violations: <none>

DPIP-1#11 Warning
Input pipelining  
DSP design_1_i/nnlayer_0/inst/mac_muladd_16s_16s_24ns_24_4_1_U152/nnlayer_mac_muladd_16s_16s_24ns_24_4_1_DSP48_0_U/p_reg_reg input design_1_i/nnlayer_0/inst/mac_muladd_16s_16s_24ns_24_4_1_U152/nnlayer_mac_muladd_16s_16s_24ns_24_4_1_DSP48_0_U/p_reg_reg/C[47:0] is not pipelined. Pipelining DSP48 input will improve performance.
Related violations: <none>

DPIP-1#12 Warning
Input pipelining  
DSP design_1_i/nnlayer_0/inst/mac_muladd_16s_16s_24ns_24_4_1_U153/nnlayer_mac_muladd_16s_16s_24ns_24_4_1_DSP48_0_U/p_reg_reg input design_1_i/nnlayer_0/inst/mac_muladd_16s_16s_24ns_24_4_1_U153/nnlayer_mac_muladd_16s_16s_24ns_24_4_1_DSP48_0_U/p_reg_reg/C[47:0] is not pipelined. Pipelining DSP48 input will improve performance.
Related violations: <none>

DPIP-1#13 Warning
Input pipelining  
DSP design_1_i/nnlayer_0/inst/mac_muladd_16s_16s_24ns_24_4_1_U154/nnlayer_mac_muladd_16s_16s_24ns_24_4_1_DSP48_0_U/p_reg_reg input design_1_i/nnlayer_0/inst/mac_muladd_16s_16s_24ns_24_4_1_U154/nnlayer_mac_muladd_16s_16s_24ns_24_4_1_DSP48_0_U/p_reg_reg/C[47:0] is not pipelined. Pipelining DSP48 input will improve performance.
Related violations: <none>

DPIP-1#14 Warning
Input pipelining  
DSP design_1_i/nnlayer_0/inst/mac_muladd_16s_16s_24ns_24_4_1_U155/nnlayer_mac_muladd_16s_16s_24ns_24_4_1_DSP48_0_U/p_reg_reg input design_1_i/nnlayer_0/inst/mac_muladd_16s_16s_24ns_24_4_1_U155/nnlayer_mac_muladd_16s_16s_24ns_24_4_1_DSP48_0_U/p_reg_reg/C[47:0] is not pipelined. Pipelining DSP48 input will improve performance.
Related violations: <none>

DPIP-1#15 Warning
Input pipelining  
DSP design_1_i/nnlayer_0/inst/mac_muladd_16s_16s_24ns_24_4_1_U156/nnlayer_mac_muladd_16s_16s_24ns_24_4_1_DSP48_0_U/p_reg_reg input design_1_i/nnlayer_0/inst/mac_muladd_16s_16s_24ns_24_4_1_U156/nnlayer_mac_muladd_16s_16s_24ns_24_4_1_DSP48_0_U/p_reg_reg/C[47:0] is not pipelined. Pipelining DSP48 input will improve performance.
Related violations: <none>

DPIP-1#16 Warning
Input pipelining  
DSP design_1_i/nnlayer_0/inst/mac_muladd_16s_16s_24ns_24_4_1_U157/nnlayer_mac_muladd_16s_16s_24ns_24_4_1_DSP48_0_U/p_reg_reg input design_1_i/nnlayer_0/inst/mac_muladd_16s_16s_24ns_24_4_1_U157/nnlayer_mac_muladd_16s_16s_24ns_24_4_1_DSP48_0_U/p_reg_reg/C[47:0] is not pipelined. Pipelining DSP48 input will improve performance.
Related violations: <none>

DPIP-1#17 Warning
Input pipelining  
DSP design_1_i/nnlayer_0/inst/mac_muladd_16s_16s_24ns_24_4_1_U158/nnlayer_mac_muladd_16s_16s_24ns_24_4_1_DSP48_0_U/p_reg_reg input design_1_i/nnlayer_0/inst/mac_muladd_16s_16s_24ns_24_4_1_U158/nnlayer_mac_muladd_16s_16s_24ns_24_4_1_DSP48_0_U/p_reg_reg/C[47:0] is not pipelined. Pipelining DSP48 input will improve performance.
Related violations: <none>

DPIP-1#18 Warning
Input pipelining  
DSP design_1_i/nnlayer_0/inst/mac_muladd_16s_16s_24ns_24_4_1_U159/nnlayer_mac_muladd_16s_16s_24ns_24_4_1_DSP48_0_U/p_reg_reg input design_1_i/nnlayer_0/inst/mac_muladd_16s_16s_24ns_24_4_1_U159/nnlayer_mac_muladd_16s_16s_24ns_24_4_1_DSP48_0_U/p_reg_reg/C[47:0] is not pipelined. Pipelining DSP48 input will improve performance.
Related violations: <none>

DPIP-1#19 Warning
Input pipelining  
DSP design_1_i/nnlayer_0/inst/mac_muladd_16s_16s_24ns_24_4_1_U160/nnlayer_mac_muladd_16s_16s_24ns_24_4_1_DSP48_0_U/p_reg_reg input design_1_i/nnlayer_0/inst/mac_muladd_16s_16s_24ns_24_4_1_U160/nnlayer_mac_muladd_16s_16s_24ns_24_4_1_DSP48_0_U/p_reg_reg/C[47:0] is not pipelined. Pipelining DSP48 input will improve performance.
Related violations: <none>

DPIP-1#20 Warning
Input pipelining  
DSP design_1_i/nnlayer_0/inst/mac_muladd_16s_16s_24ns_24_4_1_U161/nnlayer_mac_muladd_16s_16s_24ns_24_4_1_DSP48_0_U/p_reg_reg input design_1_i/nnlayer_0/inst/mac_muladd_16s_16s_24ns_24_4_1_U161/nnlayer_mac_muladd_16s_16s_24ns_24_4_1_DSP48_0_U/p_reg_reg/C[47:0] is not pipelined. Pipelining DSP48 input will improve performance.
Related violations: <none>

DPIP-1#21 Warning
Input pipelining  
DSP design_1_i/nnlayer_0/inst/mac_muladd_16s_16s_24ns_24_4_1_U162/nnlayer_mac_muladd_16s_16s_24ns_24_4_1_DSP48_0_U/p_reg_reg input design_1_i/nnlayer_0/inst/mac_muladd_16s_16s_24ns_24_4_1_U162/nnlayer_mac_muladd_16s_16s_24ns_24_4_1_DSP48_0_U/p_reg_reg/C[47:0] is not pipelined. Pipelining DSP48 input will improve performance.
Related violations: <none>

DPIP-1#22 Warning
Input pipelining  
DSP design_1_i/nnlayer_0/inst/mac_muladd_16s_16s_24ns_24_4_1_U163/nnlayer_mac_muladd_16s_16s_24ns_24_4_1_DSP48_0_U/p_reg_reg input design_1_i/nnlayer_0/inst/mac_muladd_16s_16s_24ns_24_4_1_U163/nnlayer_mac_muladd_16s_16s_24ns_24_4_1_DSP48_0_U/p_reg_reg/C[47:0] is not pipelined. Pipelining DSP48 input will improve performance.
Related violations: <none>

DPIP-1#23 Warning
Input pipelining  
DSP design_1_i/nnlayer_0/inst/mac_muladd_16s_16s_24ns_24_4_1_U164/nnlayer_mac_muladd_16s_16s_24ns_24_4_1_DSP48_0_U/p_reg_reg input design_1_i/nnlayer_0/inst/mac_muladd_16s_16s_24ns_24_4_1_U164/nnlayer_mac_muladd_16s_16s_24ns_24_4_1_DSP48_0_U/p_reg_reg/C[47:0] is not pipelined. Pipelining DSP48 input will improve performance.
Related violations: <none>

DPIP-1#24 Warning
Input pipelining  
DSP design_1_i/nnlayer_0/inst/mac_muladd_16s_16s_24ns_24_4_1_U165/nnlayer_mac_muladd_16s_16s_24ns_24_4_1_DSP48_0_U/p_reg_reg input design_1_i/nnlayer_0/inst/mac_muladd_16s_16s_24ns_24_4_1_U165/nnlayer_mac_muladd_16s_16s_24ns_24_4_1_DSP48_0_U/p_reg_reg/C[47:0] is not pipelined. Pipelining DSP48 input will improve performance.
Related violations: <none>

DPIP-1#25 Warning
Input pipelining  
DSP design_1_i/nnlayer_0/inst/mac_muladd_16s_16s_24ns_24_4_1_U166/nnlayer_mac_muladd_16s_16s_24ns_24_4_1_DSP48_0_U/p_reg_reg input design_1_i/nnlayer_0/inst/mac_muladd_16s_16s_24ns_24_4_1_U166/nnlayer_mac_muladd_16s_16s_24ns_24_4_1_DSP48_0_U/p_reg_reg/C[47:0] is not pipelined. Pipelining DSP48 input will improve performance.
Related violations: <none>

DPIP-1#26 Warning
Input pipelining  
DSP design_1_i/nnlayer_0/inst/mac_muladd_16s_16s_24ns_24_4_1_U167/nnlayer_mac_muladd_16s_16s_24ns_24_4_1_DSP48_0_U/p_reg_reg input design_1_i/nnlayer_0/inst/mac_muladd_16s_16s_24ns_24_4_1_U167/nnlayer_mac_muladd_16s_16s_24ns_24_4_1_DSP48_0_U/p_reg_reg/C[47:0] is not pipelined. Pipelining DSP48 input will improve performance.
Related violations: <none>

DPIP-1#27 Warning
Input pipelining  
DSP design_1_i/nnlayer_0/inst/mac_muladd_16s_16s_24ns_24_4_1_U168/nnlayer_mac_muladd_16s_16s_24ns_24_4_1_DSP48_0_U/p_reg_reg input design_1_i/nnlayer_0/inst/mac_muladd_16s_16s_24ns_24_4_1_U168/nnlayer_mac_muladd_16s_16s_24ns_24_4_1_DSP48_0_U/p_reg_reg/C[47:0] is not pipelined. Pipelining DSP48 input will improve performance.
Related violations: <none>

DPIP-1#28 Warning
Input pipelining  
DSP design_1_i/nnlayer_0/inst/mac_muladd_16s_16s_24ns_24_4_1_U169/nnlayer_mac_muladd_16s_16s_24ns_24_4_1_DSP48_0_U/p_reg_reg input design_1_i/nnlayer_0/inst/mac_muladd_16s_16s_24ns_24_4_1_U169/nnlayer_mac_muladd_16s_16s_24ns_24_4_1_DSP48_0_U/p_reg_reg/C[47:0] is not pipelined. Pipelining DSP48 input will improve performance.
Related violations: <none>

DPIP-1#29 Warning
Input pipelining  
DSP design_1_i/nnlayer_0/inst/mac_muladd_16s_16s_24ns_24_4_1_U170/nnlayer_mac_muladd_16s_16s_24ns_24_4_1_DSP48_0_U/p_reg_reg input design_1_i/nnlayer_0/inst/mac_muladd_16s_16s_24ns_24_4_1_U170/nnlayer_mac_muladd_16s_16s_24ns_24_4_1_DSP48_0_U/p_reg_reg/C[47:0] is not pipelined. Pipelining DSP48 input will improve performance.
Related violations: <none>

DPIP-1#30 Warning
Input pipelining  
DSP design_1_i/nnlayer_0/inst/mac_muladd_16s_16s_24ns_24_4_1_U171/nnlayer_mac_muladd_16s_16s_24ns_24_4_1_DSP48_0_U/p_reg_reg input design_1_i/nnlayer_0/inst/mac_muladd_16s_16s_24ns_24_4_1_U171/nnlayer_mac_muladd_16s_16s_24ns_24_4_1_DSP48_0_U/p_reg_reg/C[47:0] is not pipelined. Pipelining DSP48 input will improve performance.
Related violations: <none>

DPIP-1#31 Warning
Input pipelining  
DSP design_1_i/nnlayer_0/inst/mac_muladd_16s_16s_24ns_24_4_1_U172/nnlayer_mac_muladd_16s_16s_24ns_24_4_1_DSP48_0_U/p_reg_reg input design_1_i/nnlayer_0/inst/mac_muladd_16s_16s_24ns_24_4_1_U172/nnlayer_mac_muladd_16s_16s_24ns_24_4_1_DSP48_0_U/p_reg_reg/C[47:0] is not pipelined. Pipelining DSP48 input will improve performance.
Related violations: <none>

DPIP-1#32 Warning
Input pipelining  
DSP design_1_i/nnlayer_0/inst/mac_muladd_16s_16s_24ns_24_4_1_U173/nnlayer_mac_muladd_16s_16s_24ns_24_4_1_DSP48_0_U/p_reg_reg input design_1_i/nnlayer_0/inst/mac_muladd_16s_16s_24ns_24_4_1_U173/nnlayer_mac_muladd_16s_16s_24ns_24_4_1_DSP48_0_U/p_reg_reg/C[47:0] is not pipelined. Pipelining DSP48 input will improve performance.
Related violations: <none>

DPIP-1#33 Warning
Input pipelining  
DSP design_1_i/nnlayer_0/inst/mac_muladd_16s_16s_24ns_24_4_1_U174/nnlayer_mac_muladd_16s_16s_24ns_24_4_1_DSP48_0_U/p_reg_reg input design_1_i/nnlayer_0/inst/mac_muladd_16s_16s_24ns_24_4_1_U174/nnlayer_mac_muladd_16s_16s_24ns_24_4_1_DSP48_0_U/p_reg_reg/C[47:0] is not pipelined. Pipelining DSP48 input will improve performance.
Related violations: <none>

DPIP-1#34 Warning
Input pipelining  
DSP design_1_i/nnlayer_0/inst/mac_muladd_16s_16s_24ns_24_4_1_U175/nnlayer_mac_muladd_16s_16s_24ns_24_4_1_DSP48_0_U/p_reg_reg input design_1_i/nnlayer_0/inst/mac_muladd_16s_16s_24ns_24_4_1_U175/nnlayer_mac_muladd_16s_16s_24ns_24_4_1_DSP48_0_U/p_reg_reg/C[47:0] is not pipelined. Pipelining DSP48 input will improve performance.
Related violations: <none>

DPIP-1#35 Warning
Input pipelining  
DSP design_1_i/nnlayer_0/inst/mac_muladd_16s_16s_24ns_24_4_1_U176/nnlayer_mac_muladd_16s_16s_24ns_24_4_1_DSP48_0_U/p_reg_reg input design_1_i/nnlayer_0/inst/mac_muladd_16s_16s_24ns_24_4_1_U176/nnlayer_mac_muladd_16s_16s_24ns_24_4_1_DSP48_0_U/p_reg_reg/C[47:0] is not pipelined. Pipelining DSP48 input will improve performance.
Related violations: <none>

DPIP-1#36 Warning
Input pipelining  
DSP design_1_i/nnlayer_0/inst/mac_muladd_16s_16s_24ns_24_4_1_U177/nnlayer_mac_muladd_16s_16s_24ns_24_4_1_DSP48_0_U/p_reg_reg input design_1_i/nnlayer_0/inst/mac_muladd_16s_16s_24ns_24_4_1_U177/nnlayer_mac_muladd_16s_16s_24ns_24_4_1_DSP48_0_U/p_reg_reg/C[47:0] is not pipelined. Pipelining DSP48 input will improve performance.
Related violations: <none>

DPIP-1#37 Warning
Input pipelining  
DSP design_1_i/nnlayer_0/inst/mac_muladd_16s_16s_24ns_24_4_1_U178/nnlayer_mac_muladd_16s_16s_24ns_24_4_1_DSP48_0_U/p_reg_reg input design_1_i/nnlayer_0/inst/mac_muladd_16s_16s_24ns_24_4_1_U178/nnlayer_mac_muladd_16s_16s_24ns_24_4_1_DSP48_0_U/p_reg_reg/C[47:0] is not pipelined. Pipelining DSP48 input will improve performance.
Related violations: <none>

DPIP-1#38 Warning
Input pipelining  
DSP design_1_i/nnlayer_0/inst/mac_muladd_16s_16s_24ns_24_4_1_U179/nnlayer_mac_muladd_16s_16s_24ns_24_4_1_DSP48_0_U/p_reg_reg input design_1_i/nnlayer_0/inst/mac_muladd_16s_16s_24ns_24_4_1_U179/nnlayer_mac_muladd_16s_16s_24ns_24_4_1_DSP48_0_U/p_reg_reg/C[47:0] is not pipelined. Pipelining DSP48 input will improve performance.
Related violations: <none>

DPIP-1#39 Warning
Input pipelining  
DSP design_1_i/nnlayer_0/inst/mac_muladd_16s_16s_24ns_24_4_1_U180/nnlayer_mac_muladd_16s_16s_24ns_24_4_1_DSP48_0_U/p_reg_reg input design_1_i/nnlayer_0/inst/mac_muladd_16s_16s_24ns_24_4_1_U180/nnlayer_mac_muladd_16s_16s_24ns_24_4_1_DSP48_0_U/p_reg_reg/C[47:0] is not pipelined. Pipelining DSP48 input will improve performance.
Related violations: <none>

DPIP-1#40 Warning
Input pipelining  
DSP design_1_i/nnlayer_0/inst/mac_muladd_16s_16s_24ns_24_4_1_U181/nnlayer_mac_muladd_16s_16s_24ns_24_4_1_DSP48_0_U/p_reg_reg input design_1_i/nnlayer_0/inst/mac_muladd_16s_16s_24ns_24_4_1_U181/nnlayer_mac_muladd_16s_16s_24ns_24_4_1_DSP48_0_U/p_reg_reg/C[47:0] is not pipelined. Pipelining DSP48 input will improve performance.
Related violations: <none>

DPIP-1#41 Warning
Input pipelining  
DSP design_1_i/nnlayer_0/inst/mac_muladd_16s_16s_24ns_24_4_1_U182/nnlayer_mac_muladd_16s_16s_24ns_24_4_1_DSP48_0_U/p_reg_reg input design_1_i/nnlayer_0/inst/mac_muladd_16s_16s_24ns_24_4_1_U182/nnlayer_mac_muladd_16s_16s_24ns_24_4_1_DSP48_0_U/p_reg_reg/C[47:0] is not pipelined. Pipelining DSP48 input will improve performance.
Related violations: <none>

DPIP-1#42 Warning
Input pipelining  
DSP design_1_i/nnlayer_0/inst/mac_muladd_16s_16s_24ns_24_4_1_U183/nnlayer_mac_muladd_16s_16s_24ns_24_4_1_DSP48_0_U/p_reg_reg input design_1_i/nnlayer_0/inst/mac_muladd_16s_16s_24ns_24_4_1_U183/nnlayer_mac_muladd_16s_16s_24ns_24_4_1_DSP48_0_U/p_reg_reg/C[47:0] is not pipelined. Pipelining DSP48 input will improve performance.
Related violations: <none>

DPIP-1#43 Warning
Input pipelining  
DSP design_1_i/nnlayer_0/inst/mac_muladd_16s_16s_24ns_24_4_1_U184/nnlayer_mac_muladd_16s_16s_24ns_24_4_1_DSP48_0_U/p_reg_reg input design_1_i/nnlayer_0/inst/mac_muladd_16s_16s_24ns_24_4_1_U184/nnlayer_mac_muladd_16s_16s_24ns_24_4_1_DSP48_0_U/p_reg_reg/C[47:0] is not pipelined. Pipelining DSP48 input will improve performance.
Related violations: <none>

DPIP-1#44 Warning
Input pipelining  
DSP design_1_i/nnlayer_0/inst/mac_muladd_16s_16s_24ns_24_4_1_U185/nnlayer_mac_muladd_16s_16s_24ns_24_4_1_DSP48_0_U/p_reg_reg input design_1_i/nnlayer_0/inst/mac_muladd_16s_16s_24ns_24_4_1_U185/nnlayer_mac_muladd_16s_16s_24ns_24_4_1_DSP48_0_U/p_reg_reg/C[47:0] is not pipelined. Pipelining DSP48 input will improve performance.
Related violations: <none>

DPIP-1#45 Warning
Input pipelining  
DSP design_1_i/nnlayer_0/inst/mac_muladd_16s_16s_24ns_24_4_1_U186/nnlayer_mac_muladd_16s_16s_24ns_24_4_1_DSP48_0_U/p_reg_reg input design_1_i/nnlayer_0/inst/mac_muladd_16s_16s_24ns_24_4_1_U186/nnlayer_mac_muladd_16s_16s_24ns_24_4_1_DSP48_0_U/p_reg_reg/C[47:0] is not pipelined. Pipelining DSP48 input will improve performance.
Related violations: <none>

DPIP-1#46 Warning
Input pipelining  
DSP design_1_i/nnlayer_0/inst/mac_muladd_16s_16s_24ns_24_4_1_U187/nnlayer_mac_muladd_16s_16s_24ns_24_4_1_DSP48_0_U/p_reg_reg input design_1_i/nnlayer_0/inst/mac_muladd_16s_16s_24ns_24_4_1_U187/nnlayer_mac_muladd_16s_16s_24ns_24_4_1_DSP48_0_U/p_reg_reg/C[47:0] is not pipelined. Pipelining DSP48 input will improve performance.
Related violations: <none>

DPIP-1#47 Warning
Input pipelining  
DSP design_1_i/nnlayer_0/inst/mac_muladd_16s_16s_24ns_24_4_1_U188/nnlayer_mac_muladd_16s_16s_24ns_24_4_1_DSP48_0_U/p_reg_reg input design_1_i/nnlayer_0/inst/mac_muladd_16s_16s_24ns_24_4_1_U188/nnlayer_mac_muladd_16s_16s_24ns_24_4_1_DSP48_0_U/p_reg_reg/C[47:0] is not pipelined. Pipelining DSP48 input will improve performance.
Related violations: <none>

DPIP-1#48 Warning
Input pipelining  
DSP design_1_i/nnlayer_0/inst/mac_muladd_16s_16s_24ns_24_4_1_U189/nnlayer_mac_muladd_16s_16s_24ns_24_4_1_DSP48_0_U/p_reg_reg input design_1_i/nnlayer_0/inst/mac_muladd_16s_16s_24ns_24_4_1_U189/nnlayer_mac_muladd_16s_16s_24ns_24_4_1_DSP48_0_U/p_reg_reg/C[47:0] is not pipelined. Pipelining DSP48 input will improve performance.
Related violations: <none>

DPIP-1#49 Warning
Input pipelining  
DSP design_1_i/nnlayer_0/inst/mac_muladd_16s_16s_24ns_24_4_1_U190/nnlayer_mac_muladd_16s_16s_24ns_24_4_1_DSP48_0_U/p_reg_reg input design_1_i/nnlayer_0/inst/mac_muladd_16s_16s_24ns_24_4_1_U190/nnlayer_mac_muladd_16s_16s_24ns_24_4_1_DSP48_0_U/p_reg_reg/C[47:0] is not pipelined. Pipelining DSP48 input will improve performance.
Related violations: <none>

DPIP-1#50 Warning
Input pipelining  
DSP design_1_i/nnlayer_0/inst/mac_muladd_16s_16s_24ns_24_4_1_U191/nnlayer_mac_muladd_16s_16s_24ns_24_4_1_DSP48_0_U/p_reg_reg input design_1_i/nnlayer_0/inst/mac_muladd_16s_16s_24ns_24_4_1_U191/nnlayer_mac_muladd_16s_16s_24ns_24_4_1_DSP48_0_U/p_reg_reg/C[47:0] is not pipelined. Pipelining DSP48 input will improve performance.
Related violations: <none>

DPIP-1#51 Warning
Input pipelining  
DSP design_1_i/nnlayer_0/inst/mac_muladd_16s_16s_24ns_24_4_1_U192/nnlayer_mac_muladd_16s_16s_24ns_24_4_1_DSP48_0_U/p_reg_reg input design_1_i/nnlayer_0/inst/mac_muladd_16s_16s_24ns_24_4_1_U192/nnlayer_mac_muladd_16s_16s_24ns_24_4_1_DSP48_0_U/p_reg_reg/C[47:0] is not pipelined. Pipelining DSP48 input will improve performance.
Related violations: <none>

DPIP-1#52 Warning
Input pipelining  
DSP design_1_i/nnlayer_0/inst/mac_muladd_16s_16s_24ns_24_4_1_U193/nnlayer_mac_muladd_16s_16s_24ns_24_4_1_DSP48_0_U/p_reg_reg input design_1_i/nnlayer_0/inst/mac_muladd_16s_16s_24ns_24_4_1_U193/nnlayer_mac_muladd_16s_16s_24ns_24_4_1_DSP48_0_U/p_reg_reg/C[47:0] is not pipelined. Pipelining DSP48 input will improve performance.
Related violations: <none>

DPIP-1#53 Warning
Input pipelining  
DSP design_1_i/nnlayer_0/inst/mac_muladd_16s_16s_24ns_24_4_1_U194/nnlayer_mac_muladd_16s_16s_24ns_24_4_1_DSP48_0_U/p_reg_reg input design_1_i/nnlayer_0/inst/mac_muladd_16s_16s_24ns_24_4_1_U194/nnlayer_mac_muladd_16s_16s_24ns_24_4_1_DSP48_0_U/p_reg_reg/C[47:0] is not pipelined. Pipelining DSP48 input will improve performance.
Related violations: <none>

DPIP-1#54 Warning
Input pipelining  
DSP design_1_i/nnlayer_0/inst/mac_muladd_16s_16s_24ns_24_4_1_U195/nnlayer_mac_muladd_16s_16s_24ns_24_4_1_DSP48_0_U/p_reg_reg input design_1_i/nnlayer_0/inst/mac_muladd_16s_16s_24ns_24_4_1_U195/nnlayer_mac_muladd_16s_16s_24ns_24_4_1_DSP48_0_U/p_reg_reg/C[47:0] is not pipelined. Pipelining DSP48 input will improve performance.
Related violations: <none>

DPIP-1#55 Warning
Input pipelining  
DSP design_1_i/nnlayer_0/inst/mac_muladd_16s_16s_24ns_24_4_1_U196/nnlayer_mac_muladd_16s_16s_24ns_24_4_1_DSP48_0_U/p_reg_reg input design_1_i/nnlayer_0/inst/mac_muladd_16s_16s_24ns_24_4_1_U196/nnlayer_mac_muladd_16s_16s_24ns_24_4_1_DSP48_0_U/p_reg_reg/C[47:0] is not pipelined. Pipelining DSP48 input will improve performance.
Related violations: <none>

DPIP-1#56 Warning
Input pipelining  
DSP design_1_i/nnlayer_0/inst/mac_muladd_16s_16s_24ns_24_4_1_U197/nnlayer_mac_muladd_16s_16s_24ns_24_4_1_DSP48_0_U/p_reg_reg input design_1_i/nnlayer_0/inst/mac_muladd_16s_16s_24ns_24_4_1_U197/nnlayer_mac_muladd_16s_16s_24ns_24_4_1_DSP48_0_U/p_reg_reg/C[47:0] is not pipelined. Pipelining DSP48 input will improve performance.
Related violations: <none>

DPIP-1#57 Warning
Input pipelining  
DSP design_1_i/nnlayer_0/inst/mac_muladd_16s_16s_24ns_24_4_1_U198/nnlayer_mac_muladd_16s_16s_24ns_24_4_1_DSP48_0_U/p_reg_reg input design_1_i/nnlayer_0/inst/mac_muladd_16s_16s_24ns_24_4_1_U198/nnlayer_mac_muladd_16s_16s_24ns_24_4_1_DSP48_0_U/p_reg_reg/C[47:0] is not pipelined. Pipelining DSP48 input will improve performance.
Related violations: <none>

DPIP-1#58 Warning
Input pipelining  
DSP design_1_i/nnlayer_0/inst/mac_muladd_16s_16s_24ns_24_4_1_U199/nnlayer_mac_muladd_16s_16s_24ns_24_4_1_DSP48_0_U/p_reg_reg input design_1_i/nnlayer_0/inst/mac_muladd_16s_16s_24ns_24_4_1_U199/nnlayer_mac_muladd_16s_16s_24ns_24_4_1_DSP48_0_U/p_reg_reg/C[47:0] is not pipelined. Pipelining DSP48 input will improve performance.
Related violations: <none>

DPIP-1#59 Warning
Input pipelining  
DSP design_1_i/nnlayer_0/inst/mac_muladd_16s_16s_24ns_24_4_1_U200/nnlayer_mac_muladd_16s_16s_24ns_24_4_1_DSP48_0_U/p_reg_reg input design_1_i/nnlayer_0/inst/mac_muladd_16s_16s_24ns_24_4_1_U200/nnlayer_mac_muladd_16s_16s_24ns_24_4_1_DSP48_0_U/p_reg_reg/C[47:0] is not pipelined. Pipelining DSP48 input will improve performance.
Related violations: <none>

DPIP-1#60 Warning
Input pipelining  
DSP design_1_i/nnlayer_0/inst/mac_muladd_16s_16s_24ns_24_4_1_U201/nnlayer_mac_muladd_16s_16s_24ns_24_4_1_DSP48_0_U/p_reg_reg input design_1_i/nnlayer_0/inst/mac_muladd_16s_16s_24ns_24_4_1_U201/nnlayer_mac_muladd_16s_16s_24ns_24_4_1_DSP48_0_U/p_reg_reg/C[47:0] is not pipelined. Pipelining DSP48 input will improve performance.
Related violations: <none>

DPIP-1#61 Warning
Input pipelining  
DSP design_1_i/nnlayer_0/inst/mac_muladd_16s_16s_24ns_24_4_1_U202/nnlayer_mac_muladd_16s_16s_24ns_24_4_1_DSP48_0_U/p_reg_reg input design_1_i/nnlayer_0/inst/mac_muladd_16s_16s_24ns_24_4_1_U202/nnlayer_mac_muladd_16s_16s_24ns_24_4_1_DSP48_0_U/p_reg_reg/C[47:0] is not pipelined. Pipelining DSP48 input will improve performance.
Related violations: <none>

DPIP-1#62 Warning
Input pipelining  
DSP design_1_i/nnlayer_0/inst/mac_muladd_16s_16s_24ns_24_4_1_U203/nnlayer_mac_muladd_16s_16s_24ns_24_4_1_DSP48_0_U/p_reg_reg input design_1_i/nnlayer_0/inst/mac_muladd_16s_16s_24ns_24_4_1_U203/nnlayer_mac_muladd_16s_16s_24ns_24_4_1_DSP48_0_U/p_reg_reg/C[47:0] is not pipelined. Pipelining DSP48 input will improve performance.
Related violations: <none>

DPIP-1#63 Warning
Input pipelining  
DSP design_1_i/nnlayer_0/inst/mac_muladd_16s_16s_24ns_24_4_1_U204/nnlayer_mac_muladd_16s_16s_24ns_24_4_1_DSP48_0_U/p_reg_reg input design_1_i/nnlayer_0/inst/mac_muladd_16s_16s_24ns_24_4_1_U204/nnlayer_mac_muladd_16s_16s_24ns_24_4_1_DSP48_0_U/p_reg_reg/C[47:0] is not pipelined. Pipelining DSP48 input will improve performance.
Related violations: <none>

DPIP-1#64 Warning
Input pipelining  
DSP design_1_i/nnlayer_0/inst/mac_muladd_16s_16s_24ns_24_4_1_U205/nnlayer_mac_muladd_16s_16s_24ns_24_4_1_DSP48_0_U/p_reg_reg input design_1_i/nnlayer_0/inst/mac_muladd_16s_16s_24ns_24_4_1_U205/nnlayer_mac_muladd_16s_16s_24ns_24_4_1_DSP48_0_U/p_reg_reg/C[47:0] is not pipelined. Pipelining DSP48 input will improve performance.
Related violations: <none>

DPIP-1#65 Warning
Input pipelining  
DSP design_1_i/nnlayer_0/inst/mac_muladd_16s_16s_24ns_24_4_1_U206/nnlayer_mac_muladd_16s_16s_24ns_24_4_1_DSP48_0_U/p_reg_reg input design_1_i/nnlayer_0/inst/mac_muladd_16s_16s_24ns_24_4_1_U206/nnlayer_mac_muladd_16s_16s_24ns_24_4_1_DSP48_0_U/p_reg_reg/C[47:0] is not pipelined. Pipelining DSP48 input will improve performance.
Related violations: <none>

DPIP-1#66 Warning
Input pipelining  
DSP design_1_i/nnlayer_0/inst/mac_muladd_16s_16s_24ns_24_4_1_U207/nnlayer_mac_muladd_16s_16s_24ns_24_4_1_DSP48_0_U/p_reg_reg input design_1_i/nnlayer_0/inst/mac_muladd_16s_16s_24ns_24_4_1_U207/nnlayer_mac_muladd_16s_16s_24ns_24_4_1_DSP48_0_U/p_reg_reg/C[47:0] is not pipelined. Pipelining DSP48 input will improve performance.
Related violations: <none>

DPIP-1#67 Warning
Input pipelining  
DSP design_1_i/nnlayer_0/inst/mac_muladd_16s_16s_24ns_24_4_1_U208/nnlayer_mac_muladd_16s_16s_24ns_24_4_1_DSP48_0_U/p_reg_reg input design_1_i/nnlayer_0/inst/mac_muladd_16s_16s_24ns_24_4_1_U208/nnlayer_mac_muladd_16s_16s_24ns_24_4_1_DSP48_0_U/p_reg_reg/C[47:0] is not pipelined. Pipelining DSP48 input will improve performance.
Related violations: <none>

DPIP-1#68 Warning
Input pipelining  
DSP design_1_i/nnlayer_0/inst/mac_muladd_16s_16s_24ns_24_4_1_U209/nnlayer_mac_muladd_16s_16s_24ns_24_4_1_DSP48_0_U/p_reg_reg input design_1_i/nnlayer_0/inst/mac_muladd_16s_16s_24ns_24_4_1_U209/nnlayer_mac_muladd_16s_16s_24ns_24_4_1_DSP48_0_U/p_reg_reg/C[47:0] is not pipelined. Pipelining DSP48 input will improve performance.
Related violations: <none>

DPIP-1#69 Warning
Input pipelining  
DSP design_1_i/nnlayer_0/inst/mac_muladd_16s_16s_24ns_24_4_1_U210/nnlayer_mac_muladd_16s_16s_24ns_24_4_1_DSP48_0_U/p_reg_reg input design_1_i/nnlayer_0/inst/mac_muladd_16s_16s_24ns_24_4_1_U210/nnlayer_mac_muladd_16s_16s_24ns_24_4_1_DSP48_0_U/p_reg_reg/C[47:0] is not pipelined. Pipelining DSP48 input will improve performance.
Related violations: <none>

DPIP-1#70 Warning
Input pipelining  
DSP design_1_i/nnlayer_0/inst/mac_muladd_16s_16s_24ns_24_4_1_U211/nnlayer_mac_muladd_16s_16s_24ns_24_4_1_DSP48_0_U/p_reg_reg input design_1_i/nnlayer_0/inst/mac_muladd_16s_16s_24ns_24_4_1_U211/nnlayer_mac_muladd_16s_16s_24ns_24_4_1_DSP48_0_U/p_reg_reg/C[47:0] is not pipelined. Pipelining DSP48 input will improve performance.
Related violations: <none>

DPIP-1#71 Warning
Input pipelining  
DSP design_1_i/nnlayer_0/inst/mac_muladd_16s_16s_24ns_24_4_1_U212/nnlayer_mac_muladd_16s_16s_24ns_24_4_1_DSP48_0_U/p_reg_reg input design_1_i/nnlayer_0/inst/mac_muladd_16s_16s_24ns_24_4_1_U212/nnlayer_mac_muladd_16s_16s_24ns_24_4_1_DSP48_0_U/p_reg_reg/C[47:0] is not pipelined. Pipelining DSP48 input will improve performance.
Related violations: <none>

DPIP-1#72 Warning
Input pipelining  
DSP design_1_i/nnlayer_0/inst/mac_muladd_16s_16s_24ns_24_4_1_U213/nnlayer_mac_muladd_16s_16s_24ns_24_4_1_DSP48_0_U/p_reg_reg input design_1_i/nnlayer_0/inst/mac_muladd_16s_16s_24ns_24_4_1_U213/nnlayer_mac_muladd_16s_16s_24ns_24_4_1_DSP48_0_U/p_reg_reg/C[47:0] is not pipelined. Pipelining DSP48 input will improve performance.
Related violations: <none>

DPIP-1#73 Warning
Input pipelining  
DSP design_1_i/nnlayer_0/inst/mac_muladd_16s_16s_24ns_24_4_1_U214/nnlayer_mac_muladd_16s_16s_24ns_24_4_1_DSP48_0_U/p_reg_reg input design_1_i/nnlayer_0/inst/mac_muladd_16s_16s_24ns_24_4_1_U214/nnlayer_mac_muladd_16s_16s_24ns_24_4_1_DSP48_0_U/p_reg_reg/C[47:0] is not pipelined. Pipelining DSP48 input will improve performance.
Related violations: <none>

DPIP-1#74 Warning
Input pipelining  
DSP design_1_i/nnlayer_0/inst/mac_muladd_16s_16s_24ns_24_4_1_U215/nnlayer_mac_muladd_16s_16s_24ns_24_4_1_DSP48_0_U/p_reg_reg input design_1_i/nnlayer_0/inst/mac_muladd_16s_16s_24ns_24_4_1_U215/nnlayer_mac_muladd_16s_16s_24ns_24_4_1_DSP48_0_U/p_reg_reg/C[47:0] is not pipelined. Pipelining DSP48 input will improve performance.
Related violations: <none>

DPIP-1#75 Warning
Input pipelining  
DSP design_1_i/nnlayer_0/inst/mac_muladd_16s_16s_24ns_24_4_1_U216/nnlayer_mac_muladd_16s_16s_24ns_24_4_1_DSP48_0_U/p_reg_reg input design_1_i/nnlayer_0/inst/mac_muladd_16s_16s_24ns_24_4_1_U216/nnlayer_mac_muladd_16s_16s_24ns_24_4_1_DSP48_0_U/p_reg_reg/C[47:0] is not pipelined. Pipelining DSP48 input will improve performance.
Related violations: <none>

DPIP-1#76 Warning
Input pipelining  
DSP design_1_i/nnlayer_0/inst/mac_muladd_16s_16s_24ns_24_4_1_U217/nnlayer_mac_muladd_16s_16s_24ns_24_4_1_DSP48_0_U/p_reg_reg input design_1_i/nnlayer_0/inst/mac_muladd_16s_16s_24ns_24_4_1_U217/nnlayer_mac_muladd_16s_16s_24ns_24_4_1_DSP48_0_U/p_reg_reg/C[47:0] is not pipelined. Pipelining DSP48 input will improve performance.
Related violations: <none>

DPIP-1#77 Warning
Input pipelining  
DSP design_1_i/nnlayer_0/inst/mac_muladd_16s_16s_24ns_24_4_1_U218/nnlayer_mac_muladd_16s_16s_24ns_24_4_1_DSP48_0_U/p_reg_reg input design_1_i/nnlayer_0/inst/mac_muladd_16s_16s_24ns_24_4_1_U218/nnlayer_mac_muladd_16s_16s_24ns_24_4_1_DSP48_0_U/p_reg_reg/C[47:0] is not pipelined. Pipelining DSP48 input will improve performance.
Related violations: <none>

DPIP-1#78 Warning
Input pipelining  
DSP design_1_i/nnlayer_0/inst/mac_muladd_16s_16s_24ns_24_4_1_U219/nnlayer_mac_muladd_16s_16s_24ns_24_4_1_DSP48_0_U/p_reg_reg input design_1_i/nnlayer_0/inst/mac_muladd_16s_16s_24ns_24_4_1_U219/nnlayer_mac_muladd_16s_16s_24ns_24_4_1_DSP48_0_U/p_reg_reg/C[47:0] is not pipelined. Pipelining DSP48 input will improve performance.
Related violations: <none>

DPIP-1#79 Warning
Input pipelining  
DSP design_1_i/nnlayer_0/inst/mac_muladd_16s_16s_24ns_24_4_1_U220/nnlayer_mac_muladd_16s_16s_24ns_24_4_1_DSP48_0_U/p_reg_reg input design_1_i/nnlayer_0/inst/mac_muladd_16s_16s_24ns_24_4_1_U220/nnlayer_mac_muladd_16s_16s_24ns_24_4_1_DSP48_0_U/p_reg_reg/C[47:0] is not pipelined. Pipelining DSP48 input will improve performance.
Related violations: <none>

DPIP-1#80 Warning
Input pipelining  
DSP design_1_i/nnlayer_0/inst/mac_muladd_16s_16s_24ns_24_4_1_U221/nnlayer_mac_muladd_16s_16s_24ns_24_4_1_DSP48_0_U/p_reg_reg input design_1_i/nnlayer_0/inst/mac_muladd_16s_16s_24ns_24_4_1_U221/nnlayer_mac_muladd_16s_16s_24ns_24_4_1_DSP48_0_U/p_reg_reg/C[47:0] is not pipelined. Pipelining DSP48 input will improve performance.
Related violations: <none>

DPIP-1#81 Warning
Input pipelining  
DSP design_1_i/nnlayer_0/inst/mac_muladd_16s_16s_24ns_24_4_1_U222/nnlayer_mac_muladd_16s_16s_24ns_24_4_1_DSP48_0_U/p_reg_reg input design_1_i/nnlayer_0/inst/mac_muladd_16s_16s_24ns_24_4_1_U222/nnlayer_mac_muladd_16s_16s_24ns_24_4_1_DSP48_0_U/p_reg_reg/C[47:0] is not pipelined. Pipelining DSP48 input will improve performance.
Related violations: <none>

DPIP-1#82 Warning
Input pipelining  
DSP design_1_i/nnlayer_0/inst/mac_muladd_16s_16s_24ns_24_4_1_U223/nnlayer_mac_muladd_16s_16s_24ns_24_4_1_DSP48_0_U/p_reg_reg input design_1_i/nnlayer_0/inst/mac_muladd_16s_16s_24ns_24_4_1_U223/nnlayer_mac_muladd_16s_16s_24ns_24_4_1_DSP48_0_U/p_reg_reg/C[47:0] is not pipelined. Pipelining DSP48 input will improve performance.
Related violations: <none>

DPIP-1#83 Warning
Input pipelining  
DSP design_1_i/nnlayer_0/inst/mac_muladd_16s_16s_24ns_24_4_1_U224/nnlayer_mac_muladd_16s_16s_24ns_24_4_1_DSP48_0_U/p_reg_reg input design_1_i/nnlayer_0/inst/mac_muladd_16s_16s_24ns_24_4_1_U224/nnlayer_mac_muladd_16s_16s_24ns_24_4_1_DSP48_0_U/p_reg_reg/C[47:0] is not pipelined. Pipelining DSP48 input will improve performance.
Related violations: <none>

DPIP-1#84 Warning
Input pipelining  
DSP design_1_i/nnlayer_0/inst/mac_muladd_16s_16s_24ns_24_4_1_U225/nnlayer_mac_muladd_16s_16s_24ns_24_4_1_DSP48_0_U/p_reg_reg input design_1_i/nnlayer_0/inst/mac_muladd_16s_16s_24ns_24_4_1_U225/nnlayer_mac_muladd_16s_16s_24ns_24_4_1_DSP48_0_U/p_reg_reg/C[47:0] is not pipelined. Pipelining DSP48 input will improve performance.
Related violations: <none>

DPIP-1#85 Warning
Input pipelining  
DSP design_1_i/nnlayer_0/inst/mac_muladd_16s_16s_24ns_24_4_1_U226/nnlayer_mac_muladd_16s_16s_24ns_24_4_1_DSP48_0_U/p_reg_reg input design_1_i/nnlayer_0/inst/mac_muladd_16s_16s_24ns_24_4_1_U226/nnlayer_mac_muladd_16s_16s_24ns_24_4_1_DSP48_0_U/p_reg_reg/C[47:0] is not pipelined. Pipelining DSP48 input will improve performance.
Related violations: <none>

DPIP-1#86 Warning
Input pipelining  
DSP design_1_i/nnlayer_0/inst/mac_muladd_16s_16s_24ns_24_4_1_U227/nnlayer_mac_muladd_16s_16s_24ns_24_4_1_DSP48_0_U/p_reg_reg input design_1_i/nnlayer_0/inst/mac_muladd_16s_16s_24ns_24_4_1_U227/nnlayer_mac_muladd_16s_16s_24ns_24_4_1_DSP48_0_U/p_reg_reg/C[47:0] is not pipelined. Pipelining DSP48 input will improve performance.
Related violations: <none>

DPIP-1#87 Warning
Input pipelining  
DSP design_1_i/nnlayer_0/inst/mac_muladd_16s_16s_24ns_24_4_1_U228/nnlayer_mac_muladd_16s_16s_24ns_24_4_1_DSP48_0_U/p_reg_reg input design_1_i/nnlayer_0/inst/mac_muladd_16s_16s_24ns_24_4_1_U228/nnlayer_mac_muladd_16s_16s_24ns_24_4_1_DSP48_0_U/p_reg_reg/C[47:0] is not pipelined. Pipelining DSP48 input will improve performance.
Related violations: <none>

DPIP-1#88 Warning
Input pipelining  
DSP design_1_i/nnlayer_0/inst/mac_muladd_16s_16s_24ns_24_4_1_U229/nnlayer_mac_muladd_16s_16s_24ns_24_4_1_DSP48_0_U/p_reg_reg input design_1_i/nnlayer_0/inst/mac_muladd_16s_16s_24ns_24_4_1_U229/nnlayer_mac_muladd_16s_16s_24ns_24_4_1_DSP48_0_U/p_reg_reg/C[47:0] is not pipelined. Pipelining DSP48 input will improve performance.
Related violations: <none>

DPIP-1#89 Warning
Input pipelining  
DSP design_1_i/nnlayer_0/inst/mac_muladd_16s_16s_24ns_24_4_1_U230/nnlayer_mac_muladd_16s_16s_24ns_24_4_1_DSP48_0_U/p_reg_reg input design_1_i/nnlayer_0/inst/mac_muladd_16s_16s_24ns_24_4_1_U230/nnlayer_mac_muladd_16s_16s_24ns_24_4_1_DSP48_0_U/p_reg_reg/C[47:0] is not pipelined. Pipelining DSP48 input will improve performance.
Related violations: <none>

DPIP-1#90 Warning
Input pipelining  
DSP design_1_i/nnlayer_0/inst/mac_muladd_16s_16s_24ns_24_4_1_U231/nnlayer_mac_muladd_16s_16s_24ns_24_4_1_DSP48_0_U/p_reg_reg input design_1_i/nnlayer_0/inst/mac_muladd_16s_16s_24ns_24_4_1_U231/nnlayer_mac_muladd_16s_16s_24ns_24_4_1_DSP48_0_U/p_reg_reg/C[47:0] is not pipelined. Pipelining DSP48 input will improve performance.
Related violations: <none>

DPIP-1#91 Warning
Input pipelining  
DSP design_1_i/nnlayer_0/inst/mac_muladd_16s_16s_24ns_24_4_1_U232/nnlayer_mac_muladd_16s_16s_24ns_24_4_1_DSP48_0_U/p_reg_reg input design_1_i/nnlayer_0/inst/mac_muladd_16s_16s_24ns_24_4_1_U232/nnlayer_mac_muladd_16s_16s_24ns_24_4_1_DSP48_0_U/p_reg_reg/C[47:0] is not pipelined. Pipelining DSP48 input will improve performance.
Related violations: <none>

DPIP-1#92 Warning
Input pipelining  
DSP design_1_i/nnlayer_0/inst/mac_muladd_16s_16s_24ns_24_4_1_U233/nnlayer_mac_muladd_16s_16s_24ns_24_4_1_DSP48_0_U/p_reg_reg input design_1_i/nnlayer_0/inst/mac_muladd_16s_16s_24ns_24_4_1_U233/nnlayer_mac_muladd_16s_16s_24ns_24_4_1_DSP48_0_U/p_reg_reg/C[47:0] is not pipelined. Pipelining DSP48 input will improve performance.
Related violations: <none>

DPIP-1#93 Warning
Input pipelining  
DSP design_1_i/nnlayer_0/inst/mac_muladd_16s_16s_24ns_24_4_1_U234/nnlayer_mac_muladd_16s_16s_24ns_24_4_1_DSP48_0_U/p_reg_reg input design_1_i/nnlayer_0/inst/mac_muladd_16s_16s_24ns_24_4_1_U234/nnlayer_mac_muladd_16s_16s_24ns_24_4_1_DSP48_0_U/p_reg_reg/C[47:0] is not pipelined. Pipelining DSP48 input will improve performance.
Related violations: <none>

DPIP-1#94 Warning
Input pipelining  
DSP design_1_i/nnlayer_0/inst/mac_muladd_16s_16s_24ns_24_4_1_U235/nnlayer_mac_muladd_16s_16s_24ns_24_4_1_DSP48_0_U/p_reg_reg input design_1_i/nnlayer_0/inst/mac_muladd_16s_16s_24ns_24_4_1_U235/nnlayer_mac_muladd_16s_16s_24ns_24_4_1_DSP48_0_U/p_reg_reg/C[47:0] is not pipelined. Pipelining DSP48 input will improve performance.
Related violations: <none>

DPIP-1#95 Warning
Input pipelining  
DSP design_1_i/nnlayer_0/inst/mac_muladd_16s_16s_24ns_24_4_1_U236/nnlayer_mac_muladd_16s_16s_24ns_24_4_1_DSP48_0_U/p_reg_reg input design_1_i/nnlayer_0/inst/mac_muladd_16s_16s_24ns_24_4_1_U236/nnlayer_mac_muladd_16s_16s_24ns_24_4_1_DSP48_0_U/p_reg_reg/C[47:0] is not pipelined. Pipelining DSP48 input will improve performance.
Related violations: <none>

DPIP-1#96 Warning
Input pipelining  
DSP design_1_i/nnlayer_0/inst/mac_muladd_16s_16s_24ns_24_4_1_U237/nnlayer_mac_muladd_16s_16s_24ns_24_4_1_DSP48_0_U/p_reg_reg input design_1_i/nnlayer_0/inst/mac_muladd_16s_16s_24ns_24_4_1_U237/nnlayer_mac_muladd_16s_16s_24ns_24_4_1_DSP48_0_U/p_reg_reg/C[47:0] is not pipelined. Pipelining DSP48 input will improve performance.
Related violations: <none>

DPIP-1#97 Warning
Input pipelining  
DSP design_1_i/nnlayer_0/inst/mac_muladd_16s_16s_24ns_24_4_1_U238/nnlayer_mac_muladd_16s_16s_24ns_24_4_1_DSP48_0_U/p_reg_reg input design_1_i/nnlayer_0/inst/mac_muladd_16s_16s_24ns_24_4_1_U238/nnlayer_mac_muladd_16s_16s_24ns_24_4_1_DSP48_0_U/p_reg_reg/C[47:0] is not pipelined. Pipelining DSP48 input will improve performance.
Related violations: <none>

DPIP-1#98 Warning
Input pipelining  
DSP design_1_i/nnlayer_0/inst/mac_muladd_16s_16s_24ns_24_4_1_U239/nnlayer_mac_muladd_16s_16s_24ns_24_4_1_DSP48_0_U/p_reg_reg input design_1_i/nnlayer_0/inst/mac_muladd_16s_16s_24ns_24_4_1_U239/nnlayer_mac_muladd_16s_16s_24ns_24_4_1_DSP48_0_U/p_reg_reg/C[47:0] is not pipelined. Pipelining DSP48 input will improve performance.
Related violations: <none>

DPIP-1#99 Warning
Input pipelining  
DSP design_1_i/nnlayer_0/inst/mac_muladd_16s_16s_24ns_24_4_1_U240/nnlayer_mac_muladd_16s_16s_24ns_24_4_1_DSP48_0_U/p_reg_reg input design_1_i/nnlayer_0/inst/mac_muladd_16s_16s_24ns_24_4_1_U240/nnlayer_mac_muladd_16s_16s_24ns_24_4_1_DSP48_0_U/p_reg_reg/C[47:0] is not pipelined. Pipelining DSP48 input will improve performance.
Related violations: <none>

DPIP-1#100 Warning
Input pipelining  
DSP design_1_i/nnlayer_0/inst/mac_muladd_16s_16s_24ns_24_4_1_U241/nnlayer_mac_muladd_16s_16s_24ns_24_4_1_DSP48_0_U/p_reg_reg input design_1_i/nnlayer_0/inst/mac_muladd_16s_16s_24ns_24_4_1_U241/nnlayer_mac_muladd_16s_16s_24ns_24_4_1_DSP48_0_U/p_reg_reg/C[47:0] is not pipelined. Pipelining DSP48 input will improve performance.
Related violations: <none>

DPIP-1#101 Warning
Input pipelining  
DSP design_1_i/nnlayer_0/inst/mac_muladd_16s_16s_24ns_24_4_1_U242/nnlayer_mac_muladd_16s_16s_24ns_24_4_1_DSP48_0_U/p_reg_reg input design_1_i/nnlayer_0/inst/mac_muladd_16s_16s_24ns_24_4_1_U242/nnlayer_mac_muladd_16s_16s_24ns_24_4_1_DSP48_0_U/p_reg_reg/C[47:0] is not pipelined. Pipelining DSP48 input will improve performance.
Related violations: <none>

DPIP-1#102 Warning
Input pipelining  
DSP design_1_i/nnlayer_0/inst/mac_muladd_16s_16s_24ns_24_4_1_U243/nnlayer_mac_muladd_16s_16s_24ns_24_4_1_DSP48_0_U/p_reg_reg input design_1_i/nnlayer_0/inst/mac_muladd_16s_16s_24ns_24_4_1_U243/nnlayer_mac_muladd_16s_16s_24ns_24_4_1_DSP48_0_U/p_reg_reg/C[47:0] is not pipelined. Pipelining DSP48 input will improve performance.
Related violations: <none>

DPIP-1#103 Warning
Input pipelining  
DSP design_1_i/nnlayer_0/inst/mac_muladd_16s_16s_24ns_24_4_1_U244/nnlayer_mac_muladd_16s_16s_24ns_24_4_1_DSP48_0_U/p_reg_reg input design_1_i/nnlayer_0/inst/mac_muladd_16s_16s_24ns_24_4_1_U244/nnlayer_mac_muladd_16s_16s_24ns_24_4_1_DSP48_0_U/p_reg_reg/C[47:0] is not pipelined. Pipelining DSP48 input will improve performance.
Related violations: <none>

DPIP-1#104 Warning
Input pipelining  
DSP design_1_i/nnlayer_0/inst/mac_muladd_16s_16s_24ns_24_4_1_U245/nnlayer_mac_muladd_16s_16s_24ns_24_4_1_DSP48_0_U/p_reg_reg input design_1_i/nnlayer_0/inst/mac_muladd_16s_16s_24ns_24_4_1_U245/nnlayer_mac_muladd_16s_16s_24ns_24_4_1_DSP48_0_U/p_reg_reg/C[47:0] is not pipelined. Pipelining DSP48 input will improve performance.
Related violations: <none>

DPIP-1#105 Warning
Input pipelining  
DSP design_1_i/nnlayer_0/inst/mac_muladd_16s_16s_24ns_24_4_1_U246/nnlayer_mac_muladd_16s_16s_24ns_24_4_1_DSP48_0_U/p_reg_reg input design_1_i/nnlayer_0/inst/mac_muladd_16s_16s_24ns_24_4_1_U246/nnlayer_mac_muladd_16s_16s_24ns_24_4_1_DSP48_0_U/p_reg_reg/C[47:0] is not pipelined. Pipelining DSP48 input will improve performance.
Related violations: <none>

DPIP-1#106 Warning
Input pipelining  
DSP design_1_i/nnlayer_0/inst/mac_muladd_16s_16s_24ns_24_4_1_U247/nnlayer_mac_muladd_16s_16s_24ns_24_4_1_DSP48_0_U/p_reg_reg input design_1_i/nnlayer_0/inst/mac_muladd_16s_16s_24ns_24_4_1_U247/nnlayer_mac_muladd_16s_16s_24ns_24_4_1_DSP48_0_U/p_reg_reg/C[47:0] is not pipelined. Pipelining DSP48 input will improve performance.
Related violations: <none>

DPIP-1#107 Warning
Input pipelining  
DSP design_1_i/nnlayer_0/inst/mac_muladd_16s_16s_24ns_24_4_1_U248/nnlayer_mac_muladd_16s_16s_24ns_24_4_1_DSP48_0_U/p_reg_reg input design_1_i/nnlayer_0/inst/mac_muladd_16s_16s_24ns_24_4_1_U248/nnlayer_mac_muladd_16s_16s_24ns_24_4_1_DSP48_0_U/p_reg_reg/C[47:0] is not pipelined. Pipelining DSP48 input will improve performance.
Related violations: <none>

DPIP-1#108 Warning
Input pipelining  
DSP design_1_i/nnlayer_0/inst/mac_muladd_16s_16s_24ns_24_4_1_U249/nnlayer_mac_muladd_16s_16s_24ns_24_4_1_DSP48_0_U/p_reg_reg input design_1_i/nnlayer_0/inst/mac_muladd_16s_16s_24ns_24_4_1_U249/nnlayer_mac_muladd_16s_16s_24ns_24_4_1_DSP48_0_U/p_reg_reg/C[47:0] is not pipelined. Pipelining DSP48 input will improve performance.
Related violations: <none>

DPIP-1#109 Warning
Input pipelining  
DSP design_1_i/nnlayer_0/inst/mac_muladd_16s_16s_24ns_24_4_1_U250/nnlayer_mac_muladd_16s_16s_24ns_24_4_1_DSP48_0_U/p_reg_reg input design_1_i/nnlayer_0/inst/mac_muladd_16s_16s_24ns_24_4_1_U250/nnlayer_mac_muladd_16s_16s_24ns_24_4_1_DSP48_0_U/p_reg_reg/C[47:0] is not pipelined. Pipelining DSP48 input will improve performance.
Related violations: <none>

DPIP-1#110 Warning
Input pipelining  
DSP design_1_i/nnlayer_0/inst/mac_muladd_16s_16s_24ns_24_4_1_U251/nnlayer_mac_muladd_16s_16s_24ns_24_4_1_DSP48_0_U/p_reg_reg input design_1_i/nnlayer_0/inst/mac_muladd_16s_16s_24ns_24_4_1_U251/nnlayer_mac_muladd_16s_16s_24ns_24_4_1_DSP48_0_U/p_reg_reg/C[47:0] is not pipelined. Pipelining DSP48 input will improve performance.
Related violations: <none>

DPIP-1#111 Warning
Input pipelining  
DSP design_1_i/nnlayer_0/inst/mac_muladd_16s_16s_24ns_24_4_1_U252/nnlayer_mac_muladd_16s_16s_24ns_24_4_1_DSP48_0_U/p_reg_reg input design_1_i/nnlayer_0/inst/mac_muladd_16s_16s_24ns_24_4_1_U252/nnlayer_mac_muladd_16s_16s_24ns_24_4_1_DSP48_0_U/p_reg_reg/C[47:0] is not pipelined. Pipelining DSP48 input will improve performance.
Related violations: <none>

DPIP-1#112 Warning
Input pipelining  
DSP design_1_i/nnlayer_0/inst/mac_muladd_16s_16s_24ns_24_4_1_U253/nnlayer_mac_muladd_16s_16s_24ns_24_4_1_DSP48_0_U/p_reg_reg input design_1_i/nnlayer_0/inst/mac_muladd_16s_16s_24ns_24_4_1_U253/nnlayer_mac_muladd_16s_16s_24ns_24_4_1_DSP48_0_U/p_reg_reg/C[47:0] is not pipelined. Pipelining DSP48 input will improve performance.
Related violations: <none>

DPIP-1#113 Warning
Input pipelining  
DSP design_1_i/nnlayer_0/inst/mac_muladd_16s_16s_24ns_24_4_1_U254/nnlayer_mac_muladd_16s_16s_24ns_24_4_1_DSP48_0_U/p_reg_reg input design_1_i/nnlayer_0/inst/mac_muladd_16s_16s_24ns_24_4_1_U254/nnlayer_mac_muladd_16s_16s_24ns_24_4_1_DSP48_0_U/p_reg_reg/C[47:0] is not pipelined. Pipelining DSP48 input will improve performance.
Related violations: <none>

DPIP-1#114 Warning
Input pipelining  
DSP design_1_i/nnlayer_0/inst/mac_muladd_16s_16s_24ns_24_4_1_U255/nnlayer_mac_muladd_16s_16s_24ns_24_4_1_DSP48_0_U/p_reg_reg input design_1_i/nnlayer_0/inst/mac_muladd_16s_16s_24ns_24_4_1_U255/nnlayer_mac_muladd_16s_16s_24ns_24_4_1_DSP48_0_U/p_reg_reg/C[47:0] is not pipelined. Pipelining DSP48 input will improve performance.
Related violations: <none>

DPIP-1#115 Warning
Input pipelining  
DSP design_1_i/nnlayer_0/inst/mac_muladd_16s_16s_24ns_24_4_1_U256/nnlayer_mac_muladd_16s_16s_24ns_24_4_1_DSP48_0_U/p_reg_reg input design_1_i/nnlayer_0/inst/mac_muladd_16s_16s_24ns_24_4_1_U256/nnlayer_mac_muladd_16s_16s_24ns_24_4_1_DSP48_0_U/p_reg_reg/C[47:0] is not pipelined. Pipelining DSP48 input will improve performance.
Related violations: <none>

DPIP-1#116 Warning
Input pipelining  
DSP design_1_i/nnlayer_0/inst/mac_muladd_16s_16s_24ns_24_4_1_U257/nnlayer_mac_muladd_16s_16s_24ns_24_4_1_DSP48_0_U/p_reg_reg input design_1_i/nnlayer_0/inst/mac_muladd_16s_16s_24ns_24_4_1_U257/nnlayer_mac_muladd_16s_16s_24ns_24_4_1_DSP48_0_U/p_reg_reg/C[47:0] is not pipelined. Pipelining DSP48 input will improve performance.
Related violations: <none>

DPIP-1#117 Warning
Input pipelining  
DSP design_1_i/nnlayer_0/inst/mac_muladd_16s_16s_24ns_24_4_1_U258/nnlayer_mac_muladd_16s_16s_24ns_24_4_1_DSP48_0_U/p_reg_reg input design_1_i/nnlayer_0/inst/mac_muladd_16s_16s_24ns_24_4_1_U258/nnlayer_mac_muladd_16s_16s_24ns_24_4_1_DSP48_0_U/p_reg_reg/C[47:0] is not pipelined. Pipelining DSP48 input will improve performance.
Related violations: <none>

DPIP-1#118 Warning
Input pipelining  
DSP design_1_i/nnlayer_0/inst/mac_muladd_16s_16s_24ns_24_4_1_U259/nnlayer_mac_muladd_16s_16s_24ns_24_4_1_DSP48_0_U/p_reg_reg input design_1_i/nnlayer_0/inst/mac_muladd_16s_16s_24ns_24_4_1_U259/nnlayer_mac_muladd_16s_16s_24ns_24_4_1_DSP48_0_U/p_reg_reg/C[47:0] is not pipelined. Pipelining DSP48 input will improve performance.
Related violations: <none>

DPIP-1#119 Warning
Input pipelining  
DSP design_1_i/nnlayer_0/inst/mac_muladd_16s_16s_24ns_24_4_1_U260/nnlayer_mac_muladd_16s_16s_24ns_24_4_1_DSP48_0_U/p_reg_reg input design_1_i/nnlayer_0/inst/mac_muladd_16s_16s_24ns_24_4_1_U260/nnlayer_mac_muladd_16s_16s_24ns_24_4_1_DSP48_0_U/p_reg_reg/C[47:0] is not pipelined. Pipelining DSP48 input will improve performance.
Related violations: <none>

DPIP-1#120 Warning
Input pipelining  
DSP design_1_i/nnlayer_0/inst/mac_muladd_16s_16s_24ns_24_4_1_U261/nnlayer_mac_muladd_16s_16s_24ns_24_4_1_DSP48_0_U/p_reg_reg input design_1_i/nnlayer_0/inst/mac_muladd_16s_16s_24ns_24_4_1_U261/nnlayer_mac_muladd_16s_16s_24ns_24_4_1_DSP48_0_U/p_reg_reg/C[47:0] is not pipelined. Pipelining DSP48 input will improve performance.
Related violations: <none>

DPIP-1#121 Warning
Input pipelining  
DSP design_1_i/nnlayer_0/inst/mac_muladd_16s_16s_24ns_24_4_1_U262/nnlayer_mac_muladd_16s_16s_24ns_24_4_1_DSP48_0_U/p_reg_reg input design_1_i/nnlayer_0/inst/mac_muladd_16s_16s_24ns_24_4_1_U262/nnlayer_mac_muladd_16s_16s_24ns_24_4_1_DSP48_0_U/p_reg_reg/C[47:0] is not pipelined. Pipelining DSP48 input will improve performance.
Related violations: <none>

DPIP-1#122 Warning
Input pipelining  
DSP design_1_i/nnlayer_0/inst/mac_muladd_16s_16s_24ns_24_4_1_U263/nnlayer_mac_muladd_16s_16s_24ns_24_4_1_DSP48_0_U/p_reg_reg input design_1_i/nnlayer_0/inst/mac_muladd_16s_16s_24ns_24_4_1_U263/nnlayer_mac_muladd_16s_16s_24ns_24_4_1_DSP48_0_U/p_reg_reg/C[47:0] is not pipelined. Pipelining DSP48 input will improve performance.
Related violations: <none>

DPIP-1#123 Warning
Input pipelining  
DSP design_1_i/nnlayer_0/inst/mac_muladd_16s_16s_24ns_24_4_1_U264/nnlayer_mac_muladd_16s_16s_24ns_24_4_1_DSP48_0_U/p_reg_reg input design_1_i/nnlayer_0/inst/mac_muladd_16s_16s_24ns_24_4_1_U264/nnlayer_mac_muladd_16s_16s_24ns_24_4_1_DSP48_0_U/p_reg_reg/C[47:0] is not pipelined. Pipelining DSP48 input will improve performance.
Related violations: <none>

DPIP-1#124 Warning
Input pipelining  
DSP design_1_i/nnlayer_0/inst/mac_muladd_16s_16s_24ns_24_4_1_U265/nnlayer_mac_muladd_16s_16s_24ns_24_4_1_DSP48_0_U/p_reg_reg input design_1_i/nnlayer_0/inst/mac_muladd_16s_16s_24ns_24_4_1_U265/nnlayer_mac_muladd_16s_16s_24ns_24_4_1_DSP48_0_U/p_reg_reg/C[47:0] is not pipelined. Pipelining DSP48 input will improve performance.
Related violations: <none>

DPIP-1#125 Warning
Input pipelining  
DSP design_1_i/nnlayer_0/inst/mac_muladd_16s_16s_24ns_24_4_1_U266/nnlayer_mac_muladd_16s_16s_24ns_24_4_1_DSP48_0_U/p_reg_reg input design_1_i/nnlayer_0/inst/mac_muladd_16s_16s_24ns_24_4_1_U266/nnlayer_mac_muladd_16s_16s_24ns_24_4_1_DSP48_0_U/p_reg_reg/C[47:0] is not pipelined. Pipelining DSP48 input will improve performance.
Related violations: <none>

DPIP-1#126 Warning
Input pipelining  
DSP design_1_i/nnlayer_0/inst/mac_muladd_16s_16s_24ns_24_4_1_U267/nnlayer_mac_muladd_16s_16s_24ns_24_4_1_DSP48_0_U/p_reg_reg input design_1_i/nnlayer_0/inst/mac_muladd_16s_16s_24ns_24_4_1_U267/nnlayer_mac_muladd_16s_16s_24ns_24_4_1_DSP48_0_U/p_reg_reg/C[47:0] is not pipelined. Pipelining DSP48 input will improve performance.
Related violations: <none>

DPIP-1#127 Warning
Input pipelining  
DSP design_1_i/nnlayer_0/inst/mac_muladd_16s_16s_24ns_24_4_1_U268/nnlayer_mac_muladd_16s_16s_24ns_24_4_1_DSP48_0_U/p_reg_reg input design_1_i/nnlayer_0/inst/mac_muladd_16s_16s_24ns_24_4_1_U268/nnlayer_mac_muladd_16s_16s_24ns_24_4_1_DSP48_0_U/p_reg_reg/C[47:0] is not pipelined. Pipelining DSP48 input will improve performance.
Related violations: <none>

DPIP-1#128 Warning
Input pipelining  
DSP design_1_i/nnlayer_0/inst/mac_muladd_16s_16s_24ns_24_4_1_U269/nnlayer_mac_muladd_16s_16s_24ns_24_4_1_DSP48_0_U/p_reg_reg input design_1_i/nnlayer_0/inst/mac_muladd_16s_16s_24ns_24_4_1_U269/nnlayer_mac_muladd_16s_16s_24ns_24_4_1_DSP48_0_U/p_reg_reg/C[47:0] is not pipelined. Pipelining DSP48 input will improve performance.
Related violations: <none>

DPOP-1#1 Warning
PREG Output pipelining  
DSP design_1_i/nnlayer_0/inst/mul_24s_26ns_50_1_1_U137/dout output design_1_i/nnlayer_0/inst/mul_24s_26ns_50_1_1_U137/dout/P[47:0] is not pipelined (PREG=0). Pipelining the DSP48 output will improve performance and often saves power so it is suggested whenever possible to fully pipeline this function.  If this DSP48 function was inferred, it is suggested to describe an additional register stage after this function.  If the DSP48 was instantiated in the design, it is suggested to set the PREG attribute to 1.
Related violations: <none>

DPOP-1#2 Warning
PREG Output pipelining  
DSP design_1_i/nnlayer_0/inst/mul_24s_26ns_50_1_1_U137/dout__0 output design_1_i/nnlayer_0/inst/mul_24s_26ns_50_1_1_U137/dout__0/P[47:0] is not pipelined (PREG=0). Pipelining the DSP48 output will improve performance and often saves power so it is suggested whenever possible to fully pipeline this function.  If this DSP48 function was inferred, it is suggested to describe an additional register stage after this function.  If the DSP48 was instantiated in the design, it is suggested to set the PREG attribute to 1.
Related violations: <none>

DPOP-1#3 Warning
PREG Output pipelining  
DSP design_1_i/nnlayer_0/inst/mul_32ns_26ns_42_1_1_U139/dout output design_1_i/nnlayer_0/inst/mul_32ns_26ns_42_1_1_U139/dout/P[47:0] is not pipelined (PREG=0). Pipelining the DSP48 output will improve performance and often saves power so it is suggested whenever possible to fully pipeline this function.  If this DSP48 function was inferred, it is suggested to describe an additional register stage after this function.  If the DSP48 was instantiated in the design, it is suggested to set the PREG attribute to 1.
Related violations: <none>

DPOP-1#4 Warning
PREG Output pipelining  
DSP design_1_i/nnlayer_0/inst/mul_32ns_26ns_42_1_1_U139/dout__0 output design_1_i/nnlayer_0/inst/mul_32ns_26ns_42_1_1_U139/dout__0/P[47:0] is not pipelined (PREG=0). Pipelining the DSP48 output will improve performance and often saves power so it is suggested whenever possible to fully pipeline this function.  If this DSP48 function was inferred, it is suggested to describe an additional register stage after this function.  If the DSP48 was instantiated in the design, it is suggested to set the PREG attribute to 1.
Related violations: <none>

DPOP-2#1 Warning
MREG Output pipelining  
DSP design_1_i/nnlayer_0/inst/mul_24s_26ns_50_1_1_U137/dout multiplier stage design_1_i/nnlayer_0/inst/mul_24s_26ns_50_1_1_U137/dout/P[47:0] is not pipelined (MREG=0). Pipelining the multiplier function will improve performance and will save significant power so it is suggested whenever possible to fully pipeline this function.  If this multiplier was inferred, it is suggested to describe an additional register stage after this function.  If there is no registered adder/accumulator following the multiply function, two pipeline stages are suggested to allow both the MREG and PREG registers to be used.  If the DSP48 was instantiated in the design, it is suggested to set both the MREG and PREG attributes to 1 when performing multiply functions.
Related violations: <none>

DPOP-2#2 Warning
MREG Output pipelining  
DSP design_1_i/nnlayer_0/inst/mul_24s_26ns_50_1_1_U137/dout__0 multiplier stage design_1_i/nnlayer_0/inst/mul_24s_26ns_50_1_1_U137/dout__0/P[47:0] is not pipelined (MREG=0). Pipelining the multiplier function will improve performance and will save significant power so it is suggested whenever possible to fully pipeline this function.  If this multiplier was inferred, it is suggested to describe an additional register stage after this function.  If there is no registered adder/accumulator following the multiply function, two pipeline stages are suggested to allow both the MREG and PREG registers to be used.  If the DSP48 was instantiated in the design, it is suggested to set both the MREG and PREG attributes to 1 when performing multiply functions.
Related violations: <none>

DPOP-2#3 Warning
MREG Output pipelining  
DSP design_1_i/nnlayer_0/inst/mul_32ns_26ns_42_1_1_U139/dout multiplier stage design_1_i/nnlayer_0/inst/mul_32ns_26ns_42_1_1_U139/dout/P[47:0] is not pipelined (MREG=0). Pipelining the multiplier function will improve performance and will save significant power so it is suggested whenever possible to fully pipeline this function.  If this multiplier was inferred, it is suggested to describe an additional register stage after this function.  If there is no registered adder/accumulator following the multiply function, two pipeline stages are suggested to allow both the MREG and PREG registers to be used.  If the DSP48 was instantiated in the design, it is suggested to set both the MREG and PREG attributes to 1 when performing multiply functions.
Related violations: <none>

DPOP-2#4 Warning
MREG Output pipelining  
DSP design_1_i/nnlayer_0/inst/mul_32ns_26ns_42_1_1_U139/dout__0 multiplier stage design_1_i/nnlayer_0/inst/mul_32ns_26ns_42_1_1_U139/dout__0/P[47:0] is not pipelined (MREG=0). Pipelining the multiplier function will improve performance and will save significant power so it is suggested whenever possible to fully pipeline this function.  If this multiplier was inferred, it is suggested to describe an additional register stage after this function.  If there is no registered adder/accumulator following the multiply function, two pipeline stages are suggested to allow both the MREG and PREG registers to be used.  If the DSP48 was instantiated in the design, it is suggested to set both the MREG and PREG attributes to 1 when performing multiply functions.
Related violations: <none>

DPOP-2#5 Warning
MREG Output pipelining  
DSP design_1_i/nnlayer_0/inst/tmp_130_reg_13726_reg multiplier stage design_1_i/nnlayer_0/inst/tmp_130_reg_13726_reg/P[47:0] is not pipelined (MREG=0). Pipelining the multiplier function will improve performance and will save significant power so it is suggested whenever possible to fully pipeline this function.  If this multiplier was inferred, it is suggested to describe an additional register stage after this function.  If there is no registered adder/accumulator following the multiply function, two pipeline stages are suggested to allow both the MREG and PREG registers to be used.  If the DSP48 was instantiated in the design, it is suggested to set both the MREG and PREG attributes to 1 when performing multiply functions.
Related violations: <none>

DPOP-2#6 Warning
MREG Output pipelining  
DSP design_1_i/nnlayer_0/inst/tmp_130_reg_13726_reg__0 multiplier stage design_1_i/nnlayer_0/inst/tmp_130_reg_13726_reg__0/P[47:0] is not pipelined (MREG=0). Pipelining the multiplier function will improve performance and will save significant power so it is suggested whenever possible to fully pipeline this function.  If this multiplier was inferred, it is suggested to describe an additional register stage after this function.  If there is no registered adder/accumulator following the multiply function, two pipeline stages are suggested to allow both the MREG and PREG registers to be used.  If the DSP48 was instantiated in the design, it is suggested to set both the MREG and PREG attributes to 1 when performing multiply functions.
Related violations: <none>


