

================================================================
== Vitis HLS Report for 'nnlayer_Pipeline_VITIS_LOOP_30_1'
================================================================
* Date:           Tue Apr 12 22:38:27 2022

* Version:        2021.2 (Build 3367213 on Tue Oct 19 02:48:09 MDT 2021)
* Project:        Neuron_1
* Solution:       solution1 (Vivado IP Flow Target)
* Product family: zynq
* Target device:  xc7z020-clg484-1


================================================================
== Performance Estimates
================================================================
+ Timing: 
    * Summary: 
    +--------+----------+----------+------------+
    |  Clock |  Target  | Estimated| Uncertainty|
    +--------+----------+----------+------------+
    |ap_clk  |  10.00 ns|  7.408 ns|     1.25 ns|
    +--------+----------+----------+------------+

+ Latency: 
    * Summary: 
    +---------+---------+-----------+----------+-----+-----+---------+
    |  Latency (cycles) |  Latency (absolute)  |  Interval | Pipeline|
    |   min   |   max   |    min    |    max   | min | max |   Type  |
    +---------+---------+-----------+----------+-----+-----+---------+
    |        2|      286|  20.000 ns|  2.860 us|    2|  286|       no|
    +---------+---------+-----------+----------+-----+-----+---------+

    + Detail: 
        * Instance: 
        N/A

        * Loop: 
        +-------------------+---------+---------+----------+-----------+-----------+---------+----------+
        |                   |  Latency (cycles) | Iteration|  Initiation Interval  |   Trip  |          |
        |     Loop Name     |   min   |   max   |  Latency |  achieved |   target  |  Count  | Pipelined|
        +-------------------+---------+---------+----------+-----------+-----------+---------+----------+
        |- VITIS_LOOP_30_1  |        0|      284|        31|          1|          1|  0 ~ 255|       yes|
        +-------------------+---------+---------+----------+-----------+-----------+---------+----------+

============================================================
+ Verbose Summary: Synthesis Manager
============================================================
InlineROM: 1
ExposeGlobal: 0
============================================================
+ Verbose Summary: CDFG Model
============================================================
IsTopModel: 0
ResetActiveHigh: 1
IsCombinational: 0
IsDatapathOnly: 0
HasWiredReturn: 1
HasMFsm: 2
HasVarLatency: 1
IsPipeline: 0
IsRtlPipelined: 0
IsInstanceOverlapped: 0
IsDontTouch: 0
HasImplIP: 0
IsGatedGlobalClock: 0

+ Individual pipeline summary: 
  * Pipeline-0: initiation interval (II) = 1, depth = 31


============================================================
+ Verbose Summary: Schedule
============================================================
* Number of FSM states : 31
* Pipeline : 1
  Pipeline-0 : II = 1, D = 31, States = { 1 2 3 4 5 6 7 8 9 10 11 12 13 14 15 16 17 18 19 20 21 22 23 24 25 26 27 28 29 30 31 }
* Dataflow Pipeline: 0

* FSM state transitions: 
1 --> 2 
2 --> 3 
3 --> 4 
4 --> 5 
5 --> 6 
6 --> 7 
7 --> 8 
8 --> 9 
9 --> 10 
10 --> 11 
11 --> 12 
12 --> 13 
13 --> 14 
14 --> 15 
15 --> 16 
16 --> 17 
17 --> 18 
18 --> 19 
19 --> 20 
20 --> 21 
21 --> 22 
22 --> 23 
23 --> 24 
24 --> 25 
25 --> 26 
26 --> 27 
27 --> 28 
28 --> 29 
29 --> 30 
30 --> 31 
31 --> 

* FSM state operations: 

State 1 <SV = 0> <Delay = 3.50>
ST_1 : Operation 34 [1/1] (0.00ns)   --->   "%i = alloca i32 1"   --->   Operation 34 'alloca' 'i' <Predicate = true> <Delay = 0.00>
ST_1 : Operation 35 [1/1] (0.00ns)   --->   "%specmemcore_ln0 = specmemcore void @_ssdm_op_SpecMemCore, i16 %output_r, i64 666, i64 207, i64 1"   --->   Operation 35 'specmemcore' 'specmemcore_ln0' <Predicate = true> <Delay = 0.00>
ST_1 : Operation 36 [1/1] (0.00ns)   --->   "%specinterface_ln0 = specinterface void @_ssdm_op_SpecInterface, i16 %output_r, void @empty_3, i32 0, i32 0, void @empty_0, i32 1, i32 0, void @empty_0, void @empty_0, void @empty_0, i32 0, i32 0, i32 0, i32 0, void @empty_0, void @empty_0"   --->   Operation 36 'specinterface' 'specinterface_ln0' <Predicate = true> <Delay = 0.00>
ST_1 : Operation 37 [1/1] (0.00ns)   --->   "%numOfOutputNeurons_read = read i8 @_ssdm_op_Read.ap_auto.i8, i8 %numOfOutputNeurons"   --->   Operation 37 'read' 'numOfOutputNeurons_read' <Predicate = true> <Delay = 0.00>
ST_1 : Operation 38 [1/1] (1.58ns)   --->   "%store_ln0 = store i8 0, i8 %i"   --->   Operation 38 'store' 'store_ln0' <Predicate = true> <Delay = 1.58>
ST_1 : Operation 39 [1/1] (0.00ns)   --->   "%br_ln0 = br void %_ZN8ap_fixedILi16ELi8EL9ap_q_mode5EL9ap_o_mode3ELi0EEC2Ei.exit.i71.i"   --->   Operation 39 'br' 'br_ln0' <Predicate = true> <Delay = 0.00>
ST_1 : Operation 40 [1/1] (0.00ns)   --->   "%i_4 = load i8 %i" [Neuron_1/neural_layer.cpp:30]   --->   Operation 40 'load' 'i_4' <Predicate = true> <Delay = 0.00>
ST_1 : Operation 41 [1/1] (0.00ns)   --->   "%specpipeline_ln0 = specpipeline void @_ssdm_op_SpecPipeline, i32 4294967295, i32 0, i32 1, i32 0, void @p_str"   --->   Operation 41 'specpipeline' 'specpipeline_ln0' <Predicate = true> <Delay = 0.00>
ST_1 : Operation 42 [1/1] (1.55ns)   --->   "%icmp_ln30 = icmp_eq  i8 %i_4, i8 %numOfOutputNeurons_read" [Neuron_1/neural_layer.cpp:30]   --->   Operation 42 'icmp' 'icmp_ln30' <Predicate = true> <Delay = 1.55> <CoreInst = "Cmp">   --->   Core 9 'Cmp' <Latency = 0> <II = 1> <Delay = 1.55> <FuncUnit> <Opcode : 'icmp'> <InPorts = 2> <OutPorts = 1>
ST_1 : Operation 43 [1/1] (0.00ns)   --->   "%empty = speclooptripcount i32 @_ssdm_op_SpecLoopTripCount, i64 0, i64 255, i64 0"   --->   Operation 43 'speclooptripcount' 'empty' <Predicate = true> <Delay = 0.00>
ST_1 : Operation 44 [1/1] (1.91ns)   --->   "%i_5 = add i8 %i_4, i8 1" [Neuron_1/neural_layer.cpp:30]   --->   Operation 44 'add' 'i_5' <Predicate = true> <Delay = 1.91> <CoreInst = "Adder">   --->   Core 1 'Adder' <Latency = 0> <II = 1> <Delay = 2.31> <FuncUnit> <Opcode : 'add' 'sub'> <InPorts = 2> <OutPorts = 1>
ST_1 : Operation 45 [1/1] (0.00ns)   --->   "%br_ln30 = br i1 %icmp_ln30, void %_ZN8ap_fixedILi16ELi8EL9ap_q_mode5EL9ap_o_mode3ELi0EEC2Ei.exit.i71.i.split, void %_Z13sigmod_approxP8ap_fixedILi16ELi8EL9ap_q_mode5EL9ap_o_mode3ELi0EES3_t.exit.i.loopexit.loopexit.exitStub" [Neuron_1/neural_layer.cpp:30]   --->   Operation 45 'br' 'br_ln30' <Predicate = true> <Delay = 0.00>
ST_1 : Operation 46 [1/1] (0.00ns)   --->   "%zext_ln32 = zext i8 %i_4" [Neuron_1/neural_layer.cpp:32]   --->   Operation 46 'zext' 'zext_ln32' <Predicate = (!icmp_ln30)> <Delay = 0.00>
ST_1 : Operation 47 [1/1] (0.00ns)   --->   "%output_V_addr = getelementptr i16 %output_V, i64 0, i64 %zext_ln32" [Neuron_1/neural_layer.cpp:32]   --->   Operation 47 'getelementptr' 'output_V_addr' <Predicate = (!icmp_ln30)> <Delay = 0.00>
ST_1 : Operation 48 [2/2] (3.25ns)   --->   "%x_V = load i7 %output_V_addr" [Neuron_1/neural_layer.cpp:32]   --->   Operation 48 'load' 'x_V' <Predicate = (!icmp_ln30)> <Delay = 3.25> <CoreInst = "RAM">   --->   Core 82 'RAM' <Latency = 1> <II = 1> <Delay = 3.25> <Storage> <Opcode : 'load' 'store'> <Ports = 2> <Width = 16> <Depth = 128> <RAM>
ST_1 : Operation 49 [1/1] (1.58ns)   --->   "%store_ln30 = store i8 %i_5, i8 %i" [Neuron_1/neural_layer.cpp:30]   --->   Operation 49 'store' 'store_ln30' <Predicate = (!icmp_ln30)> <Delay = 1.58>

State 2 <SV = 1> <Delay = 7.40>
ST_2 : Operation 50 [1/2] (3.25ns)   --->   "%x_V = load i7 %output_V_addr" [Neuron_1/neural_layer.cpp:32]   --->   Operation 50 'load' 'x_V' <Predicate = true> <Delay = 3.25> <CoreInst = "RAM">   --->   Core 82 'RAM' <Latency = 1> <II = 1> <Delay = 3.25> <Storage> <Opcode : 'load' 'store'> <Ports = 2> <Width = 16> <Depth = 128> <RAM>
ST_2 : Operation 51 [1/1] (0.00ns) (grouped into LUT with out node ret_V)   --->   "%tmp = bitselect i1 @_ssdm_op_BitSelect.i1.i16.i32, i16 %x_V, i32 15"   --->   Operation 51 'bitselect' 'tmp' <Predicate = true> <Delay = 0.00>
ST_2 : Operation 52 [1/1] (2.07ns)   --->   "%sub_ln712 = sub i16 0, i16 %x_V"   --->   Operation 52 'sub' 'sub_ln712' <Predicate = true> <Delay = 2.07> <CoreInst = "Adder">   --->   Core 1 'Adder' <Latency = 0> <II = 1> <Delay = 2.31> <FuncUnit> <Opcode : 'add' 'sub'> <InPorts = 2> <OutPorts = 1>
ST_2 : Operation 53 [1/1] (0.00ns) (grouped into LUT with out node ret_V)   --->   "%x_V_2 = select i1 %tmp, i16 %sub_ln712, i16 %x_V" [Neuron_1/neural_layer.cpp:7]   --->   Operation 53 'select' 'x_V_2' <Predicate = true> <Delay = 0.00> <CoreInst = "Sel">   --->   Core 73 'Sel' <Latency = 0> <II = 1> <Delay = 0.80> <FuncUnit> <Opcode : 'select'> <InPorts = 3> <OutPorts = 1>
ST_2 : Operation 54 [1/1] (0.00ns) (grouped into LUT with out node ret_V)   --->   "%sext_ln712 = sext i16 %x_V_2"   --->   Operation 54 'sext' 'sext_ln712' <Predicate = true> <Delay = 0.00>
ST_2 : Operation 55 [1/1] (2.07ns) (out node of the LUT)   --->   "%ret_V = add i17 %sext_ln712, i17 256"   --->   Operation 55 'add' 'ret_V' <Predicate = true> <Delay = 2.07> <CoreInst = "Adder">   --->   Core 1 'Adder' <Latency = 0> <II = 1> <Delay = 2.31> <FuncUnit> <Opcode : 'add' 'sub'> <InPorts = 2> <OutPorts = 1>

State 3 <SV = 2> <Delay = 4.10>
ST_3 : Operation 56 [1/1] (0.00ns)   --->   "%t_1 = bitconcatenate i24 @_ssdm_op_BitConcatenate.i24.i16.i8, i16 %x_V, i8 0"   --->   Operation 56 'bitconcatenate' 't_1' <Predicate = true> <Delay = 0.00>
ST_3 : Operation 57 [1/1] (0.00ns)   --->   "%sext_ln1201 = sext i17 %ret_V"   --->   Operation 57 'sext' 'sext_ln1201' <Predicate = true> <Delay = 0.00>
ST_3 : Operation 58 [28/28] (4.10ns)   --->   "%r_V = sdiv i24 %t_1, i24 %sext_ln1201"   --->   Operation 58 'sdiv' 'r_V' <Predicate = true> <Delay = 4.10> <CoreInst = "Divider">   --->   Core 6 'Divider' <Latency = 27> <II = 1> <Delay = 4.10> <FuncUnit> <Opcode : 'sdiv' 'srem' 'udiv' 'urem'> <InPorts = 2> <OutPorts = 1>

State 4 <SV = 3> <Delay = 4.10>
ST_4 : Operation 59 [27/28] (4.10ns)   --->   "%r_V = sdiv i24 %t_1, i24 %sext_ln1201"   --->   Operation 59 'sdiv' 'r_V' <Predicate = true> <Delay = 4.10> <CoreInst = "Divider">   --->   Core 6 'Divider' <Latency = 27> <II = 1> <Delay = 4.10> <FuncUnit> <Opcode : 'sdiv' 'srem' 'udiv' 'urem'> <InPorts = 2> <OutPorts = 1>

State 5 <SV = 4> <Delay = 4.10>
ST_5 : Operation 60 [26/28] (4.10ns)   --->   "%r_V = sdiv i24 %t_1, i24 %sext_ln1201"   --->   Operation 60 'sdiv' 'r_V' <Predicate = true> <Delay = 4.10> <CoreInst = "Divider">   --->   Core 6 'Divider' <Latency = 27> <II = 1> <Delay = 4.10> <FuncUnit> <Opcode : 'sdiv' 'srem' 'udiv' 'urem'> <InPorts = 2> <OutPorts = 1>

State 6 <SV = 5> <Delay = 4.10>
ST_6 : Operation 61 [25/28] (4.10ns)   --->   "%r_V = sdiv i24 %t_1, i24 %sext_ln1201"   --->   Operation 61 'sdiv' 'r_V' <Predicate = true> <Delay = 4.10> <CoreInst = "Divider">   --->   Core 6 'Divider' <Latency = 27> <II = 1> <Delay = 4.10> <FuncUnit> <Opcode : 'sdiv' 'srem' 'udiv' 'urem'> <InPorts = 2> <OutPorts = 1>

State 7 <SV = 6> <Delay = 4.10>
ST_7 : Operation 62 [24/28] (4.10ns)   --->   "%r_V = sdiv i24 %t_1, i24 %sext_ln1201"   --->   Operation 62 'sdiv' 'r_V' <Predicate = true> <Delay = 4.10> <CoreInst = "Divider">   --->   Core 6 'Divider' <Latency = 27> <II = 1> <Delay = 4.10> <FuncUnit> <Opcode : 'sdiv' 'srem' 'udiv' 'urem'> <InPorts = 2> <OutPorts = 1>

State 8 <SV = 7> <Delay = 4.10>
ST_8 : Operation 63 [23/28] (4.10ns)   --->   "%r_V = sdiv i24 %t_1, i24 %sext_ln1201"   --->   Operation 63 'sdiv' 'r_V' <Predicate = true> <Delay = 4.10> <CoreInst = "Divider">   --->   Core 6 'Divider' <Latency = 27> <II = 1> <Delay = 4.10> <FuncUnit> <Opcode : 'sdiv' 'srem' 'udiv' 'urem'> <InPorts = 2> <OutPorts = 1>

State 9 <SV = 8> <Delay = 4.10>
ST_9 : Operation 64 [22/28] (4.10ns)   --->   "%r_V = sdiv i24 %t_1, i24 %sext_ln1201"   --->   Operation 64 'sdiv' 'r_V' <Predicate = true> <Delay = 4.10> <CoreInst = "Divider">   --->   Core 6 'Divider' <Latency = 27> <II = 1> <Delay = 4.10> <FuncUnit> <Opcode : 'sdiv' 'srem' 'udiv' 'urem'> <InPorts = 2> <OutPorts = 1>

State 10 <SV = 9> <Delay = 4.10>
ST_10 : Operation 65 [21/28] (4.10ns)   --->   "%r_V = sdiv i24 %t_1, i24 %sext_ln1201"   --->   Operation 65 'sdiv' 'r_V' <Predicate = true> <Delay = 4.10> <CoreInst = "Divider">   --->   Core 6 'Divider' <Latency = 27> <II = 1> <Delay = 4.10> <FuncUnit> <Opcode : 'sdiv' 'srem' 'udiv' 'urem'> <InPorts = 2> <OutPorts = 1>

State 11 <SV = 10> <Delay = 4.10>
ST_11 : Operation 66 [20/28] (4.10ns)   --->   "%r_V = sdiv i24 %t_1, i24 %sext_ln1201"   --->   Operation 66 'sdiv' 'r_V' <Predicate = true> <Delay = 4.10> <CoreInst = "Divider">   --->   Core 6 'Divider' <Latency = 27> <II = 1> <Delay = 4.10> <FuncUnit> <Opcode : 'sdiv' 'srem' 'udiv' 'urem'> <InPorts = 2> <OutPorts = 1>

State 12 <SV = 11> <Delay = 4.10>
ST_12 : Operation 67 [19/28] (4.10ns)   --->   "%r_V = sdiv i24 %t_1, i24 %sext_ln1201"   --->   Operation 67 'sdiv' 'r_V' <Predicate = true> <Delay = 4.10> <CoreInst = "Divider">   --->   Core 6 'Divider' <Latency = 27> <II = 1> <Delay = 4.10> <FuncUnit> <Opcode : 'sdiv' 'srem' 'udiv' 'urem'> <InPorts = 2> <OutPorts = 1>

State 13 <SV = 12> <Delay = 4.10>
ST_13 : Operation 68 [18/28] (4.10ns)   --->   "%r_V = sdiv i24 %t_1, i24 %sext_ln1201"   --->   Operation 68 'sdiv' 'r_V' <Predicate = true> <Delay = 4.10> <CoreInst = "Divider">   --->   Core 6 'Divider' <Latency = 27> <II = 1> <Delay = 4.10> <FuncUnit> <Opcode : 'sdiv' 'srem' 'udiv' 'urem'> <InPorts = 2> <OutPorts = 1>

State 14 <SV = 13> <Delay = 4.10>
ST_14 : Operation 69 [17/28] (4.10ns)   --->   "%r_V = sdiv i24 %t_1, i24 %sext_ln1201"   --->   Operation 69 'sdiv' 'r_V' <Predicate = true> <Delay = 4.10> <CoreInst = "Divider">   --->   Core 6 'Divider' <Latency = 27> <II = 1> <Delay = 4.10> <FuncUnit> <Opcode : 'sdiv' 'srem' 'udiv' 'urem'> <InPorts = 2> <OutPorts = 1>

State 15 <SV = 14> <Delay = 4.10>
ST_15 : Operation 70 [16/28] (4.10ns)   --->   "%r_V = sdiv i24 %t_1, i24 %sext_ln1201"   --->   Operation 70 'sdiv' 'r_V' <Predicate = true> <Delay = 4.10> <CoreInst = "Divider">   --->   Core 6 'Divider' <Latency = 27> <II = 1> <Delay = 4.10> <FuncUnit> <Opcode : 'sdiv' 'srem' 'udiv' 'urem'> <InPorts = 2> <OutPorts = 1>

State 16 <SV = 15> <Delay = 4.10>
ST_16 : Operation 71 [15/28] (4.10ns)   --->   "%r_V = sdiv i24 %t_1, i24 %sext_ln1201"   --->   Operation 71 'sdiv' 'r_V' <Predicate = true> <Delay = 4.10> <CoreInst = "Divider">   --->   Core 6 'Divider' <Latency = 27> <II = 1> <Delay = 4.10> <FuncUnit> <Opcode : 'sdiv' 'srem' 'udiv' 'urem'> <InPorts = 2> <OutPorts = 1>

State 17 <SV = 16> <Delay = 4.10>
ST_17 : Operation 72 [14/28] (4.10ns)   --->   "%r_V = sdiv i24 %t_1, i24 %sext_ln1201"   --->   Operation 72 'sdiv' 'r_V' <Predicate = true> <Delay = 4.10> <CoreInst = "Divider">   --->   Core 6 'Divider' <Latency = 27> <II = 1> <Delay = 4.10> <FuncUnit> <Opcode : 'sdiv' 'srem' 'udiv' 'urem'> <InPorts = 2> <OutPorts = 1>

State 18 <SV = 17> <Delay = 4.10>
ST_18 : Operation 73 [13/28] (4.10ns)   --->   "%r_V = sdiv i24 %t_1, i24 %sext_ln1201"   --->   Operation 73 'sdiv' 'r_V' <Predicate = true> <Delay = 4.10> <CoreInst = "Divider">   --->   Core 6 'Divider' <Latency = 27> <II = 1> <Delay = 4.10> <FuncUnit> <Opcode : 'sdiv' 'srem' 'udiv' 'urem'> <InPorts = 2> <OutPorts = 1>

State 19 <SV = 18> <Delay = 4.10>
ST_19 : Operation 74 [12/28] (4.10ns)   --->   "%r_V = sdiv i24 %t_1, i24 %sext_ln1201"   --->   Operation 74 'sdiv' 'r_V' <Predicate = true> <Delay = 4.10> <CoreInst = "Divider">   --->   Core 6 'Divider' <Latency = 27> <II = 1> <Delay = 4.10> <FuncUnit> <Opcode : 'sdiv' 'srem' 'udiv' 'urem'> <InPorts = 2> <OutPorts = 1>

State 20 <SV = 19> <Delay = 4.10>
ST_20 : Operation 75 [11/28] (4.10ns)   --->   "%r_V = sdiv i24 %t_1, i24 %sext_ln1201"   --->   Operation 75 'sdiv' 'r_V' <Predicate = true> <Delay = 4.10> <CoreInst = "Divider">   --->   Core 6 'Divider' <Latency = 27> <II = 1> <Delay = 4.10> <FuncUnit> <Opcode : 'sdiv' 'srem' 'udiv' 'urem'> <InPorts = 2> <OutPorts = 1>

State 21 <SV = 20> <Delay = 4.10>
ST_21 : Operation 76 [10/28] (4.10ns)   --->   "%r_V = sdiv i24 %t_1, i24 %sext_ln1201"   --->   Operation 76 'sdiv' 'r_V' <Predicate = true> <Delay = 4.10> <CoreInst = "Divider">   --->   Core 6 'Divider' <Latency = 27> <II = 1> <Delay = 4.10> <FuncUnit> <Opcode : 'sdiv' 'srem' 'udiv' 'urem'> <InPorts = 2> <OutPorts = 1>

State 22 <SV = 21> <Delay = 4.10>
ST_22 : Operation 77 [9/28] (4.10ns)   --->   "%r_V = sdiv i24 %t_1, i24 %sext_ln1201"   --->   Operation 77 'sdiv' 'r_V' <Predicate = true> <Delay = 4.10> <CoreInst = "Divider">   --->   Core 6 'Divider' <Latency = 27> <II = 1> <Delay = 4.10> <FuncUnit> <Opcode : 'sdiv' 'srem' 'udiv' 'urem'> <InPorts = 2> <OutPorts = 1>

State 23 <SV = 22> <Delay = 4.10>
ST_23 : Operation 78 [8/28] (4.10ns)   --->   "%r_V = sdiv i24 %t_1, i24 %sext_ln1201"   --->   Operation 78 'sdiv' 'r_V' <Predicate = true> <Delay = 4.10> <CoreInst = "Divider">   --->   Core 6 'Divider' <Latency = 27> <II = 1> <Delay = 4.10> <FuncUnit> <Opcode : 'sdiv' 'srem' 'udiv' 'urem'> <InPorts = 2> <OutPorts = 1>

State 24 <SV = 23> <Delay = 4.10>
ST_24 : Operation 79 [7/28] (4.10ns)   --->   "%r_V = sdiv i24 %t_1, i24 %sext_ln1201"   --->   Operation 79 'sdiv' 'r_V' <Predicate = true> <Delay = 4.10> <CoreInst = "Divider">   --->   Core 6 'Divider' <Latency = 27> <II = 1> <Delay = 4.10> <FuncUnit> <Opcode : 'sdiv' 'srem' 'udiv' 'urem'> <InPorts = 2> <OutPorts = 1>

State 25 <SV = 24> <Delay = 4.10>
ST_25 : Operation 80 [6/28] (4.10ns)   --->   "%r_V = sdiv i24 %t_1, i24 %sext_ln1201"   --->   Operation 80 'sdiv' 'r_V' <Predicate = true> <Delay = 4.10> <CoreInst = "Divider">   --->   Core 6 'Divider' <Latency = 27> <II = 1> <Delay = 4.10> <FuncUnit> <Opcode : 'sdiv' 'srem' 'udiv' 'urem'> <InPorts = 2> <OutPorts = 1>

State 26 <SV = 25> <Delay = 4.10>
ST_26 : Operation 81 [5/28] (4.10ns)   --->   "%r_V = sdiv i24 %t_1, i24 %sext_ln1201"   --->   Operation 81 'sdiv' 'r_V' <Predicate = true> <Delay = 4.10> <CoreInst = "Divider">   --->   Core 6 'Divider' <Latency = 27> <II = 1> <Delay = 4.10> <FuncUnit> <Opcode : 'sdiv' 'srem' 'udiv' 'urem'> <InPorts = 2> <OutPorts = 1>

State 27 <SV = 26> <Delay = 4.10>
ST_27 : Operation 82 [4/28] (4.10ns)   --->   "%r_V = sdiv i24 %t_1, i24 %sext_ln1201"   --->   Operation 82 'sdiv' 'r_V' <Predicate = true> <Delay = 4.10> <CoreInst = "Divider">   --->   Core 6 'Divider' <Latency = 27> <II = 1> <Delay = 4.10> <FuncUnit> <Opcode : 'sdiv' 'srem' 'udiv' 'urem'> <InPorts = 2> <OutPorts = 1>

State 28 <SV = 27> <Delay = 4.10>
ST_28 : Operation 83 [3/28] (4.10ns)   --->   "%r_V = sdiv i24 %t_1, i24 %sext_ln1201"   --->   Operation 83 'sdiv' 'r_V' <Predicate = true> <Delay = 4.10> <CoreInst = "Divider">   --->   Core 6 'Divider' <Latency = 27> <II = 1> <Delay = 4.10> <FuncUnit> <Opcode : 'sdiv' 'srem' 'udiv' 'urem'> <InPorts = 2> <OutPorts = 1>

State 29 <SV = 28> <Delay = 4.10>
ST_29 : Operation 84 [2/28] (4.10ns)   --->   "%r_V = sdiv i24 %t_1, i24 %sext_ln1201"   --->   Operation 84 'sdiv' 'r_V' <Predicate = true> <Delay = 4.10> <CoreInst = "Divider">   --->   Core 6 'Divider' <Latency = 27> <II = 1> <Delay = 4.10> <FuncUnit> <Opcode : 'sdiv' 'srem' 'udiv' 'urem'> <InPorts = 2> <OutPorts = 1>

State 30 <SV = 29> <Delay = 6.41>
ST_30 : Operation 85 [1/28] (4.10ns)   --->   "%r_V = sdiv i24 %t_1, i24 %sext_ln1201"   --->   Operation 85 'sdiv' 'r_V' <Predicate = true> <Delay = 4.10> <CoreInst = "Divider">   --->   Core 6 'Divider' <Latency = 27> <II = 1> <Delay = 4.10> <FuncUnit> <Opcode : 'sdiv' 'srem' 'udiv' 'urem'> <InPorts = 2> <OutPorts = 1>
ST_30 : Operation 86 [1/1] (0.00ns) (grouped into LUT with out node ret_V_1)   --->   "%r_V_1 = shl i24 %r_V, i24 7"   --->   Operation 86 'shl' 'r_V_1' <Predicate = true> <Delay = 0.00>
ST_30 : Operation 87 [1/1] (2.31ns) (out node of the LUT)   --->   "%ret_V_1 = add i24 %r_V_1, i24 32768"   --->   Operation 87 'add' 'ret_V_1' <Predicate = true> <Delay = 2.31> <CoreInst = "Adder">   --->   Core 1 'Adder' <Latency = 0> <II = 1> <Delay = 2.31> <FuncUnit> <Opcode : 'add' 'sub'> <InPorts = 2> <OutPorts = 1>
ST_30 : Operation 88 [1/1] (0.00ns)   --->   "%trunc_ln717_1 = partselect i16 @_ssdm_op_PartSelect.i16.i24.i32.i32, i24 %ret_V_1, i32 8, i32 23"   --->   Operation 88 'partselect' 'trunc_ln717_1' <Predicate = true> <Delay = 0.00>
ST_30 : Operation 93 [1/1] (0.00ns)   --->   "%ret_ln0 = ret"   --->   Operation 93 'ret' 'ret_ln0' <Predicate = (icmp_ln30)> <Delay = 0.00>

State 31 <SV = 30> <Delay = 3.25>
ST_31 : Operation 89 [1/1] (0.00ns)   --->   "%specloopname_ln30 = specloopname void @_ssdm_op_SpecLoopName, void @empty_14" [Neuron_1/neural_layer.cpp:30]   --->   Operation 89 'specloopname' 'specloopname_ln30' <Predicate = true> <Delay = 0.00>
ST_31 : Operation 90 [1/1] (0.00ns)   --->   "%output_r_addr = getelementptr i16 %output_r, i64 0, i64 %zext_ln32" [Neuron_1/neural_layer.cpp:32]   --->   Operation 90 'getelementptr' 'output_r_addr' <Predicate = true> <Delay = 0.00>
ST_31 : Operation 91 [1/1] (3.25ns)   --->   "%store_ln32 = store i16 %trunc_ln717_1, i7 %output_r_addr" [Neuron_1/neural_layer.cpp:32]   --->   Operation 91 'store' 'store_ln32' <Predicate = true> <Delay = 3.25> <CoreInst = "RAM_1P">   --->   Core 86 'RAM_1P' <Latency = 1> <II = 1> <Delay = 3.25> <Storage> <Opcode : 'load' 'store'> <Ports = 1> <Width = 16> <Depth = 128> <RAM>
ST_31 : Operation 92 [1/1] (0.00ns)   --->   "%br_ln0 = br void %_ZN8ap_fixedILi16ELi8EL9ap_q_mode5EL9ap_o_mode3ELi0EEC2Ei.exit.i71.i"   --->   Operation 92 'br' 'br_ln0' <Predicate = true> <Delay = 0.00>


============================================================
+ Verbose Summary: Binding
============================================================
STG Binding: 
---------------- STG Properties BEGIN ----------------
- Is combinational: 0
- Is one-state seq: 0
- Is datapath-only: 0
- Is pipelined: 0
- Is top level: 0
Port [ Return ] is wired: 1; IO mode=ap_ctrl_hs:ce=0
Port [ numOfOutputNeurons]:  wired=1; compound=0; hidden=0; nouse=0; global=0; static=0; extern=0; dir=0; type=0; pingpong=0; private_global=0; IO mode=ap_none:ce=0
Port [ output_r]:  wired=1; compound=1; hidden=0; nouse=0; global=0; static=0; extern=0; dir=1; type=1; pingpong=0; private_global=0; MemPort=[0]; IO mode=ap_memory:ce=0
Port [ output_V]:  wired=1; compound=1; hidden=0; nouse=0; global=1; static=1; extern=0; dir=0; type=1; pingpong=0; private_global=0; MemPort=[13]; IO mode=ap_memory:ce=0
---------------- STG Properties END ------------------

---------------- Datapath Model BEGIN ----------------

<LifeTime>
<method=bitvector/>
i                       (alloca           ) [ 01000000000000000000000000000000]
specmemcore_ln0         (specmemcore      ) [ 00000000000000000000000000000000]
specinterface_ln0       (specinterface    ) [ 00000000000000000000000000000000]
numOfOutputNeurons_read (read             ) [ 00000000000000000000000000000000]
store_ln0               (store            ) [ 00000000000000000000000000000000]
br_ln0                  (br               ) [ 00000000000000000000000000000000]
i_4                     (load             ) [ 00000000000000000000000000000000]
specpipeline_ln0        (specpipeline     ) [ 00000000000000000000000000000000]
icmp_ln30               (icmp             ) [ 01111111111111111111111111111110]
empty                   (speclooptripcount) [ 00000000000000000000000000000000]
i_5                     (add              ) [ 00000000000000000000000000000000]
br_ln30                 (br               ) [ 00000000000000000000000000000000]
zext_ln32               (zext             ) [ 01111111111111111111111111111111]
output_V_addr           (getelementptr    ) [ 01100000000000000000000000000000]
store_ln30              (store            ) [ 00000000000000000000000000000000]
x_V                     (load             ) [ 01010000000000000000000000000000]
tmp                     (bitselect        ) [ 00000000000000000000000000000000]
sub_ln712               (sub              ) [ 00000000000000000000000000000000]
x_V_2                   (select           ) [ 00000000000000000000000000000000]
sext_ln712              (sext             ) [ 00000000000000000000000000000000]
ret_V                   (add              ) [ 01010000000000000000000000000000]
t_1                     (bitconcatenate   ) [ 01001111111111111111111111111110]
sext_ln1201             (sext             ) [ 01001111111111111111111111111110]
r_V                     (sdiv             ) [ 00000000000000000000000000000000]
r_V_1                   (shl              ) [ 00000000000000000000000000000000]
ret_V_1                 (add              ) [ 00000000000000000000000000000000]
trunc_ln717_1           (partselect       ) [ 01000000000000000000000000000001]
specloopname_ln30       (specloopname     ) [ 00000000000000000000000000000000]
output_r_addr           (getelementptr    ) [ 00000000000000000000000000000000]
store_ln32              (store            ) [ 00000000000000000000000000000000]
br_ln0                  (br               ) [ 00000000000000000000000000000000]
ret_ln0                 (ret              ) [ 00000000000000000000000000000000]
</LifeTime>

<model>

<comp_list>
<comp id="0" class="1000" name="numOfOutputNeurons">
<pin_list>
<pin id="1" dir="1" index="0" bw="1" slack="0"/>
</pin_list>
<bind>
<StgValue><ssdm name="numOfOutputNeurons"/></StgValue>
</bind>
</comp>

<comp id="2" class="1000" name="output_r">
<pin_list>
<pin id="3" dir="1" index="0" bw="1" slack="0"/>
</pin_list>
<bind>
<StgValue><ssdm name="output_r"/><MemPortTyVec>0 </MemPortTyVec>
</StgValue>
</bind>
</comp>

<comp id="4" class="1000" name="output_V">
<pin_list>
<pin id="5" dir="1" index="0" bw="1" slack="0"/>
</pin_list>
<bind>
<StgValue><ssdm name="output_V"/><MemPortTyVec>1 3 </MemPortTyVec>
</StgValue>
</bind>
</comp>

<comp id="6" class="1001" name="const_6">
<pin_list>
<pin id="7" dir="1" index="0" bw="1" slack="0"/>
</pin_list>
<bind>
<StgValue><ssdm name=""/></StgValue>
</bind>
</comp>

<comp id="8" class="1001" name="const_8">
<pin_list>
<pin id="9" dir="1" index="0" bw="1" slack="2147483647"/>
</pin_list>
<bind>
<StgValue><ssdm name="_ssdm_op_SpecMemCore"/></StgValue>
</bind>
</comp>

<comp id="10" class="1001" name="const_10">
<pin_list>
<pin id="11" dir="1" index="0" bw="1" slack="2147483647"/>
</pin_list>
<bind>
<StgValue><ssdm name=""/></StgValue>
</bind>
</comp>

<comp id="12" class="1001" name="const_12">
<pin_list>
<pin id="13" dir="1" index="0" bw="1" slack="2147483647"/>
</pin_list>
<bind>
<StgValue><ssdm name=""/></StgValue>
</bind>
</comp>

<comp id="14" class="1001" name="const_14">
<pin_list>
<pin id="15" dir="1" index="0" bw="1" slack="2147483647"/>
</pin_list>
<bind>
<StgValue><ssdm name=""/></StgValue>
</bind>
</comp>

<comp id="16" class="1001" name="const_16">
<pin_list>
<pin id="17" dir="1" index="0" bw="1" slack="2147483647"/>
</pin_list>
<bind>
<StgValue><ssdm name="_ssdm_op_SpecInterface"/></StgValue>
</bind>
</comp>

<comp id="18" class="1001" name="const_18">
<pin_list>
<pin id="19" dir="1" index="0" bw="1" slack="2147483647"/>
</pin_list>
<bind>
<StgValue><ssdm name="empty_3"/></StgValue>
</bind>
</comp>

<comp id="20" class="1001" name="const_20">
<pin_list>
<pin id="21" dir="1" index="0" bw="1" slack="2147483647"/>
</pin_list>
<bind>
<StgValue><ssdm name=""/></StgValue>
</bind>
</comp>

<comp id="22" class="1001" name="const_22">
<pin_list>
<pin id="23" dir="1" index="0" bw="1" slack="2147483647"/>
</pin_list>
<bind>
<StgValue><ssdm name="empty_0"/></StgValue>
</bind>
</comp>

<comp id="24" class="1001" name="const_24">
<pin_list>
<pin id="25" dir="1" index="0" bw="1" slack="0"/>
</pin_list>
<bind>
<StgValue><ssdm name="_ssdm_op_Read.ap_auto.i8"/></StgValue>
</bind>
</comp>

<comp id="26" class="1001" name="const_26">
<pin_list>
<pin id="27" dir="1" index="0" bw="1" slack="0"/>
</pin_list>
<bind>
<StgValue><ssdm name=""/></StgValue>
</bind>
</comp>

<comp id="28" class="1001" name="const_28">
<pin_list>
<pin id="29" dir="1" index="0" bw="1" slack="2147483647"/>
</pin_list>
<bind>
<StgValue><ssdm name="_ssdm_op_SpecPipeline"/></StgValue>
</bind>
</comp>

<comp id="30" class="1001" name="const_30">
<pin_list>
<pin id="31" dir="1" index="0" bw="1" slack="2147483647"/>
</pin_list>
<bind>
<StgValue><ssdm name=""/></StgValue>
</bind>
</comp>

<comp id="32" class="1001" name="const_32">
<pin_list>
<pin id="33" dir="1" index="0" bw="1" slack="2147483647"/>
</pin_list>
<bind>
<StgValue><ssdm name="p_str"/></StgValue>
</bind>
</comp>

<comp id="34" class="1001" name="const_34">
<pin_list>
<pin id="35" dir="1" index="0" bw="1" slack="2147483647"/>
</pin_list>
<bind>
<StgValue><ssdm name="_ssdm_op_SpecLoopTripCount"/></StgValue>
</bind>
</comp>

<comp id="36" class="1001" name="const_36">
<pin_list>
<pin id="37" dir="1" index="0" bw="1" slack="0"/>
</pin_list>
<bind>
<StgValue><ssdm name=""/></StgValue>
</bind>
</comp>

<comp id="38" class="1001" name="const_38">
<pin_list>
<pin id="39" dir="1" index="0" bw="1" slack="2147483647"/>
</pin_list>
<bind>
<StgValue><ssdm name=""/></StgValue>
</bind>
</comp>

<comp id="40" class="1001" name="const_40">
<pin_list>
<pin id="41" dir="1" index="0" bw="1" slack="0"/>
</pin_list>
<bind>
<StgValue><ssdm name=""/></StgValue>
</bind>
</comp>

<comp id="42" class="1001" name="const_42">
<pin_list>
<pin id="43" dir="1" index="0" bw="1" slack="0"/>
</pin_list>
<bind>
<StgValue><ssdm name="_ssdm_op_BitSelect.i1.i16.i32"/></StgValue>
</bind>
</comp>

<comp id="44" class="1001" name="const_44">
<pin_list>
<pin id="45" dir="1" index="0" bw="1" slack="0"/>
</pin_list>
<bind>
<StgValue><ssdm name=""/></StgValue>
</bind>
</comp>

<comp id="46" class="1001" name="const_46">
<pin_list>
<pin id="47" dir="1" index="0" bw="1" slack="0"/>
</pin_list>
<bind>
<StgValue><ssdm name=""/></StgValue>
</bind>
</comp>

<comp id="48" class="1001" name="const_48">
<pin_list>
<pin id="49" dir="1" index="0" bw="1" slack="0"/>
</pin_list>
<bind>
<StgValue><ssdm name=""/></StgValue>
</bind>
</comp>

<comp id="50" class="1001" name="const_50">
<pin_list>
<pin id="51" dir="1" index="0" bw="1" slack="0"/>
</pin_list>
<bind>
<StgValue><ssdm name="_ssdm_op_BitConcatenate.i24.i16.i8"/></StgValue>
</bind>
</comp>

<comp id="52" class="1001" name="const_52">
<pin_list>
<pin id="53" dir="1" index="0" bw="1" slack="0"/>
</pin_list>
<bind>
<StgValue><ssdm name=""/></StgValue>
</bind>
</comp>

<comp id="54" class="1001" name="const_54">
<pin_list>
<pin id="55" dir="1" index="0" bw="1" slack="0"/>
</pin_list>
<bind>
<StgValue><ssdm name=""/></StgValue>
</bind>
</comp>

<comp id="56" class="1001" name="const_56">
<pin_list>
<pin id="57" dir="1" index="0" bw="1" slack="0"/>
</pin_list>
<bind>
<StgValue><ssdm name="_ssdm_op_PartSelect.i16.i24.i32.i32"/></StgValue>
</bind>
</comp>

<comp id="58" class="1001" name="const_58">
<pin_list>
<pin id="59" dir="1" index="0" bw="1" slack="0"/>
</pin_list>
<bind>
<StgValue><ssdm name=""/></StgValue>
</bind>
</comp>

<comp id="60" class="1001" name="const_60">
<pin_list>
<pin id="61" dir="1" index="0" bw="1" slack="0"/>
</pin_list>
<bind>
<StgValue><ssdm name=""/></StgValue>
</bind>
</comp>

<comp id="62" class="1001" name="const_62">
<pin_list>
<pin id="63" dir="1" index="0" bw="1" slack="2147483647"/>
</pin_list>
<bind>
<StgValue><ssdm name="_ssdm_op_SpecLoopName"/></StgValue>
</bind>
</comp>

<comp id="64" class="1001" name="const_64">
<pin_list>
<pin id="65" dir="1" index="0" bw="1" slack="2147483647"/>
</pin_list>
<bind>
<StgValue><ssdm name="empty_14"/></StgValue>
</bind>
</comp>

<comp id="66" class="1004" name="i_fu_66">
<pin_list>
<pin id="67" dir="0" index="0" bw="1" slack="0"/>
<pin id="68" dir="1" index="1" bw="8" slack="0"/>
</pin_list>
<bind>
<opcode="alloca(26) " fcode="alloca"/>
<opset="i/1 "/>
</bind>
</comp>

<comp id="70" class="1004" name="numOfOutputNeurons_read_read_fu_70">
<pin_list>
<pin id="71" dir="0" index="0" bw="8" slack="0"/>
<pin id="72" dir="0" index="1" bw="8" slack="0"/>
<pin id="73" dir="1" index="2" bw="8" slack="0"/>
</pin_list>
<bind>
<opcode="read(1150) " fcode="read"/>
<opset="numOfOutputNeurons_read/1 "/>
</bind>
</comp>

<comp id="76" class="1004" name="output_V_addr_gep_fu_76">
<pin_list>
<pin id="77" dir="0" index="0" bw="16" slack="0"/>
<pin id="78" dir="0" index="1" bw="1" slack="0"/>
<pin id="79" dir="0" index="2" bw="8" slack="0"/>
<pin id="80" dir="1" index="3" bw="7" slack="0"/>
</pin_list>
<bind>
<opcode="getelementptr(29) " fcode="getelementptr"/>
<opset="output_V_addr/1 "/>
</bind>
</comp>

<comp id="83" class="1004" name="grp_access_fu_83">
<pin_list>
<pin id="84" dir="0" index="0" bw="7" slack="0"/>
<pin id="85" dir="0" index="1" bw="16" slack="2147483647"/>
<pin id="86" dir="0" index="2" bw="0" slack="2147483647"/>
<pin id="87" dir="1" index="3" bw="16" slack="0"/>
</pin_list>
<bind>
<opcode="load(27) " fcode="load"/>
<opset="x_V/1 "/>
</bind>
</comp>

<comp id="89" class="1004" name="output_r_addr_gep_fu_89">
<pin_list>
<pin id="90" dir="0" index="0" bw="16" slack="0"/>
<pin id="91" dir="0" index="1" bw="1" slack="0"/>
<pin id="92" dir="0" index="2" bw="8" slack="30"/>
<pin id="93" dir="1" index="3" bw="7" slack="0"/>
</pin_list>
<bind>
<opcode="getelementptr(29) " fcode="getelementptr"/>
<opset="output_r_addr/31 "/>
</bind>
</comp>

<comp id="96" class="1004" name="store_ln32_access_fu_96">
<pin_list>
<pin id="97" dir="0" index="0" bw="7" slack="0"/>
<pin id="98" dir="0" index="1" bw="16" slack="1"/>
<pin id="99" dir="0" index="2" bw="0" slack="2147483647"/>
<pin id="100" dir="1" index="3" bw="16" slack="2147483647"/>
</pin_list>
<bind>
<opcode="store(28) " fcode="store"/>
<opset="store_ln32/31 "/>
</bind>
</comp>

<comp id="102" class="1004" name="store_ln0_store_fu_102">
<pin_list>
<pin id="103" dir="0" index="0" bw="1" slack="0"/>
<pin id="104" dir="0" index="1" bw="8" slack="0"/>
<pin id="105" dir="1" index="2" bw="0" slack="2147483647"/>
</pin_list>
<bind>
<opcode="store(28) " fcode="store"/>
<opset="store_ln0/1 "/>
</bind>
</comp>

<comp id="107" class="1004" name="i_4_load_fu_107">
<pin_list>
<pin id="108" dir="0" index="0" bw="8" slack="0"/>
<pin id="109" dir="1" index="1" bw="8" slack="0"/>
</pin_list>
<bind>
<opcode="load(27) " fcode="load"/>
<opset="i_4/1 "/>
</bind>
</comp>

<comp id="110" class="1004" name="icmp_ln30_fu_110">
<pin_list>
<pin id="111" dir="0" index="0" bw="8" slack="0"/>
<pin id="112" dir="0" index="1" bw="8" slack="0"/>
<pin id="113" dir="1" index="2" bw="1" slack="29"/>
</pin_list>
<bind>
<opcode="icmp(45) " fcode="icmp"/>
<opset="icmp_ln30/1 "/>
</bind>
</comp>

<comp id="116" class="1004" name="i_5_fu_116">
<pin_list>
<pin id="117" dir="0" index="0" bw="8" slack="0"/>
<pin id="118" dir="0" index="1" bw="1" slack="0"/>
<pin id="119" dir="1" index="2" bw="8" slack="0"/>
</pin_list>
<bind>
<opcode="add(8) " fcode="add"/>
<opset="i_5/1 "/>
</bind>
</comp>

<comp id="122" class="1004" name="zext_ln32_fu_122">
<pin_list>
<pin id="123" dir="0" index="0" bw="8" slack="0"/>
<pin id="124" dir="1" index="1" bw="64" slack="0"/>
</pin_list>
<bind>
<opcode="zext(34) " fcode="zext"/>
<opset="zext_ln32/1 "/>
</bind>
</comp>

<comp id="127" class="1004" name="store_ln30_store_fu_127">
<pin_list>
<pin id="128" dir="0" index="0" bw="8" slack="0"/>
<pin id="129" dir="0" index="1" bw="8" slack="0"/>
<pin id="130" dir="1" index="2" bw="0" slack="2147483647"/>
</pin_list>
<bind>
<opcode="store(28) " fcode="store"/>
<opset="store_ln30/1 "/>
</bind>
</comp>

<comp id="132" class="1004" name="tmp_fu_132">
<pin_list>
<pin id="133" dir="0" index="0" bw="1" slack="0"/>
<pin id="134" dir="0" index="1" bw="16" slack="0"/>
<pin id="135" dir="0" index="2" bw="5" slack="0"/>
<pin id="136" dir="1" index="3" bw="1" slack="0"/>
</pin_list>
<bind>
<opcode="bitselect(1000) " fcode="bitselect"/>
<opset="tmp/2 "/>
</bind>
</comp>

<comp id="140" class="1004" name="sub_ln712_fu_140">
<pin_list>
<pin id="141" dir="0" index="0" bw="1" slack="0"/>
<pin id="142" dir="0" index="1" bw="16" slack="0"/>
<pin id="143" dir="1" index="2" bw="16" slack="0"/>
</pin_list>
<bind>
<opcode="sub(10) " fcode="sub"/>
<opset="sub_ln712/2 "/>
</bind>
</comp>

<comp id="146" class="1004" name="x_V_2_fu_146">
<pin_list>
<pin id="147" dir="0" index="0" bw="1" slack="0"/>
<pin id="148" dir="0" index="1" bw="16" slack="0"/>
<pin id="149" dir="0" index="2" bw="16" slack="0"/>
<pin id="150" dir="1" index="3" bw="16" slack="0"/>
</pin_list>
<bind>
<opcode="select(49) " fcode="select"/>
<opset="x_V_2/2 "/>
</bind>
</comp>

<comp id="154" class="1004" name="sext_ln712_fu_154">
<pin_list>
<pin id="155" dir="0" index="0" bw="16" slack="0"/>
<pin id="156" dir="1" index="1" bw="17" slack="0"/>
</pin_list>
<bind>
<opcode="sext(35) " fcode="sext"/>
<opset="sext_ln712/2 "/>
</bind>
</comp>

<comp id="158" class="1004" name="ret_V_fu_158">
<pin_list>
<pin id="159" dir="0" index="0" bw="16" slack="0"/>
<pin id="160" dir="0" index="1" bw="10" slack="0"/>
<pin id="161" dir="1" index="2" bw="17" slack="1"/>
</pin_list>
<bind>
<opcode="add(8) " fcode="add"/>
<opset="ret_V/2 "/>
</bind>
</comp>

<comp id="164" class="1004" name="t_1_fu_164">
<pin_list>
<pin id="165" dir="0" index="0" bw="24" slack="0"/>
<pin id="166" dir="0" index="1" bw="16" slack="1"/>
<pin id="167" dir="0" index="2" bw="1" slack="0"/>
<pin id="168" dir="1" index="3" bw="24" slack="0"/>
</pin_list>
<bind>
<opcode="bitconcatenate(1004) " fcode="bitconcatenate"/>
<opset="t_1/3 "/>
</bind>
</comp>

<comp id="171" class="1004" name="sext_ln1201_fu_171">
<pin_list>
<pin id="172" dir="0" index="0" bw="17" slack="1"/>
<pin id="173" dir="1" index="1" bw="24" slack="0"/>
</pin_list>
<bind>
<opcode="sext(35) " fcode="sext"/>
<opset="sext_ln1201/3 "/>
</bind>
</comp>

<comp id="174" class="1004" name="grp_fu_174">
<pin_list>
<pin id="175" dir="0" index="0" bw="24" slack="0"/>
<pin id="176" dir="0" index="1" bw="17" slack="0"/>
<pin id="177" dir="1" index="2" bw="24" slack="0"/>
</pin_list>
<bind>
<opcode="sdiv(15) " fcode="sdiv"/>
<opset="r_V/3 "/>
</bind>
</comp>

<comp id="180" class="1004" name="r_V_1_fu_180">
<pin_list>
<pin id="181" dir="0" index="0" bw="24" slack="0"/>
<pin id="182" dir="0" index="1" bw="4" slack="0"/>
<pin id="183" dir="1" index="2" bw="24" slack="0"/>
</pin_list>
<bind>
<opcode="shl(20) " fcode="shl"/>
<opset="r_V_1/30 "/>
</bind>
</comp>

<comp id="186" class="1004" name="ret_V_1_fu_186">
<pin_list>
<pin id="187" dir="0" index="0" bw="24" slack="0"/>
<pin id="188" dir="0" index="1" bw="17" slack="0"/>
<pin id="189" dir="1" index="2" bw="24" slack="0"/>
</pin_list>
<bind>
<opcode="add(8) " fcode="add"/>
<opset="ret_V_1/30 "/>
</bind>
</comp>

<comp id="192" class="1004" name="trunc_ln717_1_fu_192">
<pin_list>
<pin id="193" dir="0" index="0" bw="16" slack="0"/>
<pin id="194" dir="0" index="1" bw="24" slack="0"/>
<pin id="195" dir="0" index="2" bw="5" slack="0"/>
<pin id="196" dir="0" index="3" bw="6" slack="0"/>
<pin id="197" dir="1" index="4" bw="16" slack="1"/>
</pin_list>
<bind>
<opcode="partselect(1002) " fcode="partselect"/>
<opset="trunc_ln717_1/30 "/>
</bind>
</comp>

<comp id="202" class="1005" name="i_reg_202">
<pin_list>
<pin id="203" dir="0" index="0" bw="8" slack="0"/>
<pin id="204" dir="1" index="1" bw="8" slack="0"/>
</pin_list>
<bind>
<opset="i "/>
</bind>
</comp>

<comp id="209" class="1005" name="icmp_ln30_reg_209">
<pin_list>
<pin id="210" dir="0" index="0" bw="1" slack="29"/>
<pin id="211" dir="1" index="1" bw="1" slack="2147483647"/>
</pin_list>
<bind>
<opset="icmp_ln30 "/>
</bind>
</comp>

<comp id="213" class="1005" name="zext_ln32_reg_213">
<pin_list>
<pin id="214" dir="0" index="0" bw="64" slack="30"/>
<pin id="215" dir="1" index="1" bw="64" slack="30"/>
</pin_list>
<bind>
<opset="zext_ln32 "/>
</bind>
</comp>

<comp id="218" class="1005" name="output_V_addr_reg_218">
<pin_list>
<pin id="219" dir="0" index="0" bw="7" slack="1"/>
<pin id="220" dir="1" index="1" bw="7" slack="1"/>
</pin_list>
<bind>
<opset="output_V_addr "/>
</bind>
</comp>

<comp id="223" class="1005" name="x_V_reg_223">
<pin_list>
<pin id="224" dir="0" index="0" bw="16" slack="1"/>
<pin id="225" dir="1" index="1" bw="16" slack="1"/>
</pin_list>
<bind>
<opset="x_V "/>
</bind>
</comp>

<comp id="228" class="1005" name="ret_V_reg_228">
<pin_list>
<pin id="229" dir="0" index="0" bw="17" slack="1"/>
<pin id="230" dir="1" index="1" bw="17" slack="1"/>
</pin_list>
<bind>
<opset="ret_V "/>
</bind>
</comp>

<comp id="233" class="1005" name="t_1_reg_233">
<pin_list>
<pin id="234" dir="0" index="0" bw="24" slack="1"/>
<pin id="235" dir="1" index="1" bw="24" slack="1"/>
</pin_list>
<bind>
<opset="t_1 "/>
</bind>
</comp>

<comp id="238" class="1005" name="sext_ln1201_reg_238">
<pin_list>
<pin id="239" dir="0" index="0" bw="24" slack="1"/>
<pin id="240" dir="1" index="1" bw="24" slack="1"/>
</pin_list>
<bind>
<opset="sext_ln1201 "/>
</bind>
</comp>

<comp id="243" class="1005" name="trunc_ln717_1_reg_243">
<pin_list>
<pin id="244" dir="0" index="0" bw="16" slack="1"/>
<pin id="245" dir="1" index="1" bw="16" slack="1"/>
</pin_list>
<bind>
<opset="trunc_ln717_1 "/>
</bind>
</comp>

</comp_list>

<net_list>
<net id="69"><net_src comp="6" pin="0"/><net_sink comp="66" pin=0"/></net>

<net id="74"><net_src comp="24" pin="0"/><net_sink comp="70" pin=0"/></net>

<net id="75"><net_src comp="0" pin="0"/><net_sink comp="70" pin=1"/></net>

<net id="81"><net_src comp="4" pin="0"/><net_sink comp="76" pin=0"/></net>

<net id="82"><net_src comp="36" pin="0"/><net_sink comp="76" pin=1"/></net>

<net id="88"><net_src comp="76" pin="3"/><net_sink comp="83" pin=0"/></net>

<net id="94"><net_src comp="2" pin="0"/><net_sink comp="89" pin=0"/></net>

<net id="95"><net_src comp="36" pin="0"/><net_sink comp="89" pin=1"/></net>

<net id="101"><net_src comp="89" pin="3"/><net_sink comp="96" pin=0"/></net>

<net id="106"><net_src comp="26" pin="0"/><net_sink comp="102" pin=0"/></net>

<net id="114"><net_src comp="107" pin="1"/><net_sink comp="110" pin=0"/></net>

<net id="115"><net_src comp="70" pin="2"/><net_sink comp="110" pin=1"/></net>

<net id="120"><net_src comp="107" pin="1"/><net_sink comp="116" pin=0"/></net>

<net id="121"><net_src comp="40" pin="0"/><net_sink comp="116" pin=1"/></net>

<net id="125"><net_src comp="107" pin="1"/><net_sink comp="122" pin=0"/></net>

<net id="126"><net_src comp="122" pin="1"/><net_sink comp="76" pin=2"/></net>

<net id="131"><net_src comp="116" pin="2"/><net_sink comp="127" pin=0"/></net>

<net id="137"><net_src comp="42" pin="0"/><net_sink comp="132" pin=0"/></net>

<net id="138"><net_src comp="83" pin="3"/><net_sink comp="132" pin=1"/></net>

<net id="139"><net_src comp="44" pin="0"/><net_sink comp="132" pin=2"/></net>

<net id="144"><net_src comp="46" pin="0"/><net_sink comp="140" pin=0"/></net>

<net id="145"><net_src comp="83" pin="3"/><net_sink comp="140" pin=1"/></net>

<net id="151"><net_src comp="132" pin="3"/><net_sink comp="146" pin=0"/></net>

<net id="152"><net_src comp="140" pin="2"/><net_sink comp="146" pin=1"/></net>

<net id="153"><net_src comp="83" pin="3"/><net_sink comp="146" pin=2"/></net>

<net id="157"><net_src comp="146" pin="3"/><net_sink comp="154" pin=0"/></net>

<net id="162"><net_src comp="154" pin="1"/><net_sink comp="158" pin=0"/></net>

<net id="163"><net_src comp="48" pin="0"/><net_sink comp="158" pin=1"/></net>

<net id="169"><net_src comp="50" pin="0"/><net_sink comp="164" pin=0"/></net>

<net id="170"><net_src comp="26" pin="0"/><net_sink comp="164" pin=2"/></net>

<net id="178"><net_src comp="164" pin="3"/><net_sink comp="174" pin=0"/></net>

<net id="179"><net_src comp="171" pin="1"/><net_sink comp="174" pin=1"/></net>

<net id="184"><net_src comp="174" pin="2"/><net_sink comp="180" pin=0"/></net>

<net id="185"><net_src comp="52" pin="0"/><net_sink comp="180" pin=1"/></net>

<net id="190"><net_src comp="180" pin="2"/><net_sink comp="186" pin=0"/></net>

<net id="191"><net_src comp="54" pin="0"/><net_sink comp="186" pin=1"/></net>

<net id="198"><net_src comp="56" pin="0"/><net_sink comp="192" pin=0"/></net>

<net id="199"><net_src comp="186" pin="2"/><net_sink comp="192" pin=1"/></net>

<net id="200"><net_src comp="58" pin="0"/><net_sink comp="192" pin=2"/></net>

<net id="201"><net_src comp="60" pin="0"/><net_sink comp="192" pin=3"/></net>

<net id="205"><net_src comp="66" pin="1"/><net_sink comp="202" pin=0"/></net>

<net id="206"><net_src comp="202" pin="1"/><net_sink comp="102" pin=1"/></net>

<net id="207"><net_src comp="202" pin="1"/><net_sink comp="107" pin=0"/></net>

<net id="208"><net_src comp="202" pin="1"/><net_sink comp="127" pin=1"/></net>

<net id="212"><net_src comp="110" pin="2"/><net_sink comp="209" pin=0"/></net>

<net id="216"><net_src comp="122" pin="1"/><net_sink comp="213" pin=0"/></net>

<net id="217"><net_src comp="213" pin="1"/><net_sink comp="89" pin=2"/></net>

<net id="221"><net_src comp="76" pin="3"/><net_sink comp="218" pin=0"/></net>

<net id="222"><net_src comp="218" pin="1"/><net_sink comp="83" pin=0"/></net>

<net id="226"><net_src comp="83" pin="3"/><net_sink comp="223" pin=0"/></net>

<net id="227"><net_src comp="223" pin="1"/><net_sink comp="164" pin=1"/></net>

<net id="231"><net_src comp="158" pin="2"/><net_sink comp="228" pin=0"/></net>

<net id="232"><net_src comp="228" pin="1"/><net_sink comp="171" pin=0"/></net>

<net id="236"><net_src comp="164" pin="3"/><net_sink comp="233" pin=0"/></net>

<net id="237"><net_src comp="233" pin="1"/><net_sink comp="174" pin=0"/></net>

<net id="241"><net_src comp="171" pin="1"/><net_sink comp="238" pin=0"/></net>

<net id="242"><net_src comp="238" pin="1"/><net_sink comp="174" pin=1"/></net>

<net id="246"><net_src comp="192" pin="4"/><net_sink comp="243" pin=0"/></net>

<net id="247"><net_src comp="243" pin="1"/><net_sink comp="96" pin=1"/></net>

</net_list>

</model> 
---------------- Datapath Model END ------------------

* FSMD analyzer results:
  - Output states:
	Port: output_r | {31 }
 - Input state : 
	Port: nnlayer_Pipeline_VITIS_LOOP_30_1 : numOfOutputNeurons | {1 }
	Port: nnlayer_Pipeline_VITIS_LOOP_30_1 : output_V | {1 2 }
  - Chain level:
	State 1
		store_ln0 : 1
		i_4 : 1
		icmp_ln30 : 2
		i_5 : 2
		br_ln30 : 3
		zext_ln32 : 2
		output_V_addr : 3
		x_V : 4
		store_ln30 : 3
	State 2
		tmp : 1
		sub_ln712 : 1
		x_V_2 : 2
		sext_ln712 : 3
		ret_V : 4
	State 3
		r_V : 1
	State 4
	State 5
	State 6
	State 7
	State 8
	State 9
	State 10
	State 11
	State 12
	State 13
	State 14
	State 15
	State 16
	State 17
	State 18
	State 19
	State 20
	State 21
	State 22
	State 23
	State 24
	State 25
	State 26
	State 27
	State 28
	State 29
	State 30
		r_V_1 : 1
		ret_V_1 : 1
		trunc_ln717_1 : 2
	State 31
		store_ln32 : 1


============================================================
+ Verbose Summary: Datapath Resource usage 
============================================================

* Functional unit list:
|----------|------------------------------------|---------|---------|
| Operation|           Functional Unit          |    FF   |   LUT   |
|----------|------------------------------------|---------|---------|
|   sdiv   |             grp_fu_174             |   1459  |   1112  |
|----------|------------------------------------|---------|---------|
|          |             i_5_fu_116             |    0    |    15   |
|    add   |            ret_V_fu_158            |    0    |    23   |
|          |           ret_V_1_fu_186           |    0    |    31   |
|----------|------------------------------------|---------|---------|
|    sub   |          sub_ln712_fu_140          |    0    |    23   |
|----------|------------------------------------|---------|---------|
|  select  |            x_V_2_fu_146            |    0    |    16   |
|----------|------------------------------------|---------|---------|
|   icmp   |          icmp_ln30_fu_110          |    0    |    11   |
|----------|------------------------------------|---------|---------|
|   read   | numOfOutputNeurons_read_read_fu_70 |    0    |    0    |
|----------|------------------------------------|---------|---------|
|   zext   |          zext_ln32_fu_122          |    0    |    0    |
|----------|------------------------------------|---------|---------|
| bitselect|             tmp_fu_132             |    0    |    0    |
|----------|------------------------------------|---------|---------|
|   sext   |          sext_ln712_fu_154         |    0    |    0    |
|          |         sext_ln1201_fu_171         |    0    |    0    |
|----------|------------------------------------|---------|---------|
|bitconcatenate|             t_1_fu_164             |    0    |    0    |
|----------|------------------------------------|---------|---------|
|    shl   |            r_V_1_fu_180            |    0    |    0    |
|----------|------------------------------------|---------|---------|
|partselect|        trunc_ln717_1_fu_192        |    0    |    0    |
|----------|------------------------------------|---------|---------|
|   Total  |                                    |   1459  |   1231  |
|----------|------------------------------------|---------|---------|

Memories:
N/A

* Register list:
+---------------------+--------+
|                     |   FF   |
+---------------------+--------+
|      i_reg_202      |    8   |
|  icmp_ln30_reg_209  |    1   |
|output_V_addr_reg_218|    7   |
|    ret_V_reg_228    |   17   |
| sext_ln1201_reg_238 |   24   |
|     t_1_reg_233     |   24   |
|trunc_ln717_1_reg_243|   16   |
|     x_V_reg_223     |   16   |
|  zext_ln32_reg_213  |   64   |
+---------------------+--------+
|        Total        |   177  |
+---------------------+--------+

* Multiplexer (MUX) list: 
|------------------|------|------|------|--------||---------||---------|
|       Comp       |  Pin | Size |  BW  | S x BW ||  Delay  ||   LUT   |
|------------------|------|------|------|--------||---------||---------|
| grp_access_fu_83 |  p0  |   2  |   7  |   14   ||    9    |
|    grp_fu_174    |  p0  |   2  |  24  |   48   ||    9    |
|    grp_fu_174    |  p1  |   2  |  17  |   34   ||    9    |
|------------------|------|------|------|--------||---------||---------|
|       Total      |      |      |      |   96   ||  4.764  ||    27   |
|------------------|------|------|------|--------||---------||---------|



* Summary:
+-----------+--------+--------+--------+
|           |  Delay |   FF   |   LUT  |
+-----------+--------+--------+--------+
|  Function |    -   |  1459  |  1231  |
|   Memory  |    -   |    -   |    -   |
|Multiplexer|    4   |    -   |   27   |
|  Register |    -   |   177  |    -   |
+-----------+--------+--------+--------+
|   Total   |    4   |  1636  |  1258  |
+-----------+--------+--------+--------+
